23:16:29.519 INFO  manager.ApplicationManager - All tests run in Chrome Browser
23:16:29.721 INFO  manager.WDListener - Url-->https://telranedu.web.app/
23:16:30.477 INFO  manager.WDListener - Before find element -->By.xpath: //a[text() = 'LOGIN']
23:16:30.494 INFO  manager.WDListener - After find element -->By.xpath: //a[text() = 'LOGIN']
23:16:30.502 INFO  manager.WDListener - Location of element (2450, 34)
23:16:30.517 INFO  manager.WDListener - Before click element -->atext = LOGIN
23:16:30.562 INFO  manager.WDListener - After click element -->a
23:16:30.562 INFO  manager.WDListener - Before find element -->By.name: email
23:16:30.582 INFO  manager.WDListener - After find element -->By.name: email
23:16:30.586 INFO  manager.WDListener - Location of element (1080, 250)
23:16:30.586 INFO  manager.WDListener - Before click element -->inputtext = 
23:16:30.640 INFO  manager.WDListener - After click element -->input
23:16:30.702 INFO  manager.WDListener - sendKeys -->inputtext
23:16:30.702 INFO  manager.WDListener - Before find element -->By.xpath: //input[last()]
23:16:30.720 INFO  manager.WDListener - After find element -->By.xpath: //input[last()]
23:16:30.725 INFO  manager.WDListener - Location of element (1080, 320)
23:16:30.732 INFO  manager.WDListener - Before click element -->inputtext = 
23:16:30.765 INFO  manager.WDListener - After click element -->input
23:16:30.805 INFO  manager.WDListener - sendKeys -->inputtext
23:16:30.805 INFO  manager.WDListener - Before find element -->By.cssSelector: button[name='login']
23:16:30.828 INFO  manager.WDListener - After find element -->By.cssSelector: button[name='login']
23:16:30.833 INFO  manager.WDListener - Location of element (1080, 390)
23:16:30.840 INFO  manager.WDListener - Before click element -->buttontext = Login
23:16:30.906 INFO  manager.WDListener - Before find element -->By.xpath: //a[@href='/add']
23:16:32.315 INFO  manager.WDListener - After find element -->By.xpath: //a[@href='/add']
23:16:32.320 INFO  manager.WDListener - Location of element (2023, 34)
23:16:32.336 INFO  manager.WDListener - Before click element -->atext = ADD
23:16:32.388 INFO  manager.WDListener - After click element -->a
23:16:32.388 INFO  manager.WDListener - Before find element -->By.xpath: //input[@placeholder='Name']
23:16:32.401 INFO  manager.WDListener - After find element -->By.xpath: //input[@placeholder='Name']
23:16:32.410 INFO  manager.WDListener - Location of element (396, 165)
23:16:32.466 INFO  manager.WDListener - sendKeys -->inputtext
23:16:32.466 INFO  manager.WDListener - Before find element -->By.xpath: //input[@placeholder='Last Name']
23:16:32.478 INFO  manager.WDListener - After find element -->By.xpath: //input[@placeholder='Last Name']
23:16:32.484 INFO  manager.WDListener - Location of element (396, 239)
23:16:32.495 INFO  manager.WDListener - Before click element -->inputtext = 
23:16:32.537 INFO  manager.WDListener - After click element -->input
23:16:32.577 INFO  manager.WDListener - sendKeys -->inputtext
23:16:32.578 INFO  manager.WDListener - Before find element -->By.xpath: //input[@placeholder='Phone']
23:16:32.590 INFO  manager.WDListener - After find element -->By.xpath: //input[@placeholder='Phone']
23:16:32.595 INFO  manager.WDListener - Location of element (396, 313)
23:16:32.602 INFO  manager.WDListener - Before click element -->inputtext = 
23:16:32.641 INFO  manager.WDListener - After click element -->input
23:16:32.689 INFO  manager.WDListener - sendKeys -->inputtext
23:16:32.689 INFO  manager.WDListener - Before find element -->By.xpath: //input[@placeholder='email']
23:16:32.704 INFO  manager.WDListener - After find element -->By.xpath: //input[@placeholder='email']
23:16:32.710 INFO  manager.WDListener - Location of element (396, 387)
23:16:32.716 INFO  manager.WDListener - Before click element -->inputtext = 
23:16:32.743 INFO  manager.WDListener - After click element -->input
23:16:32.788 INFO  manager.WDListener - sendKeys -->inputtext
23:16:32.788 INFO  manager.WDListener - Before find element -->By.xpath: //input[@placeholder='Address']
23:16:32.806 INFO  manager.WDListener - After find element -->By.xpath: //input[@placeholder='Address']
23:16:32.810 INFO  manager.WDListener - Location of element (396, 461)
23:16:32.824 INFO  manager.WDListener - Before click element -->inputtext = 
23:16:32.858 INFO  manager.WDListener - After click element -->input
23:16:32.888 INFO  manager.WDListener - sendKeys -->inputtext
23:16:32.888 INFO  manager.WDListener - Before find element -->By.xpath: //input[@placeholder='description']
23:16:32.907 INFO  manager.WDListener - After find element -->By.xpath: //input[@placeholder='description']
23:16:32.913 INFO  manager.WDListener - Location of element (396, 535)
23:16:32.921 INFO  manager.WDListener - Before click element -->inputtext = 
23:16:32.955 INFO  manager.WDListener - After click element -->input
23:16:32.989 INFO  manager.WDListener - sendKeys -->inputtext
23:16:32.989 INFO  manager.WDListener - Before find element -->By.xpath: //*[text()='Save']
23:16:33.009 INFO  manager.WDListener - After find element -->By.xpath: //*[text()='Save']
23:16:33.014 INFO  manager.WDListener - Location of element (1271, 622)
23:16:33.029 INFO  manager.WDListener - Before click element -->btext = Save
23:16:33.062 INFO  manager.WDListener - After click element -->b
23:16:33.062 INFO  manager.WDListener - Before find element -->By.xpath: //a[@href='/add']
23:16:33.068 INFO  manager.WDListener - After find element -->By.xpath: //a[@href='/add']
23:16:33.077 INFO  manager.WDListener - Location of element (2021, 33)
23:16:33.602 INFO  manager.WDListener - Before find element -->By.xpath: //a[@href='/add']
23:16:33.610 INFO  manager.WDListener - After find element -->By.xpath: //a[@href='/add']
23:16:33.615 INFO  manager.WDListener - Location of element (2023, 34)
23:16:33.633 INFO  manager.WDListener - Before click element -->atext = ADD
23:16:33.665 INFO  manager.WDListener - After click element -->a
23:16:33.665 INFO  manager.WDListener - Before find element -->By.xpath: //input[@placeholder='Name']
23:16:33.676 INFO  manager.WDListener - After find element -->By.xpath: //input[@placeholder='Name']
23:16:33.681 INFO  manager.WDListener - Location of element (396, 165)
23:16:33.738 INFO  manager.WDListener - sendKeys -->inputtext
23:16:33.738 INFO  manager.WDListener - Before find element -->By.xpath: //input[@placeholder='Last Name']
23:16:33.750 INFO  manager.WDListener - After find element -->By.xpath: //input[@placeholder='Last Name']
23:16:33.758 INFO  manager.WDListener - Location of element (396, 239)
23:16:33.766 INFO  manager.WDListener - Before click element -->inputtext = 
23:16:33.818 INFO  manager.WDListener - After click element -->input
23:16:33.856 INFO  manager.WDListener - sendKeys -->inputtext
23:16:33.856 INFO  manager.WDListener - Before find element -->By.xpath: //input[@placeholder='Phone']
23:16:33.877 INFO  manager.WDListener - After find element -->By.xpath: //input[@placeholder='Phone']
23:16:33.882 INFO  manager.WDListener - Location of element (396, 313)
23:16:33.889 INFO  manager.WDListener - Before click element -->inputtext = 
23:16:33.907 INFO  manager.WDListener - After click element -->input
23:16:33.956 INFO  manager.WDListener - sendKeys -->inputtext
23:16:33.956 INFO  manager.WDListener - Before find element -->By.xpath: //input[@placeholder='email']
23:16:33.976 INFO  manager.WDListener - After find element -->By.xpath: //input[@placeholder='email']
23:16:33.981 INFO  manager.WDListener - Location of element (396, 387)
23:16:33.987 INFO  manager.WDListener - Before click element -->inputtext = 
23:16:34.023 INFO  manager.WDListener - After click element -->input
23:16:34.090 INFO  manager.WDListener - sendKeys -->inputtext
23:16:34.090 INFO  manager.WDListener - Before find element -->By.xpath: //input[@placeholder='Address']
23:16:34.090 INFO  manager.WDListener - After find element -->By.xpath: //input[@placeholder='Address']
23:16:34.108 INFO  manager.WDListener - Location of element (396, 461)
23:16:34.114 INFO  manager.WDListener - Before click element -->inputtext = 
23:16:34.145 INFO  manager.WDListener - After click element -->input
23:16:34.191 INFO  manager.WDListener - sendKeys -->inputtext
23:16:34.191 INFO  manager.WDListener - Before find element -->By.xpath: //input[@placeholder='description']
23:16:34.194 INFO  manager.WDListener - After find element -->By.xpath: //input[@placeholder='description']
23:16:34.207 INFO  manager.WDListener - Location of element (396, 535)
23:16:34.214 INFO  manager.WDListener - Before click element -->inputtext = 
23:16:34.250 INFO  manager.WDListener - After click element -->input
23:16:34.310 INFO  manager.WDListener - sendKeys -->inputtext
23:16:34.310 INFO  manager.WDListener - Before find element -->By.xpath: //*[text()='Save']
23:16:34.316 INFO  manager.WDListener - After find element -->By.xpath: //*[text()='Save']
23:16:34.321 INFO  manager.WDListener - Location of element (1271, 622)
23:16:34.335 INFO  manager.WDListener - Before click element -->btext = Save
23:16:34.364 INFO  manager.WDListener - After click element -->b
23:16:34.364 INFO  manager.WDListener - Before find element -->By.xpath: //a[@href='/add']
23:16:34.379 INFO  manager.WDListener - After find element -->By.xpath: //a[@href='/add']
23:16:34.385 INFO  manager.WDListener - Location of element (2021, 33)
23:16:34.904 INFO  manager.WDListener - Before find element -->By.xpath: //a[@href='/add']
23:16:34.908 INFO  manager.WDListener - After find element -->By.xpath: //a[@href='/add']
23:16:34.908 INFO  manager.WDListener - Location of element (2023, 34)
23:16:34.925 INFO  manager.WDListener - Before click element -->atext = ADD
23:16:34.966 INFO  manager.WDListener - After click element -->a
23:16:34.966 INFO  manager.WDListener - Before find element -->By.xpath: //input[@placeholder='Name']
23:16:34.974 INFO  manager.WDListener - After find element -->By.xpath: //input[@placeholder='Name']
23:16:34.981 INFO  manager.WDListener - Location of element (396, 165)
23:16:35.042 INFO  manager.WDListener - sendKeys -->inputtext
23:16:35.043 INFO  manager.WDListener - Before find element -->By.xpath: //input[@placeholder='Last Name']
23:16:35.049 INFO  manager.WDListener - After find element -->By.xpath: //input[@placeholder='Last Name']
23:16:35.055 INFO  manager.WDListener - Location of element (396, 239)
23:16:35.065 INFO  manager.WDListener - Before click element -->inputtext = 
23:16:35.103 INFO  manager.WDListener - After click element -->input
23:16:35.147 INFO  manager.WDListener - sendKeys -->inputtext
23:16:35.148 INFO  manager.WDListener - Before find element -->By.xpath: //input[@placeholder='Phone']
23:16:35.154 INFO  manager.WDListener - After find element -->By.xpath: //input[@placeholder='Phone']
23:16:35.160 INFO  manager.WDListener - Location of element (396, 313)
23:16:35.166 INFO  manager.WDListener - Before click element -->inputtext = 
23:16:35.197 INFO  manager.WDListener - After click element -->input
23:16:35.226 INFO  manager.WDListener - sendKeys -->inputtext
23:16:35.226 INFO  manager.WDListener - Before find element -->By.xpath: //input[@placeholder='email']
23:16:35.241 INFO  manager.WDListener - After find element -->By.xpath: //input[@placeholder='email']
23:16:35.253 INFO  manager.WDListener - Location of element (396, 387)
23:16:35.260 INFO  manager.WDListener - Before click element -->inputtext = 
23:16:35.291 INFO  manager.WDListener - After click element -->input
23:16:35.325 INFO  manager.WDListener - sendKeys -->inputtext
23:16:35.325 INFO  manager.WDListener - Before find element -->By.xpath: //input[@placeholder='Address']
23:16:35.341 INFO  manager.WDListener - After find element -->By.xpath: //input[@placeholder='Address']
23:16:35.346 INFO  manager.WDListener - Location of element (396, 461)
23:16:35.352 INFO  manager.WDListener - Before click element -->inputtext = 
23:16:35.381 INFO  manager.WDListener - After click element -->input
23:16:35.434 INFO  manager.WDListener - sendKeys -->inputtext
23:16:35.434 INFO  manager.WDListener - Before find element -->By.xpath: //input[@placeholder='description']
23:16:35.440 INFO  manager.WDListener - After find element -->By.xpath: //input[@placeholder='description']
23:16:35.444 INFO  manager.WDListener - Location of element (396, 535)
23:16:35.451 INFO  manager.WDListener - Before click element -->inputtext = 
23:16:35.475 INFO  manager.WDListener - After click element -->input
23:16:35.526 INFO  manager.WDListener - sendKeys -->inputtext
23:16:35.526 INFO  manager.WDListener - Before find element -->By.xpath: //*[text()='Save']
23:16:35.526 INFO  manager.WDListener - After find element -->By.xpath: //*[text()='Save']
23:16:35.547 INFO  manager.WDListener - Location of element (1271, 622)
23:16:35.562 INFO  manager.WDListener - Before click element -->btext = Save
23:16:35.591 INFO  manager.WDListener - After click element -->b
23:16:35.591 INFO  manager.WDListener - Before find element -->By.xpath: //a[@href='/add']
23:16:35.600 INFO  manager.WDListener - After find element -->By.xpath: //a[@href='/add']
23:16:35.610 INFO  manager.WDListener - Location of element (2021, 33)
23:16:36.123 INFO  manager.WDListener - Before find element -->By.xpath: //a[@href='/add']
23:16:36.130 INFO  manager.WDListener - After find element -->By.xpath: //a[@href='/add']
23:16:36.135 INFO  manager.WDListener - Location of element (2023, 34)
23:16:36.145 INFO  manager.WDListener - Before click element -->atext = ADD
23:16:36.186 INFO  manager.WDListener - After click element -->a
23:16:36.186 INFO  manager.WDListener - Before find element -->By.xpath: //input[@placeholder='Name']
23:16:36.196 INFO  manager.WDListener - After find element -->By.xpath: //input[@placeholder='Name']
23:16:36.204 INFO  manager.WDListener - Location of element (396, 165)
23:16:36.264 INFO  manager.WDListener - sendKeys -->inputtext
23:16:36.264 INFO  manager.WDListener - Before find element -->By.xpath: //input[@placeholder='Last Name']
23:16:36.272 INFO  manager.WDListener - After find element -->By.xpath: //input[@placeholder='Last Name']
23:16:36.279 INFO  manager.WDListener - Location of element (396, 239)
23:16:36.286 INFO  manager.WDListener - Before click element -->inputtext = 
23:16:36.318 INFO  manager.WDListener - After click element -->input
23:16:36.355 INFO  manager.WDListener - sendKeys -->inputtext
23:16:36.355 INFO  manager.WDListener - Before find element -->By.xpath: //input[@placeholder='Phone']
23:16:36.364 INFO  manager.WDListener - After find element -->By.xpath: //input[@placeholder='Phone']
23:16:36.371 INFO  manager.WDListener - Location of element (396, 313)
23:16:36.377 INFO  manager.WDListener - Before click element -->inputtext = 
23:16:36.410 INFO  manager.WDListener - After click element -->input
23:16:36.442 INFO  manager.WDListener - sendKeys -->inputtext
23:16:36.442 INFO  manager.WDListener - Before find element -->By.xpath: //input[@placeholder='email']
23:16:36.459 INFO  manager.WDListener - After find element -->By.xpath: //input[@placeholder='email']
23:16:36.459 INFO  manager.WDListener - Location of element (396, 387)
23:16:36.459 INFO  manager.WDListener - Before click element -->inputtext = 
23:16:36.493 INFO  manager.WDListener - After click element -->input
23:16:36.536 INFO  manager.WDListener - sendKeys -->inputtext
23:16:36.536 INFO  manager.WDListener - Before find element -->By.xpath: //input[@placeholder='Address']
23:16:36.542 INFO  manager.WDListener - After find element -->By.xpath: //input[@placeholder='Address']
23:16:36.542 INFO  manager.WDListener - Location of element (396, 461)
23:16:36.560 INFO  manager.WDListener - Before click element -->inputtext = 
23:16:36.581 INFO  manager.WDListener - After click element -->input
23:16:36.625 INFO  manager.WDListener - sendKeys -->inputtext
23:16:36.625 INFO  manager.WDListener - Before find element -->By.xpath: //input[@placeholder='description']
23:16:36.627 INFO  manager.WDListener - After find element -->By.xpath: //input[@placeholder='description']
23:16:36.627 INFO  manager.WDListener - Location of element (396, 535)
23:16:36.644 INFO  manager.WDListener - Before click element -->inputtext = 
23:16:36.666 INFO  manager.WDListener - After click element -->input
23:16:36.727 INFO  manager.WDListener - sendKeys -->inputtext
23:16:36.727 INFO  manager.WDListener - Before find element -->By.xpath: //*[text()='Save']
23:16:36.727 INFO  manager.WDListener - After find element -->By.xpath: //*[text()='Save']
23:16:36.727 INFO  manager.WDListener - Location of element (1271, 622)
23:16:36.755 INFO  manager.WDListener - Before click element -->btext = Save
23:16:36.803 INFO  manager.WDListener - After click element -->b
23:16:36.803 INFO  manager.WDListener - Before find element -->By.xpath: //a[@href='/add']
23:16:36.813 INFO  manager.WDListener - After find element -->By.xpath: //a[@href='/add']
23:16:36.819 INFO  manager.WDListener - Location of element (2021, 33)
23:16:37.332 INFO  manager.WDListener - Before find element -->By.xpath: //a[@href='/add']
23:16:37.332 INFO  manager.WDListener - After find element -->By.xpath: //a[@href='/add']
23:16:37.345 INFO  manager.WDListener - Location of element (2023, 34)
23:16:37.359 INFO  manager.WDListener - Before click element -->atext = ADD
23:16:37.391 INFO  manager.WDListener - After click element -->a
23:16:37.391 INFO  manager.WDListener - Before find element -->By.xpath: //input[@placeholder='Name']
23:16:37.398 INFO  manager.WDListener - After find element -->By.xpath: //input[@placeholder='Name']
23:16:37.406 INFO  manager.WDListener - Location of element (396, 165)
23:16:37.473 INFO  manager.WDListener - sendKeys -->inputtext
23:16:37.473 INFO  manager.WDListener - Before find element -->By.xpath: //input[@placeholder='Last Name']
23:16:37.496 INFO  manager.WDListener - After find element -->By.xpath: //input[@placeholder='Last Name']
23:16:37.501 INFO  manager.WDListener - Location of element (396, 239)
23:16:37.506 INFO  manager.WDListener - Before click element -->inputtext = 
23:16:37.537 INFO  manager.WDListener - After click element -->input
23:16:37.577 INFO  manager.WDListener - sendKeys -->inputtext
23:16:37.577 INFO  manager.WDListener - Before find element -->By.xpath: //input[@placeholder='Phone']
23:16:37.583 INFO  manager.WDListener - After find element -->By.xpath: //input[@placeholder='Phone']
23:16:37.588 INFO  manager.WDListener - Location of element (396, 313)
23:16:37.595 INFO  manager.WDListener - Before click element -->inputtext = 
23:16:37.624 INFO  manager.WDListener - After click element -->input
23:16:37.660 INFO  manager.WDListener - sendKeys -->inputtext
23:16:37.660 INFO  manager.WDListener - Before find element -->By.xpath: //input[@placeholder='email']
23:16:37.668 INFO  manager.WDListener - After find element -->By.xpath: //input[@placeholder='email']
23:16:37.678 INFO  manager.WDListener - Location of element (396, 387)
23:16:37.686 INFO  manager.WDListener - Before click element -->inputtext = 
23:16:37.712 INFO  manager.WDListener - After click element -->input
23:16:37.755 INFO  manager.WDListener - sendKeys -->inputtext
23:16:37.755 INFO  manager.WDListener - Before find element -->By.xpath: //input[@placeholder='Address']
23:16:37.764 INFO  manager.WDListener - After find element -->By.xpath: //input[@placeholder='Address']
23:16:37.764 INFO  manager.WDListener - Location of element (396, 461)
23:16:37.774 INFO  manager.WDListener - Before click element -->inputtext = 
23:16:37.803 INFO  manager.WDListener - After click element -->input
23:16:37.843 INFO  manager.WDListener - sendKeys -->inputtext
23:16:37.843 INFO  manager.WDListener - Before find element -->By.xpath: //input[@placeholder='description']
23:16:37.854 INFO  manager.WDListener - After find element -->By.xpath: //input[@placeholder='description']
23:16:37.864 INFO  manager.WDListener - Location of element (396, 535)
23:16:37.870 INFO  manager.WDListener - Before click element -->inputtext = 
23:16:37.898 INFO  manager.WDListener - After click element -->input
23:16:37.943 INFO  manager.WDListener - sendKeys -->inputtext
23:16:37.943 INFO  manager.WDListener - Before find element -->By.xpath: //*[text()='Save']
23:16:37.943 INFO  manager.WDListener - After find element -->By.xpath: //*[text()='Save']
23:16:37.963 INFO  manager.WDListener - Location of element (1271, 622)
23:16:37.980 INFO  manager.WDListener - Before click element -->btext = Save
23:16:38.010 INFO  manager.WDListener - After click element -->b
23:16:38.010 INFO  manager.WDListener - Before find element -->By.xpath: //a[@href='/add']
23:16:38.010 INFO  manager.WDListener - After find element -->By.xpath: //a[@href='/add']
23:16:38.032 INFO  manager.WDListener - Location of element (2021, 33)
23:16:38.558 INFO  manager.WDListener - Before find element -->By.xpath: //a[@href='/add']
23:16:38.560 INFO  manager.WDListener - After find element -->By.xpath: //a[@href='/add']
23:16:38.560 INFO  manager.WDListener - Location of element (2023, 34)
23:16:38.590 INFO  manager.WDListener - Before click element -->atext = ADD
23:16:38.629 INFO  manager.WDListener - After click element -->a
23:16:38.629 INFO  manager.WDListener - Before find element -->By.xpath: //input[@placeholder='Name']
23:16:38.643 INFO  manager.WDListener - After find element -->By.xpath: //input[@placeholder='Name']
23:16:38.653 INFO  manager.WDListener - Location of element (396, 165)
23:16:38.728 INFO  manager.WDListener - sendKeys -->inputtext
23:16:38.728 INFO  manager.WDListener - Before find element -->By.xpath: //input[@placeholder='Last Name']
23:16:38.738 INFO  manager.WDListener - After find element -->By.xpath: //input[@placeholder='Last Name']
23:16:38.746 INFO  manager.WDListener - Location of element (396, 239)
23:16:38.753 INFO  manager.WDListener - Before click element -->inputtext = 
23:16:38.796 INFO  manager.WDListener - After click element -->input
23:16:38.836 INFO  manager.WDListener - sendKeys -->inputtext
23:16:38.837 INFO  manager.WDListener - Before find element -->By.xpath: //input[@placeholder='Phone']
23:16:38.848 INFO  manager.WDListener - After find element -->By.xpath: //input[@placeholder='Phone']
23:16:38.852 INFO  manager.WDListener - Location of element (396, 313)
23:16:38.860 INFO  manager.WDListener - Before click element -->inputtext = 
23:16:38.901 INFO  manager.WDListener - After click element -->input
23:16:38.960 INFO  manager.WDListener - sendKeys -->inputtext
23:16:38.960 INFO  manager.WDListener - Before find element -->By.xpath: //input[@placeholder='email']
23:16:38.960 INFO  manager.WDListener - After find element -->By.xpath: //input[@placeholder='email']
23:16:38.977 INFO  manager.WDListener - Location of element (396, 387)
23:16:38.985 INFO  manager.WDListener - Before click element -->inputtext = 
23:16:39.020 INFO  manager.WDListener - After click element -->input
23:16:39.071 INFO  manager.WDListener - sendKeys -->inputtext
23:16:39.071 INFO  manager.WDListener - Before find element -->By.xpath: //input[@placeholder='Address']
23:16:39.082 INFO  manager.WDListener - After find element -->By.xpath: //input[@placeholder='Address']
23:16:39.087 INFO  manager.WDListener - Location of element (396, 461)
23:16:39.095 INFO  manager.WDListener - Before click element -->inputtext = 
23:16:39.130 INFO  manager.WDListener - After click element -->input
23:16:39.162 INFO  manager.WDListener - sendKeys -->inputtext
23:16:39.162 INFO  manager.WDListener - Before find element -->By.xpath: //input[@placeholder='description']
23:16:39.177 INFO  manager.WDListener - After find element -->By.xpath: //input[@placeholder='description']
23:16:39.187 INFO  manager.WDListener - Location of element (396, 535)
23:16:39.197 INFO  manager.WDListener - Before click element -->inputtext = 
23:16:39.232 INFO  manager.WDListener - After click element -->input
23:16:39.279 INFO  manager.WDListener - sendKeys -->inputtext
23:16:39.279 INFO  manager.WDListener - Before find element -->By.xpath: //*[text()='Save']
23:16:39.287 INFO  manager.WDListener - After find element -->By.xpath: //*[text()='Save']
23:16:39.293 INFO  manager.WDListener - Location of element (1271, 622)
23:16:39.309 INFO  manager.WDListener - Before click element -->btext = Save
23:16:39.329 INFO  manager.WDListener - After click element -->b
23:16:39.329 INFO  manager.WDListener - Before find element -->By.xpath: //a[@href='/add']
23:16:39.342 INFO  manager.WDListener - After find element -->By.xpath: //a[@href='/add']
23:16:39.344 INFO  manager.WDListener - Location of element (2021, 33)
23:16:39.952 INFO  tests.TestBase - === Starting test: removeAllContacts ===
23:16:39.952 INFO  manager.TestNGListener - Start test --->removeAllContacts
23:16:40.029 INFO  manager.WDListener - Before click element -->divtext = John1162
88005553531027
23:16:40.064 INFO  manager.WDListener - After click element -->div
23:16:40.064 INFO  manager.WDListener - Before find element -->By.cssSelector: .contact-item_card__2SOIM
23:16:40.078 INFO  manager.WDListener - After find element -->By.cssSelector: .contact-item_card__2SOIM
23:16:40.084 INFO  manager.WDListener - Location of element (384, 150)
23:16:40.091 INFO  manager.WDListener - Before click element -->divtext = John1162
88005553531027
23:16:40.112 INFO  manager.WDListener - After click element -->div
23:16:40.112 INFO  manager.WDListener - Before find element -->By.xpath: //button[text()='Remove']
23:16:40.131 INFO  manager.WDListener - After find element -->By.xpath: //button[text()='Remove']
23:16:40.136 INFO  manager.WDListener - Location of element (1141, 371)
23:16:40.152 INFO  manager.WDListener - Before click element -->buttontext = Remove
23:16:40.184 INFO  manager.WDListener - After click element -->button
23:16:40.715 INFO  manager.WDListener - Huston, we have a problem!
23:16:40.715 INFO  manager.WDListener - Object target --> [[ChromeDriver: chrome on windows (53924c865e8accebf021949383a7be6f)] -> xpath: //button[text()='Remove']]
23:16:40.715 INFO  manager.WDListener - ******************************
23:16:40.715 INFO  manager.WDListener - Method name -->isDisplayed
23:16:40.715 INFO  manager.WDListener - ******************************
23:16:40.715 INFO  manager.WDListener - InvocationTargetExceptionorg.openqa.selenium.StaleElementReferenceException: stale element reference: stale element not found in the current frame
  (Session info: chrome=137.0.7151.104)
For documentation on this error, please visit: https://www.selenium.dev/documentation/webdriver/troubleshooting/errors#stale-element-reference-exception
Build info: version: '4.16.1', revision: '9b4c83354e'
System info: os.name: 'Windows 11', os.arch: 'amd64', os.version: '10.0', java.version: '11.0.21'
Driver info: org.openqa.selenium.chrome.ChromeDriver
Command: [53924c865e8accebf021949383a7be6f, isElementDisplayed {id=f.8DEB070C6DE5F5E606CD538EB30B777E.d.15FF2148637065ECB5932557A8D78DB0.e.477}]
Capabilities {acceptInsecureCerts: false, browserName: chrome, browserVersion: 137.0.7151.104, chrome: {chromedriverVersion: 137.0.7151.40 (84781974514a..., userDataDir: C:\Users\kalin\AppData\Loca...}, fedcm:accounts: true, goog:chromeOptions: {debuggerAddress: localhost:57924}, networkConnectionEnabled: false, pageLoadStrategy: normal, platformName: windows, proxy: Proxy(), se:cdp: ws://localhost:57924/devtoo..., se:cdpVersion: 137.0.7151.104, setWindowRect: true, strictFileInteractability: false, timeouts: {implicit: 0, pageLoad: 300000, script: 30000}, unhandledPromptBehavior: dismiss and notify, webauthn:extension:credBlob: true, webauthn:extension:largeBlob: true, webauthn:extension:minPinLength: true, webauthn:extension:prf: true, webauthn:virtualAuthenticators: true}
Element: [[ChromeDriver: chrome on windows (53924c865e8accebf021949383a7be6f)] -> xpath: //button[text()='Remove']]
Session ID: 53924c865e8accebf021949383a7be6f
23:16:40.715 INFO  manager.WDListener - ******************************
23:16:40.793 INFO  manager.WDListener - Before click element -->divtext = John1162
88005553531027
23:16:40.826 INFO  manager.WDListener - After click element -->div
23:16:40.826 INFO  manager.WDListener - Before find element -->By.cssSelector: .contact-item_card__2SOIM
23:16:40.833 INFO  manager.WDListener - After find element -->By.cssSelector: .contact-item_card__2SOIM
23:16:40.833 INFO  manager.WDListener - Location of element (384, 150)
23:16:40.845 INFO  manager.WDListener - Before click element -->divtext = John1858
88005553531259
23:16:40.873 INFO  manager.WDListener - After click element -->div
23:16:40.873 INFO  manager.WDListener - Before find element -->By.xpath: //button[text()='Remove']
23:16:40.880 INFO  manager.WDListener - After find element -->By.xpath: //button[text()='Remove']
23:16:40.881 INFO  manager.WDListener - Location of element (1141, 371)
23:16:40.902 INFO  manager.WDListener - Before click element -->buttontext = Remove
23:16:40.944 INFO  manager.WDListener - After click element -->button
23:16:41.466 INFO  manager.WDListener - Huston, we have a problem!
23:16:41.466 INFO  manager.WDListener - Object target --> [[ChromeDriver: chrome on windows (53924c865e8accebf021949383a7be6f)] -> xpath: //button[text()='Remove']]
23:16:41.466 INFO  manager.WDListener - ******************************
23:16:41.466 INFO  manager.WDListener - Method name -->isDisplayed
23:16:41.466 INFO  manager.WDListener - ******************************
23:16:41.466 INFO  manager.WDListener - InvocationTargetExceptionorg.openqa.selenium.StaleElementReferenceException: stale element reference: stale element not found in the current frame
  (Session info: chrome=137.0.7151.104)
For documentation on this error, please visit: https://www.selenium.dev/documentation/webdriver/troubleshooting/errors#stale-element-reference-exception
Build info: version: '4.16.1', revision: '9b4c83354e'
System info: os.name: 'Windows 11', os.arch: 'amd64', os.version: '10.0', java.version: '11.0.21'
Driver info: org.openqa.selenium.chrome.ChromeDriver
Command: [53924c865e8accebf021949383a7be6f, isElementDisplayed {id=f.8DEB070C6DE5F5E606CD538EB30B777E.d.15FF2148637065ECB5932557A8D78DB0.e.505}]
Capabilities {acceptInsecureCerts: false, browserName: chrome, browserVersion: 137.0.7151.104, chrome: {chromedriverVersion: 137.0.7151.40 (84781974514a..., userDataDir: C:\Users\kalin\AppData\Loca...}, fedcm:accounts: true, goog:chromeOptions: {debuggerAddress: localhost:57924}, networkConnectionEnabled: false, pageLoadStrategy: normal, platformName: windows, proxy: Proxy(), se:cdp: ws://localhost:57924/devtoo..., se:cdpVersion: 137.0.7151.104, setWindowRect: true, strictFileInteractability: false, timeouts: {implicit: 0, pageLoad: 300000, script: 30000}, unhandledPromptBehavior: dismiss and notify, webauthn:extension:credBlob: true, webauthn:extension:largeBlob: true, webauthn:extension:minPinLength: true, webauthn:extension:prf: true, webauthn:virtualAuthenticators: true}
Element: [[ChromeDriver: chrome on windows (53924c865e8accebf021949383a7be6f)] -> xpath: //button[text()='Remove']]
Session ID: 53924c865e8accebf021949383a7be6f
23:16:41.466 INFO  manager.WDListener - ******************************
23:16:41.513 INFO  manager.WDListener - Before click element -->divtext = John1858
88005553531259
23:16:41.560 INFO  manager.WDListener - After click element -->div
23:16:41.560 INFO  manager.WDListener - Before find element -->By.cssSelector: .contact-item_card__2SOIM
23:16:41.564 INFO  manager.WDListener - After find element -->By.cssSelector: .contact-item_card__2SOIM
23:16:41.564 INFO  manager.WDListener - Location of element (384, 150)
23:16:41.580 INFO  manager.WDListener - Before click element -->divtext = John1498
88005553531149
23:16:41.608 INFO  manager.WDListener - After click element -->div
23:16:41.608 INFO  manager.WDListener - Before find element -->By.xpath: //button[text()='Remove']
23:16:41.615 INFO  manager.WDListener - After find element -->By.xpath: //button[text()='Remove']
23:16:41.615 INFO  manager.WDListener - Location of element (1141, 371)
23:16:41.637 INFO  manager.WDListener - Before click element -->buttontext = Remove
23:16:41.662 INFO  manager.WDListener - After click element -->button
23:16:42.184 INFO  manager.WDListener - Huston, we have a problem!
23:16:42.184 INFO  manager.WDListener - Object target --> [[ChromeDriver: chrome on windows (53924c865e8accebf021949383a7be6f)] -> xpath: //button[text()='Remove']]
23:16:42.184 INFO  manager.WDListener - ******************************
23:16:42.184 INFO  manager.WDListener - Method name -->isDisplayed
23:16:42.184 INFO  manager.WDListener - ******************************
23:16:42.184 INFO  manager.WDListener - InvocationTargetExceptionorg.openqa.selenium.StaleElementReferenceException: stale element reference: stale element not found in the current frame
  (Session info: chrome=137.0.7151.104)
For documentation on this error, please visit: https://www.selenium.dev/documentation/webdriver/troubleshooting/errors#stale-element-reference-exception
Build info: version: '4.16.1', revision: '9b4c83354e'
System info: os.name: 'Windows 11', os.arch: 'amd64', os.version: '10.0', java.version: '11.0.21'
Driver info: org.openqa.selenium.chrome.ChromeDriver
Command: [53924c865e8accebf021949383a7be6f, isElementDisplayed {id=f.8DEB070C6DE5F5E606CD538EB30B777E.d.15FF2148637065ECB5932557A8D78DB0.e.533}]
Capabilities {acceptInsecureCerts: false, browserName: chrome, browserVersion: 137.0.7151.104, chrome: {chromedriverVersion: 137.0.7151.40 (84781974514a..., userDataDir: C:\Users\kalin\AppData\Loca...}, fedcm:accounts: true, goog:chromeOptions: {debuggerAddress: localhost:57924}, networkConnectionEnabled: false, pageLoadStrategy: normal, platformName: windows, proxy: Proxy(), se:cdp: ws://localhost:57924/devtoo..., se:cdpVersion: 137.0.7151.104, setWindowRect: true, strictFileInteractability: false, timeouts: {implicit: 0, pageLoad: 300000, script: 30000}, unhandledPromptBehavior: dismiss and notify, webauthn:extension:credBlob: true, webauthn:extension:largeBlob: true, webauthn:extension:minPinLength: true, webauthn:extension:prf: true, webauthn:virtualAuthenticators: true}
Element: [[ChromeDriver: chrome on windows (53924c865e8accebf021949383a7be6f)] -> xpath: //button[text()='Remove']]
Session ID: 53924c865e8accebf021949383a7be6f
23:16:42.184 INFO  manager.WDListener - ******************************
23:16:42.231 INFO  manager.WDListener - Before click element -->divtext = John1498
88005553531149
23:16:42.265 INFO  manager.WDListener - After click element -->div
23:16:42.265 INFO  manager.WDListener - Before find element -->By.cssSelector: .contact-item_card__2SOIM
23:16:42.273 INFO  manager.WDListener - After find element -->By.cssSelector: .contact-item_card__2SOIM
23:16:42.281 INFO  manager.WDListener - Location of element (384, 150)
23:16:42.289 INFO  manager.WDListener - Before click element -->divtext = John1498
88005553531149
23:16:42.319 INFO  manager.WDListener - After click element -->div
23:16:42.319 INFO  manager.WDListener - Before find element -->By.xpath: //button[text()='Remove']
23:16:42.325 INFO  manager.WDListener - After find element -->By.xpath: //button[text()='Remove']
23:16:42.332 INFO  manager.WDListener - Location of element (1141, 371)
23:16:42.346 INFO  manager.WDListener - Before click element -->buttontext = Remove
23:16:42.374 INFO  manager.WDListener - After click element -->button
23:16:42.897 INFO  manager.WDListener - Huston, we have a problem!
23:16:42.897 INFO  manager.WDListener - Object target --> [[ChromeDriver: chrome on windows (53924c865e8accebf021949383a7be6f)] -> xpath: //button[text()='Remove']]
23:16:42.897 INFO  manager.WDListener - ******************************
23:16:42.897 INFO  manager.WDListener - Method name -->isDisplayed
23:16:42.897 INFO  manager.WDListener - ******************************
23:16:42.897 INFO  manager.WDListener - InvocationTargetExceptionorg.openqa.selenium.StaleElementReferenceException: stale element reference: stale element not found in the current frame
  (Session info: chrome=137.0.7151.104)
For documentation on this error, please visit: https://www.selenium.dev/documentation/webdriver/troubleshooting/errors#stale-element-reference-exception
Build info: version: '4.16.1', revision: '9b4c83354e'
System info: os.name: 'Windows 11', os.arch: 'amd64', os.version: '10.0', java.version: '11.0.21'
Driver info: org.openqa.selenium.chrome.ChromeDriver
Command: [53924c865e8accebf021949383a7be6f, isElementDisplayed {id=f.8DEB070C6DE5F5E606CD538EB30B777E.d.15FF2148637065ECB5932557A8D78DB0.e.560}]
Capabilities {acceptInsecureCerts: false, browserName: chrome, browserVersion: 137.0.7151.104, chrome: {chromedriverVersion: 137.0.7151.40 (84781974514a..., userDataDir: C:\Users\kalin\AppData\Loca...}, fedcm:accounts: true, goog:chromeOptions: {debuggerAddress: localhost:57924}, networkConnectionEnabled: false, pageLoadStrategy: normal, platformName: windows, proxy: Proxy(), se:cdp: ws://localhost:57924/devtoo..., se:cdpVersion: 137.0.7151.104, setWindowRect: true, strictFileInteractability: false, timeouts: {implicit: 0, pageLoad: 300000, script: 30000}, unhandledPromptBehavior: dismiss and notify, webauthn:extension:credBlob: true, webauthn:extension:largeBlob: true, webauthn:extension:minPinLength: true, webauthn:extension:prf: true, webauthn:virtualAuthenticators: true}
Element: [[ChromeDriver: chrome on windows (53924c865e8accebf021949383a7be6f)] -> xpath: //button[text()='Remove']]
Session ID: 53924c865e8accebf021949383a7be6f
23:16:42.897 INFO  manager.WDListener - ******************************
23:16:42.977 INFO  manager.WDListener - Before click element -->divtext = John1740
88005553531898
23:16:43.015 INFO  manager.WDListener - After click element -->div
23:16:43.015 INFO  manager.WDListener - Before find element -->By.cssSelector: .contact-item_card__2SOIM
23:16:43.015 INFO  manager.WDListener - After find element -->By.cssSelector: .contact-item_card__2SOIM
23:16:43.015 INFO  manager.WDListener - Location of element (384, 150)
23:16:43.033 INFO  manager.WDListener - Before click element -->divtext = John1740
88005553531898
23:16:43.058 INFO  manager.WDListener - After click element -->div
23:16:43.058 INFO  manager.WDListener - Before find element -->By.xpath: //button[text()='Remove']
23:16:43.065 INFO  manager.WDListener - After find element -->By.xpath: //button[text()='Remove']
23:16:43.065 INFO  manager.WDListener - Location of element (1141, 371)
23:16:43.085 INFO  manager.WDListener - Before click element -->buttontext = Remove
23:16:43.112 INFO  manager.WDListener - After click element -->button
23:16:44.161 INFO  manager.WDListener - Huston, we have a problem!
23:16:44.162 INFO  manager.WDListener - Object target --> [[ChromeDriver: chrome on windows (53924c865e8accebf021949383a7be6f)] -> xpath: //button[text()='Remove']]
23:16:44.162 INFO  manager.WDListener - ******************************
23:16:44.162 INFO  manager.WDListener - Method name -->isDisplayed
23:16:44.162 INFO  manager.WDListener - ******************************
23:16:44.162 INFO  manager.WDListener - InvocationTargetExceptionorg.openqa.selenium.StaleElementReferenceException: stale element reference: stale element not found in the current frame
  (Session info: chrome=137.0.7151.104)
For documentation on this error, please visit: https://www.selenium.dev/documentation/webdriver/troubleshooting/errors#stale-element-reference-exception
Build info: version: '4.16.1', revision: '9b4c83354e'
System info: os.name: 'Windows 11', os.arch: 'amd64', os.version: '10.0', java.version: '11.0.21'
Driver info: org.openqa.selenium.chrome.ChromeDriver
Command: [53924c865e8accebf021949383a7be6f, isElementDisplayed {id=f.8DEB070C6DE5F5E606CD538EB30B777E.d.15FF2148637065ECB5932557A8D78DB0.e.588}]
Capabilities {acceptInsecureCerts: false, browserName: chrome, browserVersion: 137.0.7151.104, chrome: {chromedriverVersion: 137.0.7151.40 (84781974514a..., userDataDir: C:\Users\kalin\AppData\Loca...}, fedcm:accounts: true, goog:chromeOptions: {debuggerAddress: localhost:57924}, networkConnectionEnabled: false, pageLoadStrategy: normal, platformName: windows, proxy: Proxy(), se:cdp: ws://localhost:57924/devtoo..., se:cdpVersion: 137.0.7151.104, setWindowRect: true, strictFileInteractability: false, timeouts: {implicit: 0, pageLoad: 300000, script: 30000}, unhandledPromptBehavior: dismiss and notify, webauthn:extension:credBlob: true, webauthn:extension:largeBlob: true, webauthn:extension:minPinLength: true, webauthn:extension:prf: true, webauthn:virtualAuthenticators: true}
Element: [[ChromeDriver: chrome on windows (53924c865e8accebf021949383a7be6f)] -> xpath: //button[text()='Remove']]
Session ID: 53924c865e8accebf021949383a7be6f
23:16:44.162 INFO  manager.WDListener - ******************************
23:16:44.196 INFO  manager.WDListener - Before click element -->divtext = John1933
88005553531633
23:16:44.239 INFO  manager.WDListener - After click element -->div
23:16:44.239 INFO  manager.WDListener - Before find element -->By.cssSelector: .contact-item_card__2SOIM
23:16:44.251 INFO  manager.WDListener - After find element -->By.cssSelector: .contact-item_card__2SOIM
23:16:44.259 INFO  manager.WDListener - Location of element (384, 150)
23:16:44.268 INFO  manager.WDListener - Before click element -->divtext = John1933
88005553531633
23:16:44.301 INFO  manager.WDListener - After click element -->div
23:16:44.301 INFO  manager.WDListener - Before find element -->By.xpath: //button[text()='Remove']
23:16:44.301 INFO  manager.WDListener - After find element -->By.xpath: //button[text()='Remove']
23:16:44.321 INFO  manager.WDListener - Location of element (1141, 371)
23:16:44.340 INFO  manager.WDListener - Before click element -->buttontext = Remove
23:16:44.374 INFO  manager.WDListener - After click element -->button
23:16:44.896 INFO  manager.WDListener - Huston, we have a problem!
23:16:44.896 INFO  manager.WDListener - Object target --> [[ChromeDriver: chrome on windows (53924c865e8accebf021949383a7be6f)] -> xpath: //button[text()='Remove']]
23:16:44.896 INFO  manager.WDListener - ******************************
23:16:44.896 INFO  manager.WDListener - Method name -->isDisplayed
23:16:44.896 INFO  manager.WDListener - ******************************
23:16:44.896 INFO  manager.WDListener - InvocationTargetExceptionorg.openqa.selenium.StaleElementReferenceException: stale element reference: stale element not found in the current frame
  (Session info: chrome=137.0.7151.104)
For documentation on this error, please visit: https://www.selenium.dev/documentation/webdriver/troubleshooting/errors#stale-element-reference-exception
Build info: version: '4.16.1', revision: '9b4c83354e'
System info: os.name: 'Windows 11', os.arch: 'amd64', os.version: '10.0', java.version: '11.0.21'
Driver info: org.openqa.selenium.chrome.ChromeDriver
Command: [53924c865e8accebf021949383a7be6f, isElementDisplayed {id=f.8DEB070C6DE5F5E606CD538EB30B777E.d.15FF2148637065ECB5932557A8D78DB0.e.616}]
Capabilities {acceptInsecureCerts: false, browserName: chrome, browserVersion: 137.0.7151.104, chrome: {chromedriverVersion: 137.0.7151.40 (84781974514a..., userDataDir: C:\Users\kalin\AppData\Loca...}, fedcm:accounts: true, goog:chromeOptions: {debuggerAddress: localhost:57924}, networkConnectionEnabled: false, pageLoadStrategy: normal, platformName: windows, proxy: Proxy(), se:cdp: ws://localhost:57924/devtoo..., se:cdpVersion: 137.0.7151.104, setWindowRect: true, strictFileInteractability: false, timeouts: {implicit: 0, pageLoad: 300000, script: 30000}, unhandledPromptBehavior: dismiss and notify, webauthn:extension:credBlob: true, webauthn:extension:largeBlob: true, webauthn:extension:minPinLength: true, webauthn:extension:prf: true, webauthn:virtualAuthenticators: true}
Element: [[ChromeDriver: chrome on windows (53924c865e8accebf021949383a7be6f)] -> xpath: //button[text()='Remove']]
Session ID: 53924c865e8accebf021949383a7be6f
23:16:44.896 INFO  manager.WDListener - ******************************
23:16:44.958 INFO  manager.WDListener - Before click element -->divtext = John1933
88005553531633
23:16:44.991 INFO  manager.WDListener - After click element -->div
23:16:44.991 INFO  manager.WDListener - Before find element -->By.cssSelector: .contact-item_card__2SOIM
23:16:45.000 INFO  manager.WDListener - After find element -->By.cssSelector: .contact-item_card__2SOIM
23:16:45.006 INFO  manager.WDListener - Location of element (384, 150)
23:16:45.011 INFO  manager.WDListener - Before click element -->divtext = John1933
88005553531633
23:16:45.036 INFO  manager.WDListener - After click element -->div
23:16:45.036 INFO  manager.WDListener - Before find element -->By.xpath: //button[text()='Remove']
23:16:45.036 INFO  manager.WDListener - After find element -->By.xpath: //button[text()='Remove']
23:16:45.052 INFO  manager.WDListener - Location of element (1141, 371)
23:16:45.065 INFO  manager.WDListener - Before click element -->buttontext = Remove
23:16:45.092 INFO  manager.WDListener - After click element -->button
23:16:45.617 INFO  manager.WDListener - Huston, we have a problem!
23:16:45.617 INFO  manager.WDListener - Object target --> [[ChromeDriver: chrome on windows (53924c865e8accebf021949383a7be6f)] -> xpath: //button[text()='Remove']]
23:16:45.617 INFO  manager.WDListener - ******************************
23:16:45.617 INFO  manager.WDListener - Method name -->isDisplayed
23:16:45.617 INFO  manager.WDListener - ******************************
23:16:45.617 INFO  manager.WDListener - InvocationTargetExceptionorg.openqa.selenium.StaleElementReferenceException: stale element reference: stale element not found in the current frame
  (Session info: chrome=137.0.7151.104)
For documentation on this error, please visit: https://www.selenium.dev/documentation/webdriver/troubleshooting/errors#stale-element-reference-exception
Build info: version: '4.16.1', revision: '9b4c83354e'
System info: os.name: 'Windows 11', os.arch: 'amd64', os.version: '10.0', java.version: '11.0.21'
Driver info: org.openqa.selenium.chrome.ChromeDriver
Command: [53924c865e8accebf021949383a7be6f, isElementDisplayed {id=f.8DEB070C6DE5F5E606CD538EB30B777E.d.15FF2148637065ECB5932557A8D78DB0.e.643}]
Capabilities {acceptInsecureCerts: false, browserName: chrome, browserVersion: 137.0.7151.104, chrome: {chromedriverVersion: 137.0.7151.40 (84781974514a..., userDataDir: C:\Users\kalin\AppData\Loca...}, fedcm:accounts: true, goog:chromeOptions: {debuggerAddress: localhost:57924}, networkConnectionEnabled: false, pageLoadStrategy: normal, platformName: windows, proxy: Proxy(), se:cdp: ws://localhost:57924/devtoo..., se:cdpVersion: 137.0.7151.104, setWindowRect: true, strictFileInteractability: false, timeouts: {implicit: 0, pageLoad: 300000, script: 30000}, unhandledPromptBehavior: dismiss and notify, webauthn:extension:credBlob: true, webauthn:extension:largeBlob: true, webauthn:extension:minPinLength: true, webauthn:extension:prf: true, webauthn:virtualAuthenticators: true}
Element: [[ChromeDriver: chrome on windows (53924c865e8accebf021949383a7be6f)] -> xpath: //button[text()='Remove']]
Session ID: 53924c865e8accebf021949383a7be6f
23:16:45.617 INFO  manager.WDListener - ******************************
23:16:45.643 INFO  manager.WDListener - Before click element -->divtext = John1463
88005553531560
23:16:45.669 INFO  manager.WDListener - After click element -->div
23:16:45.669 INFO  manager.WDListener - Before find element -->By.cssSelector: .contact-item_card__2SOIM
23:16:45.675 INFO  manager.WDListener - After find element -->By.cssSelector: .contact-item_card__2SOIM
23:16:45.678 INFO  manager.WDListener - Location of element (384, 150)
23:16:45.686 INFO  manager.WDListener - Before click element -->divtext = John1463
88005553531560
23:16:45.710 INFO  manager.WDListener - After click element -->div
23:16:45.710 INFO  manager.WDListener - Before find element -->By.xpath: //button[text()='Remove']
23:16:45.717 INFO  manager.WDListener - After find element -->By.xpath: //button[text()='Remove']
23:16:45.717 INFO  manager.WDListener - Location of element (1141, 371)
23:16:45.739 INFO  manager.WDListener - Before click element -->buttontext = Remove
23:16:45.766 INFO  manager.WDListener - After click element -->button
23:16:46.283 INFO  manager.WDListener - Huston, we have a problem!
23:16:46.283 INFO  manager.WDListener - Object target --> [[ChromeDriver: chrome on windows (53924c865e8accebf021949383a7be6f)] -> xpath: //button[text()='Remove']]
23:16:46.283 INFO  manager.WDListener - ******************************
23:16:46.283 INFO  manager.WDListener - Method name -->isDisplayed
23:16:46.283 INFO  manager.WDListener - ******************************
23:16:46.283 INFO  manager.WDListener - InvocationTargetExceptionorg.openqa.selenium.StaleElementReferenceException: stale element reference: stale element not found in the current frame
  (Session info: chrome=137.0.7151.104)
For documentation on this error, please visit: https://www.selenium.dev/documentation/webdriver/troubleshooting/errors#stale-element-reference-exception
Build info: version: '4.16.1', revision: '9b4c83354e'
System info: os.name: 'Windows 11', os.arch: 'amd64', os.version: '10.0', java.version: '11.0.21'
Driver info: org.openqa.selenium.chrome.ChromeDriver
Command: [53924c865e8accebf021949383a7be6f, isElementDisplayed {id=f.8DEB070C6DE5F5E606CD538EB30B777E.d.15FF2148637065ECB5932557A8D78DB0.e.671}]
Capabilities {acceptInsecureCerts: false, browserName: chrome, browserVersion: 137.0.7151.104, chrome: {chromedriverVersion: 137.0.7151.40 (84781974514a..., userDataDir: C:\Users\kalin\AppData\Loca...}, fedcm:accounts: true, goog:chromeOptions: {debuggerAddress: localhost:57924}, networkConnectionEnabled: false, pageLoadStrategy: normal, platformName: windows, proxy: Proxy(), se:cdp: ws://localhost:57924/devtoo..., se:cdpVersion: 137.0.7151.104, setWindowRect: true, strictFileInteractability: false, timeouts: {implicit: 0, pageLoad: 300000, script: 30000}, unhandledPromptBehavior: dismiss and notify, webauthn:extension:credBlob: true, webauthn:extension:largeBlob: true, webauthn:extension:minPinLength: true, webauthn:extension:prf: true, webauthn:virtualAuthenticators: true}
Element: [[ChromeDriver: chrome on windows (53924c865e8accebf021949383a7be6f)] -> xpath: //button[text()='Remove']]
Session ID: 53924c865e8accebf021949383a7be6f
23:16:46.283 INFO  manager.WDListener - ******************************
23:16:46.304 INFO  manager.WDListener - Before click element -->divtext = John1463
88005553531560
23:16:46.339 INFO  manager.WDListener - After click element -->div
23:16:46.339 INFO  manager.WDListener - Before find element -->By.cssSelector: .contact-item_card__2SOIM
23:16:46.344 INFO  manager.WDListener - After find element -->By.cssSelector: .contact-item_card__2SOIM
23:16:46.352 INFO  manager.WDListener - Location of element (384, 150)
23:16:46.358 INFO  manager.WDListener - Before click element -->divtext = John1463
88005553531560
23:16:46.384 INFO  manager.WDListener - After click element -->div
23:16:46.384 INFO  manager.WDListener - Before find element -->By.xpath: //button[text()='Remove']
23:16:46.384 INFO  manager.WDListener - After find element -->By.xpath: //button[text()='Remove']
23:16:46.400 INFO  manager.WDListener - Location of element (1141, 371)
23:16:46.416 INFO  manager.WDListener - Before click element -->buttontext = Remove
23:16:46.436 INFO  manager.WDListener - Huston, we have a problem!
23:16:46.436 INFO  manager.WDListener - Object target --> [[ChromeDriver: chrome on windows (53924c865e8accebf021949383a7be6f)] -> xpath: //button[text()='Remove']]
23:16:46.436 INFO  manager.WDListener - ******************************
23:16:46.436 INFO  manager.WDListener - Method name -->click
23:16:46.436 INFO  manager.WDListener - ******************************
23:16:46.436 INFO  manager.WDListener - InvocationTargetExceptionorg.openqa.selenium.StaleElementReferenceException: stale element reference: stale element not found in the current frame
  (Session info: chrome=137.0.7151.104)
For documentation on this error, please visit: https://www.selenium.dev/documentation/webdriver/troubleshooting/errors#stale-element-reference-exception
Build info: version: '4.16.1', revision: '9b4c83354e'
System info: os.name: 'Windows 11', os.arch: 'amd64', os.version: '10.0', java.version: '11.0.21'
Driver info: org.openqa.selenium.chrome.ChromeDriver
Command: [53924c865e8accebf021949383a7be6f, clickElement {id=f.8DEB070C6DE5F5E606CD538EB30B777E.d.15FF2148637065ECB5932557A8D78DB0.e.698}]
Capabilities {acceptInsecureCerts: false, browserName: chrome, browserVersion: 137.0.7151.104, chrome: {chromedriverVersion: 137.0.7151.40 (84781974514a..., userDataDir: C:\Users\kalin\AppData\Loca...}, fedcm:accounts: true, goog:chromeOptions: {debuggerAddress: localhost:57924}, networkConnectionEnabled: false, pageLoadStrategy: normal, platformName: windows, proxy: Proxy(), se:cdp: ws://localhost:57924/devtoo..., se:cdpVersion: 137.0.7151.104, setWindowRect: true, strictFileInteractability: false, timeouts: {implicit: 0, pageLoad: 300000, script: 30000}, unhandledPromptBehavior: dismiss and notify, webauthn:extension:credBlob: true, webauthn:extension:largeBlob: true, webauthn:extension:minPinLength: true, webauthn:extension:prf: true, webauthn:virtualAuthenticators: true}
Element: [[ChromeDriver: chrome on windows (53924c865e8accebf021949383a7be6f)] -> xpath: //button[text()='Remove']]
Session ID: 53924c865e8accebf021949383a7be6f
23:16:46.436 INFO  manager.WDListener - ******************************
23:16:46.438 INFO  manager.TestNGListener - Fail test --->removeAllContacts
23:16:46.439 INFO  tests.TestBase - === Starting test: removeAllContacts2 ===
23:16:46.439 INFO  manager.TestNGListener - Start test --->removeAllContacts2
23:16:51.456 INFO  manager.WDListener - Before find element -->By.cssSelector: .contact-page_message__2qafk>h1
23:16:51.465 INFO  manager.WDListener - After find element -->By.cssSelector: .contact-page_message__2qafk>h1
23:16:51.482 INFO  manager.WDListener - Location of element (1145, 271)
23:16:51.487 INFO  manager.TestNGListener - Success test --->removeAllContacts2
23:16:51.487 INFO  tests.TestBase - === Starting test: removeFirstContact ===
23:16:51.487 INFO  manager.TestNGListener - Start test --->removeFirstContact
23:17:02.069 INFO  manager.TestNGListener - Fail test --->removeFirstContact
23:17:02.080 INFO  tests.TestBase - === Starting test: removeFirstContact2 ===
23:17:02.080 INFO  manager.TestNGListener - Start test --->removeFirstContact2
23:17:07.102 INFO  manager.HelperBase - Number of Contact List before remove is -->0
23:17:07.102 INFO  manager.WDListener - Before find element -->By.cssSelector: .contact-item_card__2SOIM
23:17:12.146 INFO  manager.WDListener - Huston, we have a problem!
23:17:12.146 INFO  manager.WDListener - Object target --> ChromeDriver: chrome on windows (53924c865e8accebf021949383a7be6f)
23:17:12.146 INFO  manager.WDListener - ******************************
23:17:12.146 INFO  manager.WDListener - Method name -->findElement
23:17:12.146 INFO  manager.WDListener - ******************************
23:17:12.146 INFO  manager.WDListener - InvocationTargetExceptionorg.openqa.selenium.NoSuchElementException: no such element: Unable to locate element: {"method":"css selector","selector":".contact-item_card__2SOIM"}
  (Session info: chrome=137.0.7151.104)
For documentation on this error, please visit: https://www.selenium.dev/documentation/webdriver/troubleshooting/errors#no-such-element-exception
Build info: version: '4.16.1', revision: '9b4c83354e'
System info: os.name: 'Windows 11', os.arch: 'amd64', os.version: '10.0', java.version: '11.0.21'
Driver info: org.openqa.selenium.chrome.ChromeDriver
Command: [53924c865e8accebf021949383a7be6f, findElement {using=css selector, value=.contact-item_card__2SOIM}]
Capabilities {acceptInsecureCerts: false, browserName: chrome, browserVersion: 137.0.7151.104, chrome: {chromedriverVersion: 137.0.7151.40 (84781974514a..., userDataDir: C:\Users\kalin\AppData\Loca...}, fedcm:accounts: true, goog:chromeOptions: {debuggerAddress: localhost:57924}, networkConnectionEnabled: false, pageLoadStrategy: normal, platformName: windows, proxy: Proxy(), se:cdp: ws://localhost:57924/devtoo..., se:cdpVersion: 137.0.7151.104, setWindowRect: true, strictFileInteractability: false, timeouts: {implicit: 0, pageLoad: 300000, script: 30000}, unhandledPromptBehavior: dismiss and notify, webauthn:extension:credBlob: true, webauthn:extension:largeBlob: true, webauthn:extension:minPinLength: true, webauthn:extension:prf: true, webauthn:virtualAuthenticators: true}
Session ID: 53924c865e8accebf021949383a7be6f
23:17:12.146 INFO  manager.WDListener - ******************************
23:17:12.475 INFO  manager.WDListener - Screen with error is --->src/test/screenshots/screen_1232.png
23:17:12.475 INFO  manager.TestNGListener - Fail test --->removeFirstContact2
