20:32:01.681 INFO  manager.ApplicationManager - All tests run in Chrome Browser
20:32:01.884 INFO  manager.WDListener - Url-->https://telranedu.web.app/
20:32:02.559 INFO  tests.TestBase - === Starting test: loginSuccessModelDPF ===
20:32:07.599 INFO  manager.TestNGListener - Start test --->loginSuccessModelDPF
20:32:07.600 INFO  manager.WDListener - Before find element -->By.xpath: //a[text() = 'LOGIN']
20:32:07.623 INFO  manager.WDListener - After find element -->By.xpath: //a[text() = 'LOGIN']
20:32:07.636 INFO  manager.WDListener - Location of element (2450, 34)
20:32:07.652 INFO  manager.WDListener - Before click element -->atext = LOGIN
20:32:07.710 INFO  manager.WDListener - After click element -->a
20:32:07.710 INFO  manager.WDListener - Before find element -->By.name: email
20:32:07.730 INFO  manager.WDListener - After find element -->By.name: email
20:32:07.741 INFO  manager.WDListener - Location of element (1080, 250)
20:32:07.756 INFO  manager.WDListener - Before click element -->inputtext = 
20:32:07.802 INFO  manager.WDListener - After click element -->input
20:32:07.868 INFO  manager.WDListener - sendKeys -->inputtext
20:32:07.869 INFO  manager.WDListener - Before find element -->By.xpath: //input[last()]
20:32:07.886 INFO  manager.WDListener - After find element -->By.xpath: //input[last()]
20:32:07.892 INFO  manager.WDListener - Location of element (1080, 320)
20:32:07.900 INFO  manager.WDListener - Before click element -->inputtext = 
20:32:07.936 INFO  manager.WDListener - After click element -->input
20:32:07.981 INFO  manager.WDListener - sendKeys -->inputtext
20:32:07.981 INFO  tests.TestBase - Test data --> User{email=' margo@gmail.com', password='Mmmar12345$'}
20:32:07.982 INFO  manager.WDListener - Before find element -->By.cssSelector: button[name='login']
20:32:07.995 INFO  manager.WDListener - After find element -->By.cssSelector: button[name='login']
20:32:08.001 INFO  manager.WDListener - Location of element (1080, 390)
20:32:08.008 INFO  manager.WDListener - Before click element -->buttontext = Login
20:32:09.256 INFO  manager.TestNGListener - Fail test --->loginSuccessModelDPF
20:32:09.257 INFO  tests.TestBase - === Starting test: loginSuccessModelDPF ===
20:32:09.268 INFO  manager.WDListener - Huston, we have a problem!
20:32:09.269 INFO  manager.WDListener - Object target --> ChromeDriver: chrome on windows (6af22735b734bf46e9ed39a93edb7cd8)
20:32:09.269 INFO  manager.WDListener - ******************************
20:32:09.269 INFO  manager.WDListener - Method name -->findElements
20:32:09.269 INFO  manager.WDListener - ******************************
20:32:09.271 INFO  manager.WDListener - InvocationTargetExceptionorg.openqa.selenium.UnhandledAlertException: unexpected alert open: {Alert text : Wrong email or password}
  (Session info: chrome=137.0.7151.41): Wrong email or password
Build info: version: '4.16.1', revision: '9b4c83354e'
System info: os.name: 'Windows 11', os.arch: 'amd64', os.version: '10.0', java.version: '11.0.21'
Driver info: org.openqa.selenium.chrome.ChromeDriver
Command: [6af22735b734bf46e9ed39a93edb7cd8, findElements {using=xpath, value=//button[text()='Sign Out']}]
Capabilities {acceptInsecureCerts: false, browserName: chrome, browserVersion: 137.0.7151.41, chrome: {chromedriverVersion: 137.0.7151.40 (84781974514a..., userDataDir: C:\Users\kalin\AppData\Loca...}, fedcm:accounts: true, goog:chromeOptions: {debuggerAddress: localhost:60993}, networkConnectionEnabled: false, pageLoadStrategy: normal, platformName: windows, proxy: Proxy(), se:cdp: ws://localhost:60993/devtoo..., se:cdpVersion: 137.0.7151.41, setWindowRect: true, strictFileInteractability: false, timeouts: {implicit: 0, pageLoad: 300000, script: 30000}, unhandledPromptBehavior: dismiss and notify, webauthn:extension:credBlob: true, webauthn:extension:largeBlob: true, webauthn:extension:minPinLength: true, webauthn:extension:prf: true, webauthn:virtualAuthenticators: true}
Session ID: 6af22735b734bf46e9ed39a93edb7cd8
20:32:09.271 INFO  manager.WDListener - ******************************
20:32:09.665 INFO  manager.WDListener - Screen with error is --->src/test/screenshots/screen_1988.png
20:32:09.669 INFO  manager.TestNGListener - Start test --->loginSuccessModelDPF
20:32:09.669 INFO  manager.TestNGListener - Skipped test --->loginSuccessModelDPF
20:32:09.669 INFO  manager.TestNGListener - Start test --->loginSuccessModelDPF
20:32:09.669 INFO  manager.TestNGListener - Skipped test --->loginSuccessModelDPF
