20:33:08.374 INFO  manager.ApplicationManager - All tests run in Chrome Browser
20:33:08.557 INFO  manager.WDListener - Url-->https://telranedu.web.app/
20:33:09.344 INFO  tests.TestBase - === Starting test: loginSuccessModelDPF ===
20:33:14.401 INFO  manager.TestNGListener - Start test --->loginSuccessModelDPF
20:33:14.401 INFO  manager.WDListener - Before find element -->By.xpath: //a[text() = 'LOGIN']
20:33:14.418 INFO  manager.WDListener - After find element -->By.xpath: //a[text() = 'LOGIN']
20:33:14.418 INFO  manager.WDListener - Location of element (2450, 34)
20:33:14.431 INFO  manager.WDListener - Before click element -->atext = LOGIN
20:33:14.492 INFO  manager.WDListener - After click element -->a
20:33:14.492 INFO  manager.WDListener - Before find element -->By.name: email
20:33:14.509 INFO  manager.WDListener - After find element -->By.name: email
20:33:14.516 INFO  manager.WDListener - Location of element (1080, 250)
20:33:14.524 INFO  manager.WDListener - Before click element -->inputtext = 
20:33:14.566 INFO  manager.WDListener - After click element -->input
20:33:14.612 INFO  manager.WDListener - sendKeys -->inputtext
20:33:14.612 INFO  manager.WDListener - Before find element -->By.xpath: //input[last()]
20:33:14.633 INFO  manager.WDListener - After find element -->By.xpath: //input[last()]
20:33:14.638 INFO  manager.WDListener - Location of element (1080, 320)
20:33:14.646 INFO  manager.WDListener - Before click element -->inputtext = 
20:33:14.670 INFO  manager.WDListener - After click element -->input
20:33:14.727 INFO  manager.WDListener - sendKeys -->inputtext
20:33:14.729 INFO  tests.TestBase - Test data --> User{email=' margo@gmail.com', password='Mmar123456$'}
20:33:14.730 INFO  manager.WDListener - Before find element -->By.cssSelector: button[name='login']
20:33:14.742 INFO  manager.WDListener - After find element -->By.cssSelector: button[name='login']
20:33:14.748 INFO  manager.WDListener - Location of element (1080, 390)
20:33:14.755 INFO  manager.WDListener - Before click element -->buttontext = Login
20:33:16.400 INFO  manager.TestNGListener - Fail test --->loginSuccessModelDPF
20:33:16.400 INFO  tests.TestBase - === Starting test: loginSuccessModelDPF ===
20:33:16.414 INFO  manager.WDListener - Huston, we have a problem!
20:33:16.414 INFO  manager.WDListener - Object target --> ChromeDriver: chrome on windows (02642540347bd3b61b2799917b27c00e)
20:33:16.414 INFO  manager.WDListener - ******************************
20:33:16.415 INFO  manager.WDListener - Method name -->findElements
20:33:16.416 INFO  manager.WDListener - ******************************
20:33:16.416 INFO  manager.WDListener - InvocationTargetExceptionorg.openqa.selenium.UnhandledAlertException: unexpected alert open: {Alert text : Wrong email or password}
  (Session info: chrome=137.0.7151.104): Wrong email or password
Build info: version: '4.16.1', revision: '9b4c83354e'
System info: os.name: 'Windows 11', os.arch: 'amd64', os.version: '10.0', java.version: '11.0.21'
Driver info: org.openqa.selenium.chrome.ChromeDriver
Command: [02642540347bd3b61b2799917b27c00e, findElements {using=xpath, value=//button[text()='Sign Out']}]
Capabilities {acceptInsecureCerts: false, browserName: chrome, browserVersion: 137.0.7151.104, chrome: {chromedriverVersion: 137.0.7151.40 (84781974514a..., userDataDir: C:\Users\kalin\AppData\Loca...}, fedcm:accounts: true, goog:chromeOptions: {debuggerAddress: localhost:53375}, networkConnectionEnabled: false, pageLoadStrategy: normal, platformName: windows, proxy: Proxy(), se:cdp: ws://localhost:53375/devtoo..., se:cdpVersion: 137.0.7151.104, setWindowRect: true, strictFileInteractability: false, timeouts: {implicit: 0, pageLoad: 300000, script: 30000}, unhandledPromptBehavior: dismiss and notify, webauthn:extension:credBlob: true, webauthn:extension:largeBlob: true, webauthn:extension:minPinLength: true, webauthn:extension:prf: true, webauthn:virtualAuthenticators: true}
Session ID: 02642540347bd3b61b2799917b27c00e
20:33:16.418 INFO  manager.WDListener - ******************************
20:33:16.763 INFO  manager.WDListener - Screen with error is --->src/test/screenshots/screen_1493.png
20:33:16.763 INFO  manager.TestNGListener - Start test --->loginSuccessModelDPF
20:33:16.763 INFO  manager.TestNGListener - Skipped test --->loginSuccessModelDPF
20:33:16.763 INFO  manager.TestNGListener - Start test --->loginSuccessModelDPF
20:33:16.763 INFO  manager.TestNGListener - Skipped test --->loginSuccessModelDPF
