20:39:14.353 INFO  manager.ApplicationManager - All tests run in Chrome Browser
20:39:14.523 INFO  manager.WDListener - Url-->https://telranedu.web.app/
20:39:15.826 INFO  tests.TestBase - === Starting test: loginSuccess ===
20:39:20.876 INFO  manager.TestNGListener - Start test --->loginSuccess
20:39:20.876 INFO  tests.TestBase - Start test with name 'loginSuccess+'
20:39:20.876 INFO  manager.WDListener - Before find element -->By.xpath: //a[text() = 'LOGIN']
20:39:20.906 INFO  manager.WDListener - After find element -->By.xpath: //a[text() = 'LOGIN']
20:39:20.910 INFO  manager.WDListener - Location of element (2450, 34)
20:39:20.924 INFO  manager.WDListener - Before click element -->atext = LOGIN
20:39:20.977 INFO  manager.WDListener - After click element -->a
20:39:20.977 INFO  manager.WDListener - Before find element -->By.name: email
20:39:20.994 INFO  manager.WDListener - After find element -->By.name: email
20:39:21.004 INFO  manager.WDListener - Location of element (1080, 250)
20:39:21.015 INFO  manager.WDListener - Before click element -->inputtext = 
20:39:21.050 INFO  manager.WDListener - After click element -->input
20:39:21.113 INFO  manager.WDListener - sendKeys -->inputtext
20:39:21.113 INFO  manager.WDListener - Before find element -->By.xpath: //input[last()]
20:39:21.131 INFO  manager.WDListener - After find element -->By.xpath: //input[last()]
20:39:21.136 INFO  manager.WDListener - Location of element (1080, 320)
20:39:21.143 INFO  manager.WDListener - Before click element -->inputtext = 
20:39:21.173 INFO  manager.WDListener - After click element -->input
20:39:21.223 INFO  manager.WDListener - sendKeys -->inputtext
20:39:21.223 INFO  tests.TestBase - Test data --> email: mara1@gmail.com & password: Roma3456$
20:39:21.223 INFO  manager.WDListener - Before find element -->By.cssSelector: button[name='login']
20:39:21.237 INFO  manager.WDListener - After find element -->By.cssSelector: button[name='login']
20:39:21.242 INFO  manager.WDListener - Location of element (1080, 390)
20:39:21.250 INFO  manager.WDListener - Before click element -->buttontext = Login
20:39:22.593 INFO  tests.TestBase - Assert check is element button 'Sign out' present
20:39:22.594 INFO  manager.TestNGListener - Success test --->loginSuccess
20:39:22.595 INFO  tests.TestBase - === Starting test: loginSuccessModelDPF ===
20:39:22.605 INFO  manager.WDListener - Before find element -->By.xpath: //button[text()='Sign Out']
20:39:22.616 INFO  manager.WDListener - After find element -->By.xpath: //button[text()='Sign Out']
20:39:22.616 INFO  manager.WDListener - Location of element (2452, 39)
20:39:22.630 INFO  manager.WDListener - Before click element -->buttontext = Sign Out
20:39:22.688 INFO  tests.TestBase - Before method finish logout
20:39:22.688 INFO  manager.TestNGListener - Start test --->loginSuccessModelDPF
20:39:22.689 INFO  manager.WDListener - Before find element -->By.xpath: //a[text() = 'LOGIN']
20:39:22.698 INFO  manager.WDListener - After find element -->By.xpath: //a[text() = 'LOGIN']
20:39:22.703 INFO  manager.WDListener - Location of element (2448, 33)
20:39:22.711 INFO  manager.WDListener - Before click element -->atext = LOGIN
20:39:22.749 INFO  manager.WDListener - After click element -->a
20:39:22.749 INFO  manager.WDListener - Before find element -->By.name: email
20:39:22.762 INFO  manager.WDListener - After find element -->By.name: email
20:39:22.772 INFO  manager.WDListener - Location of element (1080, 250)
20:39:22.782 INFO  manager.WDListener - Before click element -->inputtext = 
20:39:22.850 INFO  manager.WDListener - After click element -->input
20:39:22.916 INFO  manager.WDListener - sendKeys -->inputtext
20:39:22.916 INFO  manager.WDListener - Before find element -->By.xpath: //input[last()]
20:39:22.933 INFO  manager.WDListener - After find element -->By.xpath: //input[last()]
20:39:22.939 INFO  manager.WDListener - Location of element (1080, 320)
20:39:22.946 INFO  manager.WDListener - Before click element -->inputtext = 
20:39:22.995 INFO  manager.WDListener - After click element -->input
20:39:23.043 INFO  manager.WDListener - sendKeys -->inputtext
20:39:23.043 INFO  tests.TestBase - Test data --> User{email='margo12@gmail.com', password='Mmar123456$'}
20:39:23.043 INFO  manager.WDListener - Before find element -->By.cssSelector: button[name='login']
20:39:23.051 INFO  manager.WDListener - After find element -->By.cssSelector: button[name='login']
20:39:23.056 INFO  manager.WDListener - Location of element (1080, 390)
20:39:23.063 INFO  manager.WDListener - Before click element -->buttontext = Login
20:39:23.435 INFO  tests.TestBase - Assert check is element button 'Sign out' present
20:39:23.435 INFO  manager.TestNGListener - Success test --->loginSuccessModelDPF
20:39:23.436 INFO  tests.TestBase - === Starting test: loginSuccessModelDPF ===
20:39:23.448 INFO  manager.WDListener - Before find element -->By.xpath: //button[text()='Sign Out']
20:39:23.448 INFO  manager.WDListener - After find element -->By.xpath: //button[text()='Sign Out']
20:39:23.464 INFO  manager.WDListener - Location of element (2452, 39)
20:39:23.467 INFO  manager.WDListener - Before click element -->buttontext = Sign Out
20:39:23.506 INFO  tests.TestBase - Before method finish logout
20:39:23.506 INFO  manager.TestNGListener - Start test --->loginSuccessModelDPF
20:39:23.506 INFO  manager.WDListener - Before find element -->By.xpath: //a[text() = 'LOGIN']
20:39:23.514 INFO  manager.WDListener - After find element -->By.xpath: //a[text() = 'LOGIN']
20:39:23.519 INFO  manager.WDListener - Location of element (2448, 33)
20:39:23.526 INFO  manager.WDListener - Before click element -->atext = LOGIN
20:39:23.547 INFO  manager.WDListener - After click element -->a
20:39:23.547 INFO  manager.WDListener - Before find element -->By.name: email
20:39:23.564 INFO  manager.WDListener - After find element -->By.name: email
20:39:23.571 INFO  manager.WDListener - Location of element (1080, 250)
20:39:23.579 INFO  manager.WDListener - Before click element -->inputtext = 
20:39:23.618 INFO  manager.WDListener - After click element -->input
20:39:23.659 INFO  manager.WDListener - sendKeys -->inputtext
20:39:23.659 INFO  manager.WDListener - Before find element -->By.xpath: //input[last()]
20:39:23.665 INFO  manager.WDListener - After find element -->By.xpath: //input[last()]
20:39:23.669 INFO  manager.WDListener - Location of element (1080, 320)
20:39:23.675 INFO  manager.WDListener - Before click element -->inputtext = 
20:39:23.698 INFO  manager.WDListener - After click element -->input
20:39:23.748 INFO  manager.WDListener - sendKeys -->inputtext
20:39:23.748 INFO  tests.TestBase - Test data --> User{email='mara@gmail.com', password='Mmar123456$'}
20:39:23.748 INFO  manager.WDListener - Before find element -->By.cssSelector: button[name='login']
20:39:23.748 INFO  manager.WDListener - After find element -->By.cssSelector: button[name='login']
20:39:23.767 INFO  manager.WDListener - Location of element (1080, 390)
20:39:23.774 INFO  manager.WDListener - Before click element -->buttontext = Login
20:39:24.280 INFO  tests.TestBase - Assert check is element button 'Sign out' present
20:39:24.280 INFO  manager.TestNGListener - Success test --->loginSuccessModelDPF
20:39:24.280 INFO  tests.TestBase - === Starting test: loginSuccessModelDPF ===
20:39:24.296 INFO  manager.WDListener - Before find element -->By.xpath: //button[text()='Sign Out']
20:39:24.296 INFO  manager.WDListener - After find element -->By.xpath: //button[text()='Sign Out']
20:39:24.311 INFO  manager.WDListener - Location of element (2452, 39)
20:39:24.311 INFO  manager.WDListener - Before click element -->buttontext = Sign Out
20:39:24.351 INFO  tests.TestBase - Before method finish logout
20:39:24.351 INFO  manager.TestNGListener - Start test --->loginSuccessModelDPF
20:39:24.351 INFO  manager.WDListener - Before find element -->By.xpath: //a[text() = 'LOGIN']
20:39:24.360 INFO  manager.WDListener - After find element -->By.xpath: //a[text() = 'LOGIN']
20:39:24.366 INFO  manager.WDListener - Location of element (2448, 33)
20:39:24.373 INFO  manager.WDListener - Before click element -->atext = LOGIN
20:39:24.401 INFO  manager.WDListener - After click element -->a
20:39:24.402 INFO  manager.WDListener - Before find element -->By.name: email
20:39:24.409 INFO  manager.WDListener - After find element -->By.name: email
20:39:24.417 INFO  manager.WDListener - Location of element (1080, 250)
20:39:24.426 INFO  manager.WDListener - Before click element -->inputtext = 
20:39:24.465 INFO  manager.WDListener - After click element -->input
20:39:24.499 INFO  manager.WDListener - sendKeys -->inputtext
20:39:24.499 INFO  manager.WDListener - Before find element -->By.xpath: //input[last()]
20:39:24.516 INFO  manager.WDListener - After find element -->By.xpath: //input[last()]
20:39:24.521 INFO  manager.WDListener - Location of element (1080, 320)
20:39:24.528 INFO  manager.WDListener - Before click element -->inputtext = 
20:39:24.551 INFO  manager.WDListener - After click element -->input
20:39:24.604 INFO  manager.WDListener - sendKeys -->inputtext
20:39:24.604 INFO  tests.TestBase - Test data --> User{email='sonya@gmail.com', password='Ss12345$'}
20:39:24.604 INFO  manager.WDListener - Before find element -->By.cssSelector: button[name='login']
20:39:24.611 INFO  manager.WDListener - After find element -->By.cssSelector: button[name='login']
20:39:24.617 INFO  manager.WDListener - Location of element (1080, 390)
20:39:24.623 INFO  manager.WDListener - Before click element -->buttontext = Login
20:39:25.166 INFO  tests.TestBase - Assert check is element button 'Sign out' present
20:39:25.166 INFO  manager.TestNGListener - Success test --->loginSuccessModelDPF
20:39:25.179 INFO  tests.TestBase - === Starting test: loginUnregisteredUser ===
20:39:25.182 INFO  manager.WDListener - Before find element -->By.xpath: //button[text()='Sign Out']
20:39:25.182 INFO  manager.WDListener - After find element -->By.xpath: //button[text()='Sign Out']
20:39:25.198 INFO  manager.WDListener - Location of element (2452, 39)
20:39:25.202 INFO  manager.WDListener - Before click element -->buttontext = Sign Out
20:39:25.238 INFO  tests.TestBase - Before method finish logout
20:39:25.239 INFO  manager.TestNGListener - Start test --->loginUnregisteredUser
20:39:25.239 INFO  manager.WDListener - Before find element -->By.xpath: //a[text() = 'LOGIN']
20:39:25.247 INFO  manager.WDListener - After find element -->By.xpath: //a[text() = 'LOGIN']
20:39:25.252 INFO  manager.WDListener - Location of element (2448, 33)
20:39:25.258 INFO  manager.WDListener - Before click element -->atext = LOGIN
20:39:25.290 INFO  manager.WDListener - After click element -->a
20:39:25.290 INFO  manager.WDListener - Before find element -->By.name: email
20:39:25.296 INFO  manager.WDListener - After find element -->By.name: email
20:39:25.303 INFO  manager.WDListener - Location of element (1080, 250)
20:39:25.310 INFO  manager.WDListener - Before click element -->inputtext = 
20:39:25.351 INFO  manager.WDListener - After click element -->input
20:39:25.400 INFO  manager.WDListener - sendKeys -->inputtext
20:39:25.400 INFO  manager.WDListener - Before find element -->By.xpath: //input[last()]
20:39:25.405 INFO  manager.WDListener - After find element -->By.xpath: //input[last()]
20:39:25.415 INFO  manager.WDListener - Location of element (1080, 320)
20:39:25.423 INFO  manager.WDListener - Before click element -->inputtext = 
20:39:25.461 INFO  manager.WDListener - After click element -->input
20:39:25.500 INFO  manager.WDListener - sendKeys -->inputtext
20:39:25.500 INFO  tests.TestBase - Test data --> email: fima13@gmail.com & password: Roma3456$ 
20:39:25.500 INFO  manager.WDListener - Before find element -->By.cssSelector: button[name='login']
20:39:25.500 INFO  manager.WDListener - After find element -->By.cssSelector: button[name='login']
20:39:25.517 INFO  manager.WDListener - Location of element (1080, 390)
20:39:25.523 INFO  manager.WDListener - Before click element -->buttontext = Login
20:39:25.563 INFO  manager.WDListener - Huston, we have a problem!
20:39:25.563 INFO  manager.WDListener - Object target --> org.openqa.selenium.remote.RemoteWebDriver$RemoteTargetLocator@6ec63f8
20:39:25.563 INFO  manager.WDListener - ******************************
20:39:25.563 INFO  manager.WDListener - Method name -->alert
20:39:25.563 INFO  manager.WDListener - ******************************
20:39:25.563 INFO  manager.WDListener - InvocationTargetExceptionorg.openqa.selenium.NoAlertPresentException: no such alert
  (Session info: chrome=137.0.7151.104)
Build info: version: '4.16.1', revision: '9b4c83354e'
System info: os.name: 'Windows 11', os.arch: 'amd64', os.version: '10.0', java.version: '11.0.21'
Driver info: org.openqa.selenium.chrome.ChromeDriver
Command: [0f074decfa7242b6ddb809e8fb2d75f2, getAlertText {}]
Capabilities {acceptInsecureCerts: false, browserName: chrome, browserVersion: 137.0.7151.104, chrome: {chromedriverVersion: 137.0.7151.40 (84781974514a..., userDataDir: C:\Users\kalin\AppData\Loca...}, fedcm:accounts: true, goog:chromeOptions: {debuggerAddress: localhost:53729}, networkConnectionEnabled: false, pageLoadStrategy: normal, platformName: windows, proxy: Proxy(), se:cdp: ws://localhost:53729/devtoo..., se:cdpVersion: 137.0.7151.104, setWindowRect: true, strictFileInteractability: false, timeouts: {implicit: 0, pageLoad: 300000, script: 30000}, unhandledPromptBehavior: dismiss and notify, webauthn:extension:credBlob: true, webauthn:extension:largeBlob: true, webauthn:extension:minPinLength: true, webauthn:extension:prf: true, webauthn:virtualAuthenticators: true}
Session ID: 0f074decfa7242b6ddb809e8fb2d75f2
20:39:25.563 INFO  manager.WDListener - ******************************
20:39:26.076 INFO  tests.TestBase - Assert check is alert 'Wrong email or password' present
20:39:26.076 INFO  manager.TestNGListener - Success test --->loginUnregisteredUser
20:39:26.076 INFO  tests.TestBase - === Starting test: loginWrongEmail ===
20:39:31.092 INFO  manager.TestNGListener - Start test --->loginWrongEmail
20:39:31.092 INFO  manager.WDListener - Before find element -->By.xpath: //a[text() = 'LOGIN']
20:39:31.114 INFO  manager.WDListener - After find element -->By.xpath: //a[text() = 'LOGIN']
20:39:31.124 INFO  manager.WDListener - Location of element (2448, 33)
20:39:31.124 INFO  manager.WDListener - Before click element -->atext = LOGIN
20:39:31.164 INFO  manager.WDListener - After click element -->a
20:39:31.164 INFO  manager.WDListener - Before find element -->By.name: email
20:39:31.174 INFO  manager.WDListener - After find element -->By.name: email
20:39:31.181 INFO  manager.WDListener - Location of element (1080, 281)
20:39:31.191 INFO  manager.WDListener - Before click element -->inputtext = 
20:39:31.222 INFO  manager.WDListener - After click element -->input
20:39:31.289 INFO  manager.WDListener - sendKeys -->inputtext
20:39:31.289 INFO  manager.WDListener - Before find element -->By.xpath: //input[last()]
20:39:31.307 INFO  manager.WDListener - After find element -->By.xpath: //input[last()]
20:39:31.313 INFO  manager.WDListener - Location of element (1080, 351)
20:39:31.319 INFO  manager.WDListener - Before click element -->inputtext = 
20:39:31.356 INFO  manager.WDListener - After click element -->input
20:39:31.406 INFO  manager.WDListener - sendKeys -->inputtext
20:39:31.406 INFO  tests.TestBase - Test data --> email: mara1gmail.com & password: Roma3456$ 
20:39:31.406 INFO  manager.WDListener - Before find element -->By.cssSelector: button[name='login']
20:39:31.423 INFO  manager.WDListener - After find element -->By.cssSelector: button[name='login']
20:39:31.423 INFO  manager.WDListener - Location of element (1080, 421)
20:39:31.442 INFO  manager.WDListener - Before click element -->buttontext = Login
20:39:31.489 INFO  manager.WDListener - Huston, we have a problem!
20:39:31.489 INFO  manager.WDListener - Object target --> org.openqa.selenium.remote.RemoteWebDriver$RemoteTargetLocator@7066363
20:39:31.489 INFO  manager.WDListener - ******************************
20:39:31.489 INFO  manager.WDListener - Method name -->alert
20:39:31.489 INFO  manager.WDListener - ******************************
20:39:31.489 INFO  manager.WDListener - InvocationTargetExceptionorg.openqa.selenium.NoAlertPresentException: no such alert
  (Session info: chrome=137.0.7151.104)
Build info: version: '4.16.1', revision: '9b4c83354e'
System info: os.name: 'Windows 11', os.arch: 'amd64', os.version: '10.0', java.version: '11.0.21'
Driver info: org.openqa.selenium.chrome.ChromeDriver
Command: [0f074decfa7242b6ddb809e8fb2d75f2, getAlertText {}]
Capabilities {acceptInsecureCerts: false, browserName: chrome, browserVersion: 137.0.7151.104, chrome: {chromedriverVersion: 137.0.7151.40 (84781974514a..., userDataDir: C:\Users\kalin\AppData\Loca...}, fedcm:accounts: true, goog:chromeOptions: {debuggerAddress: localhost:53729}, networkConnectionEnabled: false, pageLoadStrategy: normal, platformName: windows, proxy: Proxy(), se:cdp: ws://localhost:53729/devtoo..., se:cdpVersion: 137.0.7151.104, setWindowRect: true, strictFileInteractability: false, timeouts: {implicit: 0, pageLoad: 300000, script: 30000}, unhandledPromptBehavior: dismiss and notify, webauthn:extension:credBlob: true, webauthn:extension:largeBlob: true, webauthn:extension:minPinLength: true, webauthn:extension:prf: true, webauthn:virtualAuthenticators: true}
Session ID: 0f074decfa7242b6ddb809e8fb2d75f2
20:39:31.489 INFO  manager.WDListener - ******************************
20:39:32.022 INFO  tests.TestBase - Assert check is alert 'Wrong email or password' present
20:39:32.023 INFO  manager.TestNGListener - Success test --->loginWrongEmail
20:39:32.024 INFO  tests.TestBase - === Starting test: loginWrongPassword ===
20:39:37.054 INFO  manager.TestNGListener - Start test --->loginWrongPassword
20:39:37.054 INFO  manager.WDListener - Before find element -->By.xpath: //a[text() = 'LOGIN']
20:39:37.079 INFO  manager.WDListener - After find element -->By.xpath: //a[text() = 'LOGIN']
20:39:37.086 INFO  manager.WDListener - Location of element (2448, 33)
20:39:37.097 INFO  manager.WDListener - Before click element -->atext = LOGIN
20:39:37.136 INFO  manager.WDListener - After click element -->a
20:39:37.136 INFO  manager.WDListener - Before find element -->By.name: email
20:39:37.147 INFO  manager.WDListener - After find element -->By.name: email
20:39:37.151 INFO  manager.WDListener - Location of element (1080, 281)
20:39:37.159 INFO  manager.WDListener - Before click element -->inputtext = 
20:39:37.194 INFO  manager.WDListener - After click element -->input
20:39:37.261 INFO  manager.WDListener - sendKeys -->inputtext
20:39:37.261 INFO  manager.WDListener - Before find element -->By.xpath: //input[last()]
20:39:37.261 INFO  manager.WDListener - After find element -->By.xpath: //input[last()]
20:39:37.282 INFO  manager.WDListener - Location of element (1080, 351)
20:39:37.289 INFO  manager.WDListener - Before click element -->inputtext = 
20:39:37.335 INFO  manager.WDListener - After click element -->input
20:39:37.395 INFO  manager.WDListener - sendKeys -->inputtext
20:39:37.395 INFO  tests.TestBase - Test data --> email: mara1gmail.com & password: Ro3456$ 
20:39:37.395 INFO  manager.WDListener - Before find element -->By.cssSelector: button[name='login']
20:39:37.403 INFO  manager.WDListener - After find element -->By.cssSelector: button[name='login']
20:39:37.411 INFO  manager.WDListener - Location of element (1080, 421)
20:39:37.419 INFO  manager.WDListener - Before click element -->buttontext = Login
20:39:37.460 INFO  manager.WDListener - Huston, we have a problem!
20:39:37.460 INFO  manager.WDListener - Object target --> org.openqa.selenium.remote.RemoteWebDriver$RemoteTargetLocator@773014d3
20:39:37.460 INFO  manager.WDListener - ******************************
20:39:37.460 INFO  manager.WDListener - Method name -->alert
20:39:37.460 INFO  manager.WDListener - ******************************
20:39:37.460 INFO  manager.WDListener - InvocationTargetExceptionorg.openqa.selenium.NoAlertPresentException: no such alert
  (Session info: chrome=137.0.7151.104)
Build info: version: '4.16.1', revision: '9b4c83354e'
System info: os.name: 'Windows 11', os.arch: 'amd64', os.version: '10.0', java.version: '11.0.21'
Driver info: org.openqa.selenium.chrome.ChromeDriver
Command: [0f074decfa7242b6ddb809e8fb2d75f2, getAlertText {}]
Capabilities {acceptInsecureCerts: false, browserName: chrome, browserVersion: 137.0.7151.104, chrome: {chromedriverVersion: 137.0.7151.40 (84781974514a..., userDataDir: C:\Users\kalin\AppData\Loca...}, fedcm:accounts: true, goog:chromeOptions: {debuggerAddress: localhost:53729}, networkConnectionEnabled: false, pageLoadStrategy: normal, platformName: windows, proxy: Proxy(), se:cdp: ws://localhost:53729/devtoo..., se:cdpVersion: 137.0.7151.104, setWindowRect: true, strictFileInteractability: false, timeouts: {implicit: 0, pageLoad: 300000, script: 30000}, unhandledPromptBehavior: dismiss and notify, webauthn:extension:credBlob: true, webauthn:extension:largeBlob: true, webauthn:extension:minPinLength: true, webauthn:extension:prf: true, webauthn:virtualAuthenticators: true}
Session ID: 0f074decfa7242b6ddb809e8fb2d75f2
20:39:37.460 INFO  manager.WDListener - ******************************
20:39:37.971 INFO  tests.TestBase - Assert check is alert 'Wrong email or password' present
20:39:37.971 INFO  manager.TestNGListener - Success test --->loginWrongPassword
