13:42:14.106 INFO  manager.ApplicationManager - All tests run in Chrome Browser
13:42:14.281 INFO  manager.WDListener - Url-->https://telranedu.web.app/
13:42:14.872 INFO  manager.WDListener - Before find element -->By.xpath: //a[text() = 'LOGIN']
13:42:14.888 INFO  manager.WDListener - After find element -->By.xpath: //a[text() = 'LOGIN']
13:42:14.895 INFO  manager.WDListener - Location of element (2450, 34)
13:42:14.895 INFO  manager.WDListener - Before click element -->atext = LOGIN
13:42:14.957 INFO  manager.WDListener - After click element -->a
13:42:14.959 INFO  manager.WDListener - Before find element -->By.name: email
13:42:14.976 INFO  manager.WDListener - After find element -->By.name: email
13:42:14.983 INFO  manager.WDListener - Location of element (1080, 250)
13:42:15.074 INFO  manager.WDListener - sendKeys -->inputtext
13:42:15.074 INFO  manager.WDListener - Before find element -->By.xpath: //input[last()]
13:42:15.088 INFO  manager.WDListener - After find element -->By.xpath: //input[last()]
13:42:15.094 INFO  manager.WDListener - Location of element (1080, 320)
13:42:15.159 INFO  manager.WDListener - sendKeys -->inputtext
13:42:15.159 INFO  manager.WDListener - Before find element -->By.cssSelector: button[name='login']
13:42:15.173 INFO  manager.WDListener - After find element -->By.cssSelector: button[name='login']
13:42:15.180 INFO  manager.WDListener - Location of element (1080, 390)
13:42:15.188 INFO  manager.WDListener - Before click element -->buttontext = Login
13:42:15.236 INFO  tests.TestBase - === Starting test: contactFailEmptyFields ===
13:42:15.237 INFO  manager.TestNGListener - Start test --->contactFailEmptyFields
13:42:15.238 INFO  manager.WDListener - Before find element -->By.xpath: //a[@href='/add']
13:42:16.368 INFO  manager.WDListener - After find element -->By.xpath: //a[@href='/add']
13:42:16.374 INFO  manager.WDListener - Location of element (2023, 34)
13:42:16.394 INFO  manager.WDListener - Before click element -->atext = ADD
13:42:16.436 INFO  manager.WDListener - After click element -->a
13:42:16.436 INFO  manager.WDListener - Before find element -->By.xpath: //input[@placeholder='Name']
13:42:16.449 INFO  manager.WDListener - After find element -->By.xpath: //input[@placeholder='Name']
13:42:16.457 INFO  manager.WDListener - Location of element (396, 165)
13:42:16.509 INFO  manager.WDListener - sendKeys -->inputtext
13:42:16.510 INFO  manager.WDListener - Before find element -->By.xpath: //input[@placeholder='Last Name']
13:42:16.522 INFO  manager.WDListener - After find element -->By.xpath: //input[@placeholder='Last Name']
13:42:16.534 INFO  manager.WDListener - Location of element (396, 239)
13:42:16.587 INFO  manager.WDListener - sendKeys -->inputtext
13:42:16.587 INFO  manager.WDListener - Before find element -->By.xpath: //input[@placeholder='Phone']
13:42:16.600 INFO  manager.WDListener - After find element -->By.xpath: //input[@placeholder='Phone']
13:42:16.605 INFO  manager.WDListener - Location of element (396, 313)
13:42:16.658 INFO  manager.WDListener - sendKeys -->inputtext
13:42:16.658 INFO  manager.WDListener - Before find element -->By.xpath: //input[@placeholder='email']
13:42:16.672 INFO  manager.WDListener - After find element -->By.xpath: //input[@placeholder='email']
13:42:16.678 INFO  manager.WDListener - Location of element (396, 387)
13:42:16.718 INFO  manager.WDListener - sendKeys -->inputtext
13:42:16.718 INFO  manager.WDListener - Before find element -->By.xpath: //input[@placeholder='Address']
13:42:16.741 INFO  manager.WDListener - After find element -->By.xpath: //input[@placeholder='Address']
13:42:16.749 INFO  manager.WDListener - Location of element (396, 461)
13:42:16.798 INFO  manager.WDListener - sendKeys -->inputtext
13:42:16.798 INFO  manager.WDListener - Before find element -->By.xpath: //input[@placeholder='description']
13:42:16.812 INFO  manager.WDListener - After find element -->By.xpath: //input[@placeholder='description']
13:42:16.819 INFO  manager.WDListener - Location of element (396, 535)
13:42:16.868 INFO  manager.WDListener - sendKeys -->inputtext
13:42:16.868 INFO  manager.WDListener - Before find element -->By.xpath: //*[text()='Save']
13:42:16.882 INFO  manager.WDListener - After find element -->By.xpath: //*[text()='Save']
13:42:16.888 INFO  manager.WDListener - Location of element (1271, 622)
13:42:16.899 INFO  manager.WDListener - Before click element -->btext = Save
13:42:16.940 INFO  manager.WDListener - After click element -->b
13:42:16.940 INFO  manager.WDListener - Before find element -->By.xpath: //a[@href='/add']
13:42:16.955 INFO  manager.WDListener - After find element -->By.xpath: //a[@href='/add']
13:42:16.962 INFO  manager.WDListener - Location of element (2021, 33)
13:42:16.974 INFO  manager.WDListener - Before find element -->By.xpath: //*[text()='Save']
13:42:16.982 INFO  manager.WDListener - After find element -->By.xpath: //*[text()='Save']
13:42:16.989 INFO  manager.WDListener - Location of element (1271, 622)
13:42:16.999 INFO  manager.WDListener - Huston, we have a problem!
13:42:16.999 INFO  manager.WDListener - Object target --> org.openqa.selenium.remote.RemoteWebDriver$RemoteTargetLocator@708eb310
13:42:16.999 INFO  manager.WDListener - ******************************
13:42:16.999 INFO  manager.WDListener - Method name -->alert
13:42:16.999 INFO  manager.WDListener - ******************************
13:42:16.999 INFO  manager.WDListener - InvocationTargetExceptionorg.openqa.selenium.NoAlertPresentException: no such alert
  (Session info: chrome=137.0.7151.104)
Build info: version: '4.16.1', revision: '9b4c83354e'
System info: os.name: 'Windows 11', os.arch: 'amd64', os.version: '10.0', java.version: '11.0.21'
Driver info: org.openqa.selenium.chrome.ChromeDriver
Command: [0358cc957fee877d951c81ab4cb0c7ae, getAlertText {}]
Capabilities {acceptInsecureCerts: false, browserName: chrome, browserVersion: 137.0.7151.104, chrome: {chromedriverVersion: 137.0.7151.40 (84781974514a..., userDataDir: C:\Users\kalin\AppData\Loca...}, fedcm:accounts: true, goog:chromeOptions: {debuggerAddress: localhost:63452}, networkConnectionEnabled: false, pageLoadStrategy: normal, platformName: windows, proxy: Proxy(), se:cdp: ws://localhost:63452/devtoo..., se:cdpVersion: 137.0.7151.104, setWindowRect: true, strictFileInteractability: false, timeouts: {implicit: 0, pageLoad: 300000, script: 30000}, unhandledPromptBehavior: dismiss and notify, webauthn:extension:credBlob: true, webauthn:extension:largeBlob: true, webauthn:extension:minPinLength: true, webauthn:extension:prf: true, webauthn:virtualAuthenticators: true}
Session ID: 0358cc957fee877d951c81ab4cb0c7ae
13:42:17.012 INFO  manager.WDListener - ******************************
13:42:17.550 INFO  manager.WDListener - Before find element -->By.xpath: //button[normalize-space(text())='Ok']
13:42:22.608 INFO  manager.WDListener - Huston, we have a problem!
13:42:22.608 INFO  manager.WDListener - Object target --> ChromeDriver: chrome on windows (0358cc957fee877d951c81ab4cb0c7ae)
13:42:22.608 INFO  manager.WDListener - ******************************
13:42:22.608 INFO  manager.WDListener - Method name -->findElement
13:42:22.608 INFO  manager.WDListener - ******************************
13:42:22.608 INFO  manager.WDListener - InvocationTargetExceptionorg.openqa.selenium.NoSuchElementException: no such element: Unable to locate element: {"method":"xpath","selector":"//button[normalize-space(text())='Ok']"}
  (Session info: chrome=137.0.7151.104)
For documentation on this error, please visit: https://www.selenium.dev/documentation/webdriver/troubleshooting/errors#no-such-element-exception
Build info: version: '4.16.1', revision: '9b4c83354e'
System info: os.name: 'Windows 11', os.arch: 'amd64', os.version: '10.0', java.version: '11.0.21'
Driver info: org.openqa.selenium.chrome.ChromeDriver
Command: [0358cc957fee877d951c81ab4cb0c7ae, findElement {using=xpath, value=//button[normalize-space(text())='Ok']}]
Capabilities {acceptInsecureCerts: false, browserName: chrome, browserVersion: 137.0.7151.104, chrome: {chromedriverVersion: 137.0.7151.40 (84781974514a..., userDataDir: C:\Users\kalin\AppData\Loca...}, fedcm:accounts: true, goog:chromeOptions: {debuggerAddress: localhost:63452}, networkConnectionEnabled: false, pageLoadStrategy: normal, platformName: windows, proxy: Proxy(), se:cdp: ws://localhost:63452/devtoo..., se:cdpVersion: 137.0.7151.104, setWindowRect: true, strictFileInteractability: false, timeouts: {implicit: 0, pageLoad: 300000, script: 30000}, unhandledPromptBehavior: dismiss and notify, webauthn:extension:credBlob: true, webauthn:extension:largeBlob: true, webauthn:extension:minPinLength: true, webauthn:extension:prf: true, webauthn:virtualAuthenticators: true}
Session ID: 0358cc957fee877d951c81ab4cb0c7ae
13:42:22.608 INFO  manager.WDListener - ******************************
13:42:22.886 INFO  manager.WDListener - Screen with error is --->src/test/screenshots/screen_1641.png
13:42:22.886 INFO  manager.TestNGListener - Success test --->contactFailEmptyFields
13:42:22.886 INFO  tests.TestBase - === Starting test: contactFailEmptyPhone ===
13:42:22.886 INFO  manager.TestNGListener - Start test --->contactFailEmptyPhone
13:42:22.886 INFO  manager.WDListener - Before find element -->By.xpath: //a[@href='/add']
13:42:22.902 INFO  manager.WDListener - After find element -->By.xpath: //a[@href='/add']
13:42:22.906 INFO  manager.WDListener - Location of element (2021, 33)
13:42:22.920 INFO  manager.WDListener - Before click element -->atext = ADD
13:42:22.961 INFO  manager.WDListener - After click element -->a
13:42:22.961 INFO  manager.WDListener - Before find element -->By.xpath: //input[@placeholder='Name']
13:42:22.970 INFO  manager.WDListener - After find element -->By.xpath: //input[@placeholder='Name']
13:42:22.978 INFO  manager.WDListener - Location of element (396, 165)
13:42:23.038 INFO  manager.WDListener - sendKeys -->inputtext
13:42:23.038 INFO  manager.WDListener - Before find element -->By.xpath: //input[@placeholder='Last Name']
13:42:23.046 INFO  manager.WDListener - After find element -->By.xpath: //input[@placeholder='Last Name']
13:42:23.053 INFO  manager.WDListener - Location of element (396, 239)
13:42:23.116 INFO  manager.WDListener - sendKeys -->inputtext
13:42:23.116 INFO  manager.WDListener - Before find element -->By.xpath: //input[@placeholder='Phone']
13:42:23.125 INFO  manager.WDListener - After find element -->By.xpath: //input[@placeholder='Phone']
13:42:23.131 INFO  manager.WDListener - Location of element (396, 313)
13:42:23.181 INFO  manager.WDListener - sendKeys -->inputtext
13:42:23.182 INFO  manager.WDListener - Before find element -->By.xpath: //input[@placeholder='email']
13:42:23.189 INFO  manager.WDListener - After find element -->By.xpath: //input[@placeholder='email']
13:42:23.196 INFO  manager.WDListener - Location of element (396, 387)
13:42:23.254 INFO  manager.WDListener - sendKeys -->inputtext
13:42:23.254 INFO  manager.WDListener - Before find element -->By.xpath: //input[@placeholder='Address']
13:42:23.254 INFO  manager.WDListener - After find element -->By.xpath: //input[@placeholder='Address']
13:42:23.271 INFO  manager.WDListener - Location of element (396, 461)
13:42:23.320 INFO  manager.WDListener - sendKeys -->inputtext
13:42:23.320 INFO  manager.WDListener - Before find element -->By.xpath: //input[@placeholder='description']
13:42:23.339 INFO  manager.WDListener - After find element -->By.xpath: //input[@placeholder='description']
13:42:23.345 INFO  manager.WDListener - Location of element (396, 535)
13:42:23.404 INFO  manager.WDListener - sendKeys -->inputtext
13:42:23.405 INFO  manager.WDListener - Before find element -->By.xpath: //*[text()='Save']
13:42:23.405 INFO  manager.WDListener - After find element -->By.xpath: //*[text()='Save']
13:42:23.420 INFO  manager.WDListener - Location of element (1271, 622)
13:42:23.443 INFO  manager.WDListener - Before click element -->btext = Save
13:42:23.470 INFO  manager.WDListener - After click element -->b
13:42:23.470 INFO  manager.WDListener - Before find element -->By.xpath: //a[@href='/add']
13:42:23.470 INFO  manager.WDListener - After find element -->By.xpath: //a[@href='/add']
13:42:23.488 INFO  manager.WDListener - Location of element (2021, 33)
13:42:23.500 INFO  manager.WDListener - Huston, we have a problem!
13:42:23.501 INFO  manager.WDListener - Object target --> org.openqa.selenium.remote.RemoteWebDriver$RemoteTargetLocator@f0a66bd
13:42:23.501 INFO  manager.WDListener - ******************************
13:42:23.501 INFO  manager.WDListener - Method name -->alert
13:42:23.501 INFO  manager.WDListener - ******************************
13:42:23.501 INFO  manager.WDListener - InvocationTargetExceptionorg.openqa.selenium.NoAlertPresentException: no such alert
  (Session info: chrome=137.0.7151.104)
Build info: version: '4.16.1', revision: '9b4c83354e'
System info: os.name: 'Windows 11', os.arch: 'amd64', os.version: '10.0', java.version: '11.0.21'
Driver info: org.openqa.selenium.chrome.ChromeDriver
Command: [0358cc957fee877d951c81ab4cb0c7ae, getAlertText {}]
Capabilities {acceptInsecureCerts: false, browserName: chrome, browserVersion: 137.0.7151.104, chrome: {chromedriverVersion: 137.0.7151.40 (84781974514a..., userDataDir: C:\Users\kalin\AppData\Loca...}, fedcm:accounts: true, goog:chromeOptions: {debuggerAddress: localhost:63452}, networkConnectionEnabled: false, pageLoadStrategy: normal, platformName: windows, proxy: Proxy(), se:cdp: ws://localhost:63452/devtoo..., se:cdpVersion: 137.0.7151.104, setWindowRect: true, strictFileInteractability: false, timeouts: {implicit: 0, pageLoad: 300000, script: 30000}, unhandledPromptBehavior: dismiss and notify, webauthn:extension:credBlob: true, webauthn:extension:largeBlob: true, webauthn:extension:minPinLength: true, webauthn:extension:prf: true, webauthn:virtualAuthenticators: true}
Session ID: 0358cc957fee877d951c81ab4cb0c7ae
13:42:23.501 INFO  manager.WDListener - ******************************
13:42:24.033 INFO  manager.TestNGListener - Success test --->contactFailEmptyPhone
13:42:24.034 INFO  tests.TestBase - === Starting test: contactFailWrongEmail ===
13:42:24.034 INFO  manager.TestNGListener - Start test --->contactFailWrongEmail
13:42:24.034 INFO  manager.WDListener - Before find element -->By.xpath: //a[@href='/add']
13:42:24.047 INFO  manager.WDListener - After find element -->By.xpath: //a[@href='/add']
13:42:24.056 INFO  manager.WDListener - Location of element (2021, 33)
13:42:24.075 INFO  manager.WDListener - Before click element -->atext = ADD
13:42:24.112 INFO  manager.WDListener - After click element -->a
13:42:24.112 INFO  manager.WDListener - Before find element -->By.xpath: //input[@placeholder='Name']
13:42:24.120 INFO  manager.WDListener - After find element -->By.xpath: //input[@placeholder='Name']
13:42:24.130 INFO  manager.WDListener - Location of element (396, 165)
13:42:24.196 INFO  manager.WDListener - sendKeys -->inputtext
13:42:24.196 INFO  manager.WDListener - Before find element -->By.xpath: //input[@placeholder='Last Name']
13:42:24.202 INFO  manager.WDListener - After find element -->By.xpath: //input[@placeholder='Last Name']
13:42:24.209 INFO  manager.WDListener - Location of element (396, 239)
13:42:24.275 INFO  manager.WDListener - sendKeys -->inputtext
13:42:24.275 INFO  manager.WDListener - Before find element -->By.xpath: //input[@placeholder='Phone']
13:42:24.283 INFO  manager.WDListener - After find element -->By.xpath: //input[@placeholder='Phone']
13:42:24.290 INFO  manager.WDListener - Location of element (396, 313)
13:42:24.353 INFO  manager.WDListener - sendKeys -->inputtext
13:42:24.353 INFO  manager.WDListener - Before find element -->By.xpath: //input[@placeholder='email']
13:42:24.360 INFO  manager.WDListener - After find element -->By.xpath: //input[@placeholder='email']
13:42:24.367 INFO  manager.WDListener - Location of element (396, 387)
13:42:24.437 INFO  manager.WDListener - sendKeys -->inputtext
13:42:24.437 INFO  manager.WDListener - Before find element -->By.xpath: //input[@placeholder='Address']
13:42:24.446 INFO  manager.WDListener - After find element -->By.xpath: //input[@placeholder='Address']
13:42:24.453 INFO  manager.WDListener - Location of element (396, 461)
13:42:24.520 INFO  manager.WDListener - sendKeys -->inputtext
13:42:24.520 INFO  manager.WDListener - Before find element -->By.xpath: //input[@placeholder='description']
13:42:24.520 INFO  manager.WDListener - After find element -->By.xpath: //input[@placeholder='description']
13:42:24.537 INFO  manager.WDListener - Location of element (396, 535)
13:42:24.604 INFO  manager.WDListener - sendKeys -->inputtext
13:42:24.604 INFO  manager.WDListener - Before find element -->By.xpath: //*[text()='Save']
13:42:24.612 INFO  manager.WDListener - After find element -->By.xpath: //*[text()='Save']
13:42:24.612 INFO  manager.WDListener - Location of element (1271, 622)
13:42:24.640 INFO  manager.WDListener - Before click element -->btext = Save
13:42:24.670 INFO  manager.WDListener - After click element -->b
13:42:24.670 INFO  manager.WDListener - Before find element -->By.xpath: //a[@href='/add']
13:42:24.670 INFO  manager.WDListener - After find element -->By.xpath: //a[@href='/add']
13:42:24.691 INFO  manager.WDListener - Location of element (2021, 33)
13:42:24.710 INFO  manager.WDListener - Huston, we have a problem!
13:42:24.710 INFO  manager.WDListener - Object target --> org.openqa.selenium.remote.RemoteWebDriver$RemoteTargetLocator@2b73bd6b
13:42:24.710 INFO  manager.WDListener - ******************************
13:42:24.710 INFO  manager.WDListener - Method name -->alert
13:42:24.710 INFO  manager.WDListener - ******************************
13:42:24.710 INFO  manager.WDListener - InvocationTargetExceptionorg.openqa.selenium.NoAlertPresentException: no such alert
  (Session info: chrome=137.0.7151.104)
Build info: version: '4.16.1', revision: '9b4c83354e'
System info: os.name: 'Windows 11', os.arch: 'amd64', os.version: '10.0', java.version: '11.0.21'
Driver info: org.openqa.selenium.chrome.ChromeDriver
Command: [0358cc957fee877d951c81ab4cb0c7ae, getAlertText {}]
Capabilities {acceptInsecureCerts: false, browserName: chrome, browserVersion: 137.0.7151.104, chrome: {chromedriverVersion: 137.0.7151.40 (84781974514a..., userDataDir: C:\Users\kalin\AppData\Loca...}, fedcm:accounts: true, goog:chromeOptions: {debuggerAddress: localhost:63452}, networkConnectionEnabled: false, pageLoadStrategy: normal, platformName: windows, proxy: Proxy(), se:cdp: ws://localhost:63452/devtoo..., se:cdpVersion: 137.0.7151.104, setWindowRect: true, strictFileInteractability: false, timeouts: {implicit: 0, pageLoad: 300000, script: 30000}, unhandledPromptBehavior: dismiss and notify, webauthn:extension:credBlob: true, webauthn:extension:largeBlob: true, webauthn:extension:minPinLength: true, webauthn:extension:prf: true, webauthn:virtualAuthenticators: true}
Session ID: 0358cc957fee877d951c81ab4cb0c7ae
13:42:24.710 INFO  manager.WDListener - ******************************
13:42:25.229 INFO  manager.TestNGListener - Success test --->contactFailWrongEmail
13:42:25.230 INFO  tests.TestBase - === Starting test: contactFailWrongLastName ===
13:42:25.230 INFO  manager.TestNGListener - Start test --->contactFailWrongLastName
13:42:25.230 INFO  manager.WDListener - Before find element -->By.xpath: //a[@href='/add']
13:42:25.239 INFO  manager.WDListener - After find element -->By.xpath: //a[@href='/add']
13:42:25.244 INFO  manager.WDListener - Location of element (2021, 33)
13:42:25.261 INFO  manager.WDListener - Before click element -->atext = ADD
13:42:25.294 INFO  manager.WDListener - After click element -->a
13:42:25.294 INFO  manager.WDListener - Before find element -->By.xpath: //input[@placeholder='Name']
13:42:25.304 INFO  manager.WDListener - After find element -->By.xpath: //input[@placeholder='Name']
13:42:25.309 INFO  manager.WDListener - Location of element (396, 165)
13:42:25.384 INFO  manager.WDListener - sendKeys -->inputtext
13:42:25.384 INFO  manager.WDListener - Before find element -->By.xpath: //input[@placeholder='Last Name']
13:42:25.394 INFO  manager.WDListener - After find element -->By.xpath: //input[@placeholder='Last Name']
13:42:25.401 INFO  manager.WDListener - Location of element (396, 239)
13:42:25.466 INFO  manager.WDListener - sendKeys -->inputtext
13:42:25.466 INFO  manager.WDListener - Before find element -->By.xpath: //input[@placeholder='Phone']
13:42:25.474 INFO  manager.WDListener - After find element -->By.xpath: //input[@placeholder='Phone']
13:42:25.479 INFO  manager.WDListener - Location of element (396, 313)
13:42:25.538 INFO  manager.WDListener - sendKeys -->inputtext
13:42:25.538 INFO  manager.WDListener - Before find element -->By.xpath: //input[@placeholder='email']
13:42:25.546 INFO  manager.WDListener - After find element -->By.xpath: //input[@placeholder='email']
13:42:25.551 INFO  manager.WDListener - Location of element (396, 387)
13:42:25.604 INFO  manager.WDListener - sendKeys -->inputtext
13:42:25.604 INFO  manager.WDListener - Before find element -->By.xpath: //input[@placeholder='Address']
13:42:25.604 INFO  manager.WDListener - After find element -->By.xpath: //input[@placeholder='Address']
13:42:25.624 INFO  manager.WDListener - Location of element (396, 461)
13:42:25.671 INFO  manager.WDListener - sendKeys -->inputtext
13:42:25.671 INFO  manager.WDListener - Before find element -->By.xpath: //input[@placeholder='description']
13:42:25.688 INFO  manager.WDListener - After find element -->By.xpath: //input[@placeholder='description']
13:42:25.688 INFO  manager.WDListener - Location of element (396, 535)
13:42:25.738 INFO  manager.WDListener - sendKeys -->inputtext
13:42:25.738 INFO  manager.WDListener - Before find element -->By.xpath: //*[text()='Save']
13:42:25.755 INFO  manager.WDListener - After find element -->By.xpath: //*[text()='Save']
13:42:25.755 INFO  manager.WDListener - Location of element (1271, 622)
13:42:25.781 INFO  manager.WDListener - Before click element -->btext = Save
13:42:25.804 INFO  manager.WDListener - After click element -->b
13:42:25.804 INFO  manager.WDListener - Before find element -->By.xpath: //a[@href='/add']
13:42:25.815 INFO  manager.WDListener - After find element -->By.xpath: //a[@href='/add']
13:42:25.821 INFO  manager.WDListener - Location of element (2021, 33)
13:42:25.842 INFO  manager.TestNGListener - Success test --->contactFailWrongLastName
13:42:25.842 INFO  tests.TestBase - === Starting test: contactFailWrongName ===
13:42:25.842 INFO  manager.TestNGListener - Start test --->contactFailWrongName
13:42:25.843 INFO  manager.WDListener - Before find element -->By.xpath: //a[@href='/add']
13:42:25.850 INFO  manager.WDListener - After find element -->By.xpath: //a[@href='/add']
13:42:25.856 INFO  manager.WDListener - Location of element (2021, 33)
13:42:25.872 INFO  manager.WDListener - Before click element -->atext = ADD
13:42:25.903 INFO  manager.WDListener - After click element -->a
13:42:25.903 INFO  manager.WDListener - Before find element -->By.xpath: //input[@placeholder='Name']
13:42:25.909 INFO  manager.WDListener - After find element -->By.xpath: //input[@placeholder='Name']
13:42:25.914 INFO  manager.WDListener - Location of element (396, 165)
13:42:25.955 INFO  manager.WDListener - sendKeys -->inputtext
13:42:25.955 INFO  manager.WDListener - Before find element -->By.xpath: //input[@placeholder='Last Name']
13:42:25.955 INFO  manager.WDListener - After find element -->By.xpath: //input[@placeholder='Last Name']
13:42:25.975 INFO  manager.WDListener - Location of element (396, 239)
13:42:26.021 INFO  manager.WDListener - sendKeys -->inputtext
13:42:26.021 INFO  manager.WDListener - Before find element -->By.xpath: //input[@placeholder='Phone']
13:42:26.021 INFO  manager.WDListener - After find element -->By.xpath: //input[@placeholder='Phone']
13:42:26.040 INFO  manager.WDListener - Location of element (396, 313)
13:42:26.088 INFO  manager.WDListener - sendKeys -->inputtext
13:42:26.088 INFO  manager.WDListener - Before find element -->By.xpath: //input[@placeholder='email']
13:42:26.088 INFO  manager.WDListener - After find element -->By.xpath: //input[@placeholder='email']
13:42:26.107 INFO  manager.WDListener - Location of element (396, 387)
13:42:26.156 INFO  manager.WDListener - sendKeys -->inputtext
13:42:26.156 INFO  manager.WDListener - Before find element -->By.xpath: //input[@placeholder='Address']
13:42:26.172 INFO  manager.WDListener - After find element -->By.xpath: //input[@placeholder='Address']
13:42:26.177 INFO  manager.WDListener - Location of element (396, 461)
13:42:26.238 INFO  manager.WDListener - sendKeys -->inputtext
13:42:26.238 INFO  manager.WDListener - Before find element -->By.xpath: //input[@placeholder='description']
13:42:26.238 INFO  manager.WDListener - After find element -->By.xpath: //input[@placeholder='description']
13:42:26.257 INFO  manager.WDListener - Location of element (396, 535)
13:42:26.320 INFO  manager.WDListener - sendKeys -->inputtext
13:42:26.320 INFO  manager.WDListener - Before find element -->By.xpath: //*[text()='Save']
13:42:26.328 INFO  manager.WDListener - After find element -->By.xpath: //*[text()='Save']
13:42:26.332 INFO  manager.WDListener - Location of element (1271, 622)
13:42:26.352 INFO  manager.WDListener - Before click element -->btext = Save
13:42:26.379 INFO  manager.WDListener - After click element -->b
13:42:26.379 INFO  manager.WDListener - Before find element -->By.xpath: //a[@href='/add']
13:42:26.388 INFO  manager.WDListener - After find element -->By.xpath: //a[@href='/add']
13:42:26.388 INFO  manager.WDListener - Location of element (2021, 33)
13:42:26.418 INFO  manager.TestNGListener - Success test --->contactFailWrongName
13:42:26.420 INFO  tests.TestBase - === Starting test: contactFailWrongPhone ===
13:42:26.421 INFO  manager.TestNGListener - Start test --->contactFailWrongPhone
13:42:26.425 INFO  tests.TestBase - Test run with dataContact(name=John, lastName=Wick, phone=123, email=john@gmail.com, address=Haifa, description=john)
13:42:26.425 INFO  manager.WDListener - Before find element -->By.xpath: //a[@href='/add']
13:42:26.433 INFO  manager.WDListener - After find element -->By.xpath: //a[@href='/add']
13:42:26.439 INFO  manager.WDListener - Location of element (2021, 33)
13:42:26.455 INFO  manager.WDListener - Before click element -->atext = ADD
13:42:26.492 INFO  manager.WDListener - After click element -->a
13:42:26.493 INFO  manager.WDListener - Before find element -->By.xpath: //input[@placeholder='Name']
13:42:26.499 INFO  manager.WDListener - After find element -->By.xpath: //input[@placeholder='Name']
13:42:26.506 INFO  manager.WDListener - Location of element (396, 165)
13:42:26.555 INFO  manager.WDListener - sendKeys -->inputtext
13:42:26.555 INFO  manager.WDListener - Before find element -->By.xpath: //input[@placeholder='Last Name']
13:42:26.572 INFO  manager.WDListener - After find element -->By.xpath: //input[@placeholder='Last Name']
13:42:26.574 INFO  manager.WDListener - Location of element (396, 239)
13:42:26.638 INFO  manager.WDListener - sendKeys -->inputtext
13:42:26.638 INFO  manager.WDListener - Before find element -->By.xpath: //input[@placeholder='Phone']
13:42:26.638 INFO  manager.WDListener - After find element -->By.xpath: //input[@placeholder='Phone']
13:42:26.660 INFO  manager.WDListener - Location of element (396, 313)
13:42:26.705 INFO  manager.WDListener - sendKeys -->inputtext
13:42:26.705 INFO  manager.WDListener - Before find element -->By.xpath: //input[@placeholder='email']
13:42:26.722 INFO  manager.WDListener - After find element -->By.xpath: //input[@placeholder='email']
13:42:26.722 INFO  manager.WDListener - Location of element (396, 387)
13:42:26.789 INFO  manager.WDListener - sendKeys -->inputtext
13:42:26.789 INFO  manager.WDListener - Before find element -->By.xpath: //input[@placeholder='Address']
13:42:26.798 INFO  manager.WDListener - After find element -->By.xpath: //input[@placeholder='Address']
13:42:26.800 INFO  manager.WDListener - Location of element (396, 461)
13:42:26.856 INFO  manager.WDListener - sendKeys -->inputtext
13:42:26.856 INFO  manager.WDListener - Before find element -->By.xpath: //input[@placeholder='description']
13:42:26.856 INFO  manager.WDListener - After find element -->By.xpath: //input[@placeholder='description']
13:42:26.856 INFO  manager.WDListener - Location of element (396, 535)
13:42:26.922 INFO  manager.WDListener - sendKeys -->inputtext
13:42:26.922 INFO  manager.WDListener - Before find element -->By.xpath: //*[text()='Save']
13:42:26.922 INFO  manager.WDListener - After find element -->By.xpath: //*[text()='Save']
13:42:26.922 INFO  manager.WDListener - Location of element (1271, 622)
13:42:26.949 INFO  manager.WDListener - Before click element -->btext = Save
13:42:26.972 INFO  manager.WDListener - After click element -->b
13:42:26.972 INFO  manager.WDListener - Before find element -->By.xpath: //a[@href='/add']
13:42:26.989 INFO  manager.WDListener - After find element -->By.xpath: //a[@href='/add']
13:42:26.994 INFO  manager.WDListener - Location of element (2021, 33)
13:42:27.009 INFO  manager.WDListener - Huston, we have a problem!
13:42:27.009 INFO  manager.WDListener - Object target --> org.openqa.selenium.remote.RemoteWebDriver$RemoteTargetLocator@7994a0d1
13:42:27.009 INFO  manager.WDListener - ******************************
13:42:27.009 INFO  manager.WDListener - Method name -->alert
13:42:27.009 INFO  manager.WDListener - ******************************
13:42:27.009 INFO  manager.WDListener - InvocationTargetExceptionorg.openqa.selenium.NoAlertPresentException: no such alert
  (Session info: chrome=137.0.7151.104)
Build info: version: '4.16.1', revision: '9b4c83354e'
System info: os.name: 'Windows 11', os.arch: 'amd64', os.version: '10.0', java.version: '11.0.21'
Driver info: org.openqa.selenium.chrome.ChromeDriver
Command: [0358cc957fee877d951c81ab4cb0c7ae, getAlertText {}]
Capabilities {acceptInsecureCerts: false, browserName: chrome, browserVersion: 137.0.7151.104, chrome: {chromedriverVersion: 137.0.7151.40 (84781974514a..., userDataDir: C:\Users\kalin\AppData\Loca...}, fedcm:accounts: true, goog:chromeOptions: {debuggerAddress: localhost:63452}, networkConnectionEnabled: false, pageLoadStrategy: normal, platformName: windows, proxy: Proxy(), se:cdp: ws://localhost:63452/devtoo..., se:cdpVersion: 137.0.7151.104, setWindowRect: true, strictFileInteractability: false, timeouts: {implicit: 0, pageLoad: 300000, script: 30000}, unhandledPromptBehavior: dismiss and notify, webauthn:extension:credBlob: true, webauthn:extension:largeBlob: true, webauthn:extension:minPinLength: true, webauthn:extension:prf: true, webauthn:virtualAuthenticators: true}
Session ID: 0358cc957fee877d951c81ab4cb0c7ae
13:42:27.009 INFO  manager.WDListener - ******************************
13:42:27.523 INFO  manager.WDListener - Huston, we have a problem!
13:42:27.523 INFO  manager.WDListener - Object target --> org.openqa.selenium.remote.RemoteWebDriver$RemoteTargetLocator@72c9ebfa
13:42:27.523 INFO  manager.WDListener - ******************************
13:42:27.523 INFO  manager.WDListener - Method name -->alert
13:42:27.523 INFO  manager.WDListener - ******************************
13:42:27.523 INFO  manager.WDListener - InvocationTargetExceptionorg.openqa.selenium.NoAlertPresentException: no such alert
  (Session info: chrome=137.0.7151.104)
Build info: version: '4.16.1', revision: '9b4c83354e'
System info: os.name: 'Windows 11', os.arch: 'amd64', os.version: '10.0', java.version: '11.0.21'
Driver info: org.openqa.selenium.chrome.ChromeDriver
Command: [0358cc957fee877d951c81ab4cb0c7ae, getAlertText {}]
Capabilities {acceptInsecureCerts: false, browserName: chrome, browserVersion: 137.0.7151.104, chrome: {chromedriverVersion: 137.0.7151.40 (84781974514a..., userDataDir: C:\Users\kalin\AppData\Loca...}, fedcm:accounts: true, goog:chromeOptions: {debuggerAddress: localhost:63452}, networkConnectionEnabled: false, pageLoadStrategy: normal, platformName: windows, proxy: Proxy(), se:cdp: ws://localhost:63452/devtoo..., se:cdpVersion: 137.0.7151.104, setWindowRect: true, strictFileInteractability: false, timeouts: {implicit: 0, pageLoad: 300000, script: 30000}, unhandledPromptBehavior: dismiss and notify, webauthn:extension:credBlob: true, webauthn:extension:largeBlob: true, webauthn:extension:minPinLength: true, webauthn:extension:prf: true, webauthn:virtualAuthenticators: true}
Session ID: 0358cc957fee877d951c81ab4cb0c7ae
13:42:27.523 INFO  manager.WDListener - ******************************
13:42:33.050 INFO  manager.TestNGListener - Fail test --->contactFailWrongPhone
13:42:33.050 INFO  tests.TestBase - === Starting test: contactFailWrongPhone ===
13:42:33.050 INFO  manager.TestNGListener - Start test --->contactFailWrongPhone
13:42:33.050 INFO  tests.TestBase - Test run with dataContact(name=John, lastName=Wick, phone=wwwwwwwwwwwwwwwwwwww, email=john@gmail.com, address=Haifa, description=john)
13:42:33.050 INFO  manager.WDListener - Before find element -->By.xpath: //a[@href='/add']
13:42:33.070 INFO  manager.WDListener - After find element -->By.xpath: //a[@href='/add']
13:42:33.070 INFO  manager.WDListener - Location of element (2023, 34)
13:42:33.082 INFO  manager.WDListener - Before click element -->atext = ADD
13:42:33.125 INFO  manager.WDListener - After click element -->a
13:42:33.125 INFO  manager.WDListener - Before find element -->By.xpath: //input[@placeholder='Name']
13:42:33.132 INFO  manager.WDListener - After find element -->By.xpath: //input[@placeholder='Name']
13:42:33.139 INFO  manager.WDListener - Location of element (396, 165)
13:42:33.198 INFO  manager.WDListener - sendKeys -->inputtext
13:42:33.198 INFO  manager.WDListener - Before find element -->By.xpath: //input[@placeholder='Last Name']
13:42:33.205 INFO  manager.WDListener - After find element -->By.xpath: //input[@placeholder='Last Name']
13:42:33.214 INFO  manager.WDListener - Location of element (396, 239)
13:42:33.270 INFO  manager.WDListener - sendKeys -->inputtext
13:42:33.270 INFO  manager.WDListener - Before find element -->By.xpath: //input[@placeholder='Phone']
13:42:33.276 INFO  manager.WDListener - After find element -->By.xpath: //input[@placeholder='Phone']
13:42:33.282 INFO  manager.WDListener - Location of element (396, 313)
13:42:33.353 INFO  manager.WDListener - sendKeys -->inputtext
13:42:33.353 INFO  manager.WDListener - Before find element -->By.xpath: //input[@placeholder='email']
13:42:33.360 INFO  manager.WDListener - After find element -->By.xpath: //input[@placeholder='email']
13:42:33.369 INFO  manager.WDListener - Location of element (396, 387)
13:42:33.429 INFO  manager.WDListener - sendKeys -->inputtext
13:42:33.429 INFO  manager.WDListener - Before find element -->By.xpath: //input[@placeholder='Address']
13:42:33.437 INFO  manager.WDListener - After find element -->By.xpath: //input[@placeholder='Address']
13:42:33.446 INFO  manager.WDListener - Location of element (396, 461)
13:42:33.496 INFO  manager.WDListener - sendKeys -->inputtext
13:42:33.496 INFO  manager.WDListener - Before find element -->By.xpath: //input[@placeholder='description']
13:42:33.496 INFO  manager.WDListener - After find element -->By.xpath: //input[@placeholder='description']
13:42:33.514 INFO  manager.WDListener - Location of element (396, 535)
13:42:33.564 INFO  manager.WDListener - sendKeys -->inputtext
13:42:33.564 INFO  manager.WDListener - Before find element -->By.xpath: //*[text()='Save']
13:42:33.584 INFO  manager.WDListener - After find element -->By.xpath: //*[text()='Save']
13:42:33.590 INFO  manager.WDListener - Location of element (1271, 622)
13:42:33.607 INFO  manager.WDListener - Before click element -->btext = Save
13:42:33.638 INFO  manager.WDListener - After click element -->b
13:42:33.638 INFO  manager.WDListener - Before find element -->By.xpath: //a[@href='/add']
13:42:33.651 INFO  manager.WDListener - After find element -->By.xpath: //a[@href='/add']
13:42:33.656 INFO  manager.WDListener - Location of element (2021, 33)
13:42:33.669 INFO  manager.WDListener - Huston, we have a problem!
13:42:33.669 INFO  manager.WDListener - Object target --> org.openqa.selenium.remote.RemoteWebDriver$RemoteTargetLocator@2aa5bd48
13:42:33.669 INFO  manager.WDListener - ******************************
13:42:33.669 INFO  manager.WDListener - Method name -->alert
13:42:33.669 INFO  manager.WDListener - ******************************
13:42:33.669 INFO  manager.WDListener - InvocationTargetExceptionorg.openqa.selenium.NoAlertPresentException: no such alert
  (Session info: chrome=137.0.7151.104)
Build info: version: '4.16.1', revision: '9b4c83354e'
System info: os.name: 'Windows 11', os.arch: 'amd64', os.version: '10.0', java.version: '11.0.21'
Driver info: org.openqa.selenium.chrome.ChromeDriver
Command: [0358cc957fee877d951c81ab4cb0c7ae, getAlertText {}]
Capabilities {acceptInsecureCerts: false, browserName: chrome, browserVersion: 137.0.7151.104, chrome: {chromedriverVersion: 137.0.7151.40 (84781974514a..., userDataDir: C:\Users\kalin\AppData\Loca...}, fedcm:accounts: true, goog:chromeOptions: {debuggerAddress: localhost:63452}, networkConnectionEnabled: false, pageLoadStrategy: normal, platformName: windows, proxy: Proxy(), se:cdp: ws://localhost:63452/devtoo..., se:cdpVersion: 137.0.7151.104, setWindowRect: true, strictFileInteractability: false, timeouts: {implicit: 0, pageLoad: 300000, script: 30000}, unhandledPromptBehavior: dismiss and notify, webauthn:extension:credBlob: true, webauthn:extension:largeBlob: true, webauthn:extension:minPinLength: true, webauthn:extension:prf: true, webauthn:virtualAuthenticators: true}
Session ID: 0358cc957fee877d951c81ab4cb0c7ae
13:42:33.669 INFO  manager.WDListener - ******************************
13:42:34.207 INFO  manager.TestNGListener - Success test --->contactFailWrongPhone
13:42:34.208 INFO  tests.TestBase - === Starting test: contactFailWrongPhone ===
13:42:34.208 INFO  manager.TestNGListener - Start test --->contactFailWrongPhone
13:42:34.208 INFO  tests.TestBase - Test run with dataContact(name=John, lastName=Wick, phone=12312345678909123, email=john@gmail.com, address=Haifa, description=john)
13:42:34.208 INFO  manager.WDListener - Before find element -->By.xpath: //a[@href='/add']
13:42:34.216 INFO  manager.WDListener - After find element -->By.xpath: //a[@href='/add']
13:42:34.223 INFO  manager.WDListener - Location of element (2021, 33)
13:42:34.238 INFO  manager.WDListener - Before click element -->atext = ADD
13:42:34.268 INFO  manager.WDListener - After click element -->a
13:42:34.268 INFO  manager.WDListener - Before find element -->By.xpath: //input[@placeholder='Name']
13:42:34.274 INFO  manager.WDListener - After find element -->By.xpath: //input[@placeholder='Name']
13:42:34.282 INFO  manager.WDListener - Location of element (396, 165)
13:42:34.345 INFO  manager.WDListener - sendKeys -->inputtext
13:42:34.346 INFO  manager.WDListener - Before find element -->By.xpath: //input[@placeholder='Last Name']
13:42:34.353 INFO  manager.WDListener - After find element -->By.xpath: //input[@placeholder='Last Name']
13:42:34.358 INFO  manager.WDListener - Location of element (396, 239)
13:42:34.414 INFO  manager.WDListener - sendKeys -->inputtext
13:42:34.414 INFO  manager.WDListener - Before find element -->By.xpath: //input[@placeholder='Phone']
13:42:34.420 INFO  manager.WDListener - After find element -->By.xpath: //input[@placeholder='Phone']
13:42:34.425 INFO  manager.WDListener - Location of element (396, 313)
13:42:34.487 INFO  manager.WDListener - sendKeys -->inputtext
13:42:34.487 INFO  manager.WDListener - Before find element -->By.xpath: //input[@placeholder='email']
13:42:34.493 INFO  manager.WDListener - After find element -->By.xpath: //input[@placeholder='email']
13:42:34.499 INFO  manager.WDListener - Location of element (396, 387)
13:42:34.546 INFO  manager.WDListener - sendKeys -->inputtext
13:42:34.546 INFO  manager.WDListener - Before find element -->By.xpath: //input[@placeholder='Address']
13:42:34.546 INFO  manager.WDListener - After find element -->By.xpath: //input[@placeholder='Address']
13:42:34.562 INFO  manager.WDListener - Location of element (396, 461)
13:42:34.612 INFO  manager.WDListener - sendKeys -->inputtext
13:42:34.612 INFO  manager.WDListener - Before find element -->By.xpath: //input[@placeholder='description']
13:42:34.629 INFO  manager.WDListener - After find element -->By.xpath: //input[@placeholder='description']
13:42:34.629 INFO  manager.WDListener - Location of element (396, 535)
13:42:34.695 INFO  manager.WDListener - sendKeys -->inputtext
13:42:34.695 INFO  manager.WDListener - Before find element -->By.xpath: //*[text()='Save']
13:42:34.706 INFO  manager.WDListener - After find element -->By.xpath: //*[text()='Save']
13:42:34.714 INFO  manager.WDListener - Location of element (1271, 622)
13:42:34.734 INFO  manager.WDListener - Before click element -->btext = Save
13:42:34.764 INFO  manager.WDListener - After click element -->b
13:42:34.764 INFO  manager.WDListener - Before find element -->By.xpath: //a[@href='/add']
13:42:34.764 INFO  manager.WDListener - After find element -->By.xpath: //a[@href='/add']
13:42:34.782 INFO  manager.WDListener - Location of element (2021, 33)
13:42:34.794 INFO  manager.WDListener - Huston, we have a problem!
13:42:34.794 INFO  manager.WDListener - Object target --> org.openqa.selenium.remote.RemoteWebDriver$RemoteTargetLocator@52bba91a
13:42:34.794 INFO  manager.WDListener - ******************************
13:42:34.794 INFO  manager.WDListener - Method name -->alert
13:42:34.794 INFO  manager.WDListener - ******************************
13:42:34.794 INFO  manager.WDListener - InvocationTargetExceptionorg.openqa.selenium.NoAlertPresentException: no such alert
  (Session info: chrome=137.0.7151.104)
Build info: version: '4.16.1', revision: '9b4c83354e'
System info: os.name: 'Windows 11', os.arch: 'amd64', os.version: '10.0', java.version: '11.0.21'
Driver info: org.openqa.selenium.chrome.ChromeDriver
Command: [0358cc957fee877d951c81ab4cb0c7ae, getAlertText {}]
Capabilities {acceptInsecureCerts: false, browserName: chrome, browserVersion: 137.0.7151.104, chrome: {chromedriverVersion: 137.0.7151.40 (84781974514a..., userDataDir: C:\Users\kalin\AppData\Loca...}, fedcm:accounts: true, goog:chromeOptions: {debuggerAddress: localhost:63452}, networkConnectionEnabled: false, pageLoadStrategy: normal, platformName: windows, proxy: Proxy(), se:cdp: ws://localhost:63452/devtoo..., se:cdpVersion: 137.0.7151.104, setWindowRect: true, strictFileInteractability: false, timeouts: {implicit: 0, pageLoad: 300000, script: 30000}, unhandledPromptBehavior: dismiss and notify, webauthn:extension:credBlob: true, webauthn:extension:largeBlob: true, webauthn:extension:minPinLength: true, webauthn:extension:prf: true, webauthn:virtualAuthenticators: true}
Session ID: 0358cc957fee877d951c81ab4cb0c7ae
13:42:34.794 INFO  manager.WDListener - ******************************
13:42:35.333 INFO  manager.TestNGListener - Success test --->contactFailWrongPhone
13:42:35.333 INFO  tests.TestBase - === Starting test: contactSuccess ===
13:42:35.333 INFO  manager.TestNGListener - Start test --->contactSuccess
13:42:35.333 INFO  manager.WDListener - Before find element -->By.xpath: //a[@href='/add']
13:42:35.340 INFO  manager.WDListener - After find element -->By.xpath: //a[@href='/add']
13:42:35.346 INFO  manager.WDListener - Location of element (2021, 33)
13:42:35.362 INFO  manager.WDListener - Before click element -->atext = ADD
13:42:35.394 INFO  manager.WDListener - After click element -->a
13:42:35.394 INFO  manager.WDListener - Before find element -->By.xpath: //input[@placeholder='Name']
13:42:35.402 INFO  manager.WDListener - After find element -->By.xpath: //input[@placeholder='Name']
13:42:35.408 INFO  manager.WDListener - Location of element (396, 165)
13:42:35.463 INFO  manager.WDListener - sendKeys -->inputtext
13:42:35.463 INFO  manager.WDListener - Before find element -->By.xpath: //input[@placeholder='Last Name']
13:42:35.474 INFO  manager.WDListener - After find element -->By.xpath: //input[@placeholder='Last Name']
13:42:35.479 INFO  manager.WDListener - Location of element (396, 239)
13:42:35.539 INFO  manager.WDListener - sendKeys -->inputtext
13:42:35.539 INFO  manager.WDListener - Before find element -->By.xpath: //input[@placeholder='Phone']
13:42:35.544 INFO  manager.WDListener - After find element -->By.xpath: //input[@placeholder='Phone']
13:42:35.549 INFO  manager.WDListener - Location of element (396, 313)
13:42:35.605 INFO  manager.WDListener - sendKeys -->inputtext
13:42:35.605 INFO  manager.WDListener - Before find element -->By.xpath: //input[@placeholder='email']
13:42:35.611 INFO  manager.WDListener - After find element -->By.xpath: //input[@placeholder='email']
13:42:35.616 INFO  manager.WDListener - Location of element (396, 387)
13:42:35.674 INFO  manager.WDListener - sendKeys -->inputtext
13:42:35.674 INFO  manager.WDListener - Before find element -->By.xpath: //input[@placeholder='Address']
13:42:35.679 INFO  manager.WDListener - After find element -->By.xpath: //input[@placeholder='Address']
13:42:35.679 INFO  manager.WDListener - Location of element (396, 461)
13:42:35.744 INFO  manager.WDListener - sendKeys -->inputtext
13:42:35.744 INFO  manager.WDListener - Before find element -->By.xpath: //input[@placeholder='description']
13:42:35.749 INFO  manager.WDListener - After find element -->By.xpath: //input[@placeholder='description']
13:42:35.749 INFO  manager.WDListener - Location of element (396, 535)
13:42:35.813 INFO  manager.WDListener - sendKeys -->inputtext
13:42:35.813 INFO  manager.WDListener - Before find element -->By.xpath: //*[text()='Save']
13:42:35.813 INFO  manager.WDListener - After find element -->By.xpath: //*[text()='Save']
13:42:35.829 INFO  manager.WDListener - Location of element (1271, 622)
13:42:35.849 INFO  manager.WDListener - Before click element -->btext = Save
13:42:35.882 INFO  manager.WDListener - After click element -->b
13:42:35.882 INFO  manager.WDListener - Before find element -->By.xpath: //a[@href='/add']
13:42:35.882 INFO  manager.WDListener - After find element -->By.xpath: //a[@href='/add']
13:42:35.900 INFO  manager.WDListener - Location of element (2021, 33)
13:42:35.910 INFO  manager.WDListener - Before find element -->By.xpath: //h2[text() = 'Jane']
13:42:36.401 INFO  manager.WDListener - After find element -->By.xpath: //h2[text() = 'Jane']
13:42:36.405 INFO  manager.WDListener - Location of element (399, 184)
13:42:36.406 INFO  manager.WDListener - Before find element -->By.xpath: //h3[text()= '88005553556']
13:42:36.416 INFO  manager.WDListener - After find element -->By.xpath: //h3[text()= '88005553556']
13:42:36.420 INFO  manager.WDListener - Location of element (399, 236)
13:42:36.420 INFO  manager.TestNGListener - Success test --->contactSuccess
13:42:36.421 INFO  tests.TestBase - === Starting test: contactSuccessAll ===
13:42:36.421 INFO  manager.TestNGListener - Start test --->contactSuccessAll
13:42:36.421 INFO  manager.WDListener - Before find element -->By.xpath: //a[@href='/add']
13:42:36.427 INFO  manager.WDListener - After find element -->By.xpath: //a[@href='/add']
13:42:36.429 INFO  manager.WDListener - Location of element (2023, 34)
13:42:36.445 INFO  manager.WDListener - Before click element -->atext = ADD
13:42:36.477 INFO  manager.WDListener - After click element -->a
13:42:36.479 INFO  manager.WDListener - Before find element -->By.xpath: //input[@placeholder='Name']
13:42:36.485 INFO  manager.WDListener - After find element -->By.xpath: //input[@placeholder='Name']
13:42:36.493 INFO  manager.WDListener - Location of element (396, 165)
13:42:36.530 INFO  manager.WDListener - sendKeys -->inputtext
13:42:36.530 INFO  manager.WDListener - Before find element -->By.xpath: //input[@placeholder='Last Name']
13:42:36.547 INFO  manager.WDListener - After find element -->By.xpath: //input[@placeholder='Last Name']
13:42:36.559 INFO  manager.WDListener - Location of element (396, 239)
13:42:36.610 INFO  manager.WDListener - sendKeys -->inputtext
13:42:36.610 INFO  manager.WDListener - Before find element -->By.xpath: //input[@placeholder='Phone']
13:42:36.617 INFO  manager.WDListener - After find element -->By.xpath: //input[@placeholder='Phone']
13:42:36.621 INFO  manager.WDListener - Location of element (396, 313)
13:42:36.677 INFO  manager.WDListener - sendKeys -->inputtext
13:42:36.678 INFO  manager.WDListener - Before find element -->By.xpath: //input[@placeholder='email']
13:42:36.685 INFO  manager.WDListener - After find element -->By.xpath: //input[@placeholder='email']
13:42:36.690 INFO  manager.WDListener - Location of element (396, 387)
13:42:36.744 INFO  manager.WDListener - sendKeys -->inputtext
13:42:36.744 INFO  manager.WDListener - Before find element -->By.xpath: //input[@placeholder='Address']
13:42:36.752 INFO  manager.WDListener - After find element -->By.xpath: //input[@placeholder='Address']
13:42:36.752 INFO  manager.WDListener - Location of element (396, 461)
13:42:36.797 INFO  manager.WDListener - sendKeys -->inputtext
13:42:36.797 INFO  manager.WDListener - Before find element -->By.xpath: //input[@placeholder='description']
13:42:36.812 INFO  manager.WDListener - After find element -->By.xpath: //input[@placeholder='description']
13:42:36.814 INFO  manager.WDListener - Location of element (396, 535)
13:42:36.864 INFO  manager.WDListener - sendKeys -->inputtext
13:42:37.133 INFO  manager.WDListener - Before find element -->By.xpath: //*[text()='Save']
13:42:37.136 INFO  manager.WDListener - After find element -->By.xpath: //*[text()='Save']
13:42:37.146 INFO  manager.WDListener - Location of element (1271, 622)
13:42:37.146 INFO  manager.WDListener - Before click element -->btext = Save
13:42:37.183 INFO  manager.WDListener - After click element -->b
13:42:37.183 INFO  manager.WDListener - Before find element -->By.xpath: //a[@href='/add']
13:42:37.189 INFO  manager.WDListener - After find element -->By.xpath: //a[@href='/add']
13:42:37.195 INFO  manager.WDListener - Location of element (2021, 33)
13:42:37.203 INFO  manager.WDListener - Before find element -->By.xpath: //h2[text() = 'John']
13:42:37.707 INFO  manager.WDListener - After find element -->By.xpath: //h2[text() = 'John']
13:42:37.711 INFO  manager.WDListener - Location of element (399, 505)
13:42:37.711 INFO  manager.WDListener - Before find element -->By.xpath: //h3[text()= '88005553535']
13:42:37.719 INFO  manager.WDListener - After find element -->By.xpath: //h3[text()= '88005553535']
13:42:37.719 INFO  manager.WDListener - Location of element (399, 557)
13:42:37.719 INFO  manager.TestNGListener - Success test --->contactSuccessAll
13:42:37.719 INFO  tests.TestBase - === Starting test: contactSuccessAllFieldsCSV ===
13:42:37.719 INFO  manager.TestNGListener - Start test --->contactSuccessAllFieldsCSV
13:42:37.719 INFO  manager.WDListener - Before find element -->By.xpath: //a[@href='/add']
13:42:37.732 INFO  manager.WDListener - After find element -->By.xpath: //a[@href='/add']
13:42:37.732 INFO  manager.WDListener - Location of element (2023, 34)
13:42:37.747 INFO  manager.WDListener - Before click element -->atext = ADD
13:42:37.776 INFO  manager.WDListener - After click element -->a
13:42:37.776 INFO  manager.WDListener - Before find element -->By.xpath: //input[@placeholder='Name']
13:42:37.786 INFO  manager.WDListener - After find element -->By.xpath: //input[@placeholder='Name']
13:42:37.791 INFO  manager.WDListener - Location of element (396, 165)
13:42:37.832 INFO  manager.WDListener - sendKeys -->inputtext
13:42:37.832 INFO  manager.WDListener - Before find element -->By.xpath: //input[@placeholder='Last Name']
13:42:37.832 INFO  manager.WDListener - After find element -->By.xpath: //input[@placeholder='Last Name']
13:42:37.853 INFO  manager.WDListener - Location of element (396, 239)
13:42:37.900 INFO  manager.WDListener - sendKeys -->inputtext
13:42:37.900 INFO  manager.WDListener - Before find element -->By.xpath: //input[@placeholder='Phone']
13:42:37.906 INFO  manager.WDListener - After find element -->By.xpath: //input[@placeholder='Phone']
13:42:37.910 INFO  manager.WDListener - Location of element (396, 313)
13:42:37.959 INFO  manager.WDListener - sendKeys -->inputtext
13:42:37.959 INFO  manager.WDListener - Before find element -->By.xpath: //input[@placeholder='email']
13:42:37.965 INFO  manager.WDListener - After find element -->By.xpath: //input[@placeholder='email']
13:42:37.971 INFO  manager.WDListener - Location of element (396, 387)
13:42:38.026 INFO  manager.WDListener - sendKeys -->inputtext
13:42:38.026 INFO  manager.WDListener - Before find element -->By.xpath: //input[@placeholder='Address']
13:42:38.032 INFO  manager.WDListener - After find element -->By.xpath: //input[@placeholder='Address']
13:42:38.037 INFO  manager.WDListener - Location of element (396, 461)
13:42:38.082 INFO  manager.WDListener - sendKeys -->inputtext
13:42:38.082 INFO  manager.WDListener - Before find element -->By.xpath: //input[@placeholder='description']
13:42:38.092 INFO  manager.WDListener - After find element -->By.xpath: //input[@placeholder='description']
13:42:38.092 INFO  manager.WDListener - Location of element (396, 535)
13:42:38.142 INFO  manager.WDListener - sendKeys -->inputtext
13:42:38.142 INFO  manager.WDListener - Before find element -->By.xpath: //*[text()='Save']
13:42:38.149 INFO  manager.WDListener - After find element -->By.xpath: //*[text()='Save']
13:42:38.149 INFO  manager.WDListener - Location of element (1271, 622)
13:42:38.176 INFO  manager.WDListener - Before click element -->btext = Save
13:42:38.198 INFO  manager.WDListener - After click element -->b
13:42:38.198 INFO  manager.WDListener - Before find element -->By.xpath: //a[@href='/add']
13:42:38.216 INFO  manager.WDListener - After find element -->By.xpath: //a[@href='/add']
13:42:38.216 INFO  manager.WDListener - Location of element (2021, 33)
13:42:38.240 INFO  manager.WDListener - Before find element -->By.xpath: //h2[text() = 'Harry']
13:42:38.712 INFO  manager.WDListener - After find element -->By.xpath: //h2[text() = 'Harry']
13:42:38.718 INFO  manager.WDListener - Location of element (399, 666)
13:42:38.718 INFO  manager.WDListener - Before find element -->By.xpath: //h3[text()= '0891234567']
13:42:38.728 INFO  manager.WDListener - After find element -->By.xpath: //h3[text()= '0891234567']
13:42:38.732 INFO  manager.WDListener - Location of element (399, 718)
13:42:38.733 INFO  manager.TestNGListener - Success test --->contactSuccessAllFieldsCSV
13:42:38.733 INFO  tests.TestBase - === Starting test: contactSuccessAllFieldsCSV ===
13:42:38.733 INFO  manager.TestNGListener - Start test --->contactSuccessAllFieldsCSV
13:42:38.733 INFO  manager.WDListener - Before find element -->By.xpath: //a[@href='/add']
13:42:38.733 INFO  manager.WDListener - After find element -->By.xpath: //a[@href='/add']
13:42:38.733 INFO  manager.WDListener - Location of element (2023, 34)
13:42:38.749 INFO  manager.WDListener - Before click element -->atext = ADD
13:42:38.789 INFO  manager.WDListener - After click element -->a
13:42:38.789 INFO  manager.WDListener - Before find element -->By.xpath: //input[@placeholder='Name']
13:42:38.796 INFO  manager.WDListener - After find element -->By.xpath: //input[@placeholder='Name']
13:42:38.805 INFO  manager.WDListener - Location of element (396, 165)
13:42:38.861 INFO  manager.WDListener - sendKeys -->inputtext
13:42:38.861 INFO  manager.WDListener - Before find element -->By.xpath: //input[@placeholder='Last Name']
13:42:38.872 INFO  manager.WDListener - After find element -->By.xpath: //input[@placeholder='Last Name']
13:42:38.878 INFO  manager.WDListener - Location of element (396, 239)
13:42:38.944 INFO  manager.WDListener - sendKeys -->inputtext
13:42:38.944 INFO  manager.WDListener - Before find element -->By.xpath: //input[@placeholder='Phone']
13:42:38.950 INFO  manager.WDListener - After find element -->By.xpath: //input[@placeholder='Phone']
13:42:38.958 INFO  manager.WDListener - Location of element (396, 313)
13:42:39.027 INFO  manager.WDListener - sendKeys -->inputtext
13:42:39.027 INFO  manager.WDListener - Before find element -->By.xpath: //input[@placeholder='email']
13:42:39.035 INFO  manager.WDListener - After find element -->By.xpath: //input[@placeholder='email']
13:42:39.042 INFO  manager.WDListener - Location of element (396, 387)
13:42:39.100 INFO  manager.WDListener - sendKeys -->inputtext
13:42:39.100 INFO  manager.WDListener - Before find element -->By.xpath: //input[@placeholder='Address']
13:42:39.100 INFO  manager.WDListener - After find element -->By.xpath: //input[@placeholder='Address']
13:42:39.122 INFO  manager.WDListener - Location of element (396, 461)
13:42:39.177 INFO  manager.WDListener - sendKeys -->inputtext
13:42:39.177 INFO  manager.WDListener - Before find element -->By.xpath: //input[@placeholder='description']
13:42:39.184 INFO  manager.WDListener - After find element -->By.xpath: //input[@placeholder='description']
13:42:39.184 INFO  manager.WDListener - Location of element (396, 535)
13:42:39.252 INFO  manager.WDListener - sendKeys -->inputtext
13:42:39.252 INFO  manager.WDListener - Before find element -->By.xpath: //*[text()='Save']
13:42:39.252 INFO  manager.WDListener - After find element -->By.xpath: //*[text()='Save']
13:42:39.266 INFO  manager.WDListener - Location of element (1271, 622)
13:42:39.284 INFO  manager.WDListener - Before click element -->btext = Save
13:42:39.317 INFO  manager.WDListener - After click element -->b
13:42:39.317 INFO  manager.WDListener - Before find element -->By.xpath: //a[@href='/add']
13:42:39.317 INFO  manager.WDListener - After find element -->By.xpath: //a[@href='/add']
13:42:39.317 INFO  manager.WDListener - Location of element (2021, 33)
13:42:39.341 INFO  manager.WDListener - Before find element -->By.xpath: //h2[text() = 'Molly']
13:42:39.823 INFO  manager.WDListener - After find element -->By.xpath: //h2[text() = 'Molly']
13:42:39.828 INFO  manager.WDListener - Location of element (399, 827)
13:42:39.828 INFO  manager.WDListener - Before find element -->By.xpath: //h3[text()= '0781234567']
13:42:39.837 INFO  manager.WDListener - After find element -->By.xpath: //h3[text()= '0781234567']
13:42:39.841 INFO  manager.WDListener - Location of element (399, 878)
13:42:39.841 INFO  manager.TestNGListener - Success test --->contactSuccessAllFieldsCSV
13:42:39.842 INFO  tests.TestBase - === Starting test: contactSuccessAllFieldsCSV ===
13:42:39.842 INFO  manager.TestNGListener - Start test --->contactSuccessAllFieldsCSV
13:42:39.842 INFO  manager.WDListener - Before find element -->By.xpath: //a[@href='/add']
13:42:39.848 INFO  manager.WDListener - After find element -->By.xpath: //a[@href='/add']
13:42:39.852 INFO  manager.WDListener - Location of element (2023, 34)
13:42:39.852 INFO  manager.WDListener - Before click element -->atext = ADD
13:42:39.898 INFO  manager.WDListener - After click element -->a
13:42:39.898 INFO  manager.WDListener - Before find element -->By.xpath: //input[@placeholder='Name']
13:42:39.905 INFO  manager.WDListener - After find element -->By.xpath: //input[@placeholder='Name']
13:42:39.911 INFO  manager.WDListener - Location of element (396, 165)
13:42:39.961 INFO  manager.WDListener - sendKeys -->inputtext
13:42:39.961 INFO  manager.WDListener - Before find element -->By.xpath: //input[@placeholder='Last Name']
13:42:39.967 INFO  manager.WDListener - After find element -->By.xpath: //input[@placeholder='Last Name']
13:42:39.972 INFO  manager.WDListener - Location of element (396, 239)
13:42:40.029 INFO  manager.WDListener - sendKeys -->inputtext
13:42:40.029 INFO  manager.WDListener - Before find element -->By.xpath: //input[@placeholder='Phone']
13:42:40.034 INFO  manager.WDListener - After find element -->By.xpath: //input[@placeholder='Phone']
13:42:40.040 INFO  manager.WDListener - Location of element (396, 313)
13:42:40.096 INFO  manager.WDListener - sendKeys -->inputtext
13:42:40.096 INFO  manager.WDListener - Before find element -->By.xpath: //input[@placeholder='email']
13:42:40.105 INFO  manager.WDListener - After find element -->By.xpath: //input[@placeholder='email']
13:42:40.110 INFO  manager.WDListener - Location of element (396, 387)
13:42:40.165 INFO  manager.WDListener - sendKeys -->inputtext
13:42:40.165 INFO  manager.WDListener - Before find element -->By.xpath: //input[@placeholder='Address']
13:42:40.167 INFO  manager.WDListener - After find element -->By.xpath: //input[@placeholder='Address']
13:42:40.167 INFO  manager.WDListener - Location of element (396, 461)
13:42:40.229 INFO  manager.WDListener - sendKeys -->inputtext
13:42:40.230 INFO  manager.WDListener - Before find element -->By.xpath: //input[@placeholder='description']
13:42:40.235 INFO  manager.WDListener - After find element -->By.xpath: //input[@placeholder='description']
13:42:40.235 INFO  manager.WDListener - Location of element (396, 535)
13:42:40.284 INFO  manager.WDListener - sendKeys -->inputtext
13:42:40.284 INFO  manager.WDListener - Before find element -->By.xpath: //*[text()='Save']
13:42:40.284 INFO  manager.WDListener - After find element -->By.xpath: //*[text()='Save']
13:42:40.304 INFO  manager.WDListener - Location of element (1271, 622)
13:42:40.320 INFO  manager.WDListener - Before click element -->btext = Save
13:42:40.345 INFO  manager.WDListener - After click element -->b
13:42:40.345 INFO  manager.WDListener - Before find element -->By.xpath: //a[@href='/add']
13:42:40.355 INFO  manager.WDListener - After find element -->By.xpath: //a[@href='/add']
13:42:40.355 INFO  manager.WDListener - Location of element (2021, 33)
13:42:40.368 INFO  manager.WDListener - Before find element -->By.xpath: //h2[text() = 'Sarah']
13:42:40.970 INFO  manager.WDListener - After find element -->By.xpath: //h2[text() = 'Sarah']
13:42:40.976 INFO  manager.WDListener - Location of element (399, 987)
13:42:40.976 INFO  manager.WDListener - Before find element -->By.xpath: //h3[text()= '1231245678']
13:42:40.985 INFO  manager.WDListener - After find element -->By.xpath: //h3[text()= '1231245678']
13:42:40.985 INFO  manager.WDListener - Location of element (399, 1039)
13:42:40.985 INFO  manager.TestNGListener - Success test --->contactSuccessAllFieldsCSV
