23:07:07.355 INFO  manager.ApplicationManager - All tests run in Chrome Browser
23:07:07.539 INFO  manager.WDListener - Url-->https://telranedu.web.app/
23:07:08.328 INFO  manager.WDListener - Before find element -->By.xpath: //a[text() = 'LOGIN']
23:07:08.349 INFO  manager.WDListener - After find element -->By.xpath: //a[text() = 'LOGIN']
23:07:08.356 INFO  manager.WDListener - Location of element (2450, 34)
23:07:08.371 INFO  manager.WDListener - Before click element -->atext = LOGIN
23:07:08.417 INFO  manager.WDListener - After click element -->a
23:07:08.418 INFO  manager.WDListener - Before find element -->By.name: email
23:07:08.434 INFO  manager.WDListener - After find element -->By.name: email
23:07:08.441 INFO  manager.WDListener - Location of element (1080, 250)
23:07:08.441 INFO  manager.WDListener - Before click element -->inputtext = 
23:07:08.496 INFO  manager.WDListener - After click element -->input
23:07:08.556 INFO  manager.WDListener - sendKeys -->inputtext
23:07:08.556 INFO  manager.WDListener - Before find element -->By.xpath: //input[last()]
23:07:08.557 INFO  manager.WDListener - After find element -->By.xpath: //input[last()]
23:07:08.574 INFO  manager.WDListener - Location of element (1080, 320)
23:07:08.583 INFO  manager.WDListener - Before click element -->inputtext = 
23:07:08.624 INFO  manager.WDListener - After click element -->input
23:07:08.660 INFO  manager.WDListener - sendKeys -->inputtext
23:07:08.660 INFO  manager.WDListener - Before find element -->By.cssSelector: button[name='login']
23:07:08.681 INFO  manager.WDListener - After find element -->By.cssSelector: button[name='login']
23:07:08.691 INFO  manager.WDListener - Location of element (1080, 390)
23:07:08.698 INFO  manager.WDListener - Before click element -->buttontext = Login
23:07:08.741 INFO  manager.WDListener - Before find element -->By.xpath: //a[@href='/add']
23:07:10.267 INFO  manager.WDListener - After find element -->By.xpath: //a[@href='/add']
23:07:10.272 INFO  manager.WDListener - Location of element (2023, 34)
23:07:10.293 INFO  manager.WDListener - Before click element -->atext = ADD
23:07:10.339 INFO  manager.WDListener - After click element -->a
23:07:10.339 INFO  manager.WDListener - Before find element -->By.xpath: //input[@placeholder='Name']
23:07:10.353 INFO  manager.WDListener - After find element -->By.xpath: //input[@placeholder='Name']
23:07:10.358 INFO  manager.WDListener - Location of element (396, 165)
23:07:10.416 INFO  manager.WDListener - sendKeys -->inputtext
23:07:10.416 INFO  manager.WDListener - Before find element -->By.xpath: //input[@placeholder='Last Name']
23:07:10.429 INFO  manager.WDListener - After find element -->By.xpath: //input[@placeholder='Last Name']
23:07:10.436 INFO  manager.WDListener - Location of element (396, 239)
23:07:10.446 INFO  manager.WDListener - Before click element -->inputtext = 
23:07:10.486 INFO  manager.WDListener - After click element -->input
23:07:10.526 INFO  manager.WDListener - sendKeys -->inputtext
23:07:10.526 INFO  manager.WDListener - Before find element -->By.xpath: //input[@placeholder='Phone']
23:07:10.538 INFO  manager.WDListener - After find element -->By.xpath: //input[@placeholder='Phone']
23:07:10.545 INFO  manager.WDListener - Location of element (396, 313)
23:07:10.551 INFO  manager.WDListener - Before click element -->inputtext = 
23:07:10.582 INFO  manager.WDListener - After click element -->input
23:07:10.626 INFO  manager.WDListener - sendKeys -->inputtext
23:07:10.626 INFO  manager.WDListener - Before find element -->By.xpath: //input[@placeholder='email']
23:07:10.649 INFO  manager.WDListener - After find element -->By.xpath: //input[@placeholder='email']
23:07:10.654 INFO  manager.WDListener - Location of element (396, 387)
23:07:10.669 INFO  manager.WDListener - Before click element -->inputtext = 
23:07:10.707 INFO  manager.WDListener - After click element -->input
23:07:10.742 INFO  manager.WDListener - sendKeys -->inputtext
23:07:10.742 INFO  manager.WDListener - Before find element -->By.xpath: //input[@placeholder='Address']
23:07:10.764 INFO  manager.WDListener - After find element -->By.xpath: //input[@placeholder='Address']
23:07:10.770 INFO  manager.WDListener - Location of element (396, 461)
23:07:10.778 INFO  manager.WDListener - Before click element -->inputtext = 
23:07:10.813 INFO  manager.WDListener - After click element -->input
23:07:10.843 INFO  manager.WDListener - sendKeys -->inputtext
23:07:10.843 INFO  manager.WDListener - Before find element -->By.xpath: //input[@placeholder='description']
23:07:10.863 INFO  manager.WDListener - After find element -->By.xpath: //input[@placeholder='description']
23:07:10.868 INFO  manager.WDListener - Location of element (396, 535)
23:07:10.874 INFO  manager.WDListener - Before click element -->inputtext = 
23:07:10.900 INFO  manager.WDListener - After click element -->input
23:07:10.951 INFO  manager.WDListener - sendKeys -->inputtext
23:07:10.951 INFO  manager.WDListener - Before find element -->By.xpath: //*[text()='Save']
23:07:10.962 INFO  manager.WDListener - After find element -->By.xpath: //*[text()='Save']
23:07:10.967 INFO  manager.WDListener - Location of element (1271, 622)
23:07:10.980 INFO  manager.WDListener - Before click element -->btext = Save
23:07:11.013 INFO  manager.WDListener - After click element -->b
23:07:11.013 INFO  manager.WDListener - Before find element -->By.xpath: //a[@href='/add']
23:07:11.026 INFO  manager.WDListener - After find element -->By.xpath: //a[@href='/add']
23:07:11.032 INFO  manager.WDListener - Location of element (2021, 33)
23:07:11.542 INFO  manager.WDListener - Before find element -->By.xpath: //a[@href='/add']
23:07:11.551 INFO  manager.WDListener - After find element -->By.xpath: //a[@href='/add']
23:07:11.558 INFO  manager.WDListener - Location of element (2021, 33)
23:07:11.558 INFO  manager.WDListener - Before click element -->atext = ADD
23:07:11.612 INFO  manager.WDListener - After click element -->a
23:07:11.612 INFO  manager.WDListener - Before find element -->By.xpath: //input[@placeholder='Name']
23:07:11.619 INFO  manager.WDListener - After find element -->By.xpath: //input[@placeholder='Name']
23:07:11.625 INFO  manager.WDListener - Location of element (396, 165)
23:07:11.664 INFO  manager.WDListener - Huston, we have a problem!
23:07:11.664 INFO  manager.WDListener - Object target --> [[ChromeDriver: chrome on windows (ef72eec99955200f3923582f47adf62a)] -> xpath: //input[@placeholder='Name']]
23:07:11.664 INFO  manager.WDListener - ******************************
23:07:11.664 INFO  manager.WDListener - Method name -->sendKeys
23:07:11.664 INFO  manager.WDListener - ******************************
23:07:11.664 INFO  manager.WDListener - InvocationTargetExceptionorg.openqa.selenium.StaleElementReferenceException: stale element reference: stale element not found in the current frame
  (Session info: chrome=137.0.7151.104)
For documentation on this error, please visit: https://www.selenium.dev/documentation/webdriver/troubleshooting/errors#stale-element-reference-exception
Build info: version: '4.16.1', revision: '9b4c83354e'
System info: os.name: 'Windows 11', os.arch: 'amd64', os.version: '10.0', java.version: '11.0.21'
Driver info: org.openqa.selenium.chrome.ChromeDriver
Command: [ef72eec99955200f3923582f47adf62a, sendKeysToElement {id=f.06EBC33F93F790FEC01E2281B2C6EAF3.d.E4CE50ACE922438555B2EA20033C9EE9.e.71, value=[Ljava.lang.CharSequence;@72b43104}]
Capabilities {acceptInsecureCerts: false, browserName: chrome, browserVersion: 137.0.7151.104, chrome: {chromedriverVersion: 137.0.7151.40 (84781974514a..., userDataDir: C:\Users\kalin\AppData\Loca...}, fedcm:accounts: true, goog:chromeOptions: {debuggerAddress: localhost:57226}, networkConnectionEnabled: false, pageLoadStrategy: normal, platformName: windows, proxy: Proxy(), se:cdp: ws://localhost:57226/devtoo..., se:cdpVersion: 137.0.7151.104, setWindowRect: true, strictFileInteractability: false, timeouts: {implicit: 0, pageLoad: 300000, script: 30000}, unhandledPromptBehavior: dismiss and notify, webauthn:extension:credBlob: true, webauthn:extension:largeBlob: true, webauthn:extension:minPinLength: true, webauthn:extension:prf: true, webauthn:virtualAuthenticators: true}
Element: [[ChromeDriver: chrome on windows (ef72eec99955200f3923582f47adf62a)] -> xpath: //input[@placeholder='Name']]
Session ID: ef72eec99955200f3923582f47adf62a
23:07:11.664 INFO  manager.WDListener - ******************************
23:07:11.678 INFO  manager.TestNGListener - Start test --->removeAllContacts
23:07:11.678 INFO  manager.TestNGListener - Skipped test --->removeAllContacts
23:07:11.679 INFO  manager.TestNGListener - Start test --->removeAllContacts2
23:07:11.679 INFO  manager.TestNGListener - Skipped test --->removeAllContacts2
23:07:11.679 INFO  manager.TestNGListener - Start test --->removeFirstContact
23:07:11.679 INFO  manager.TestNGListener - Skipped test --->removeFirstContact
23:07:11.680 INFO  manager.TestNGListener - Start test --->removeFirstContact2
23:07:11.680 INFO  manager.TestNGListener - Skipped test --->removeFirstContact2
