20:26:59.292 INFO  manager.ApplicationManager - All tests run in Chrome Browser
20:26:59.474 INFO  manager.WDListener - Url-->https://telranedu.web.app/
20:27:00.287 INFO  tests.TestBase - === Starting test: loginSuccess ===
20:27:05.299 INFO  manager.TestNGListener - Start test --->loginSuccess
20:27:05.299 INFO  tests.TestBase - Start test with name 'loginSuccess+'
20:27:05.299 INFO  manager.WDListener - Before find element -->By.xpath: //a[text() = 'LOGIN']
20:27:05.330 INFO  manager.WDListener - After find element -->By.xpath: //a[text() = 'LOGIN']
20:27:05.337 INFO  manager.WDListener - Location of element (2450, 34)
20:27:05.354 INFO  manager.WDListener - Before click element -->atext = LOGIN
20:27:05.409 INFO  manager.WDListener - After click element -->a
20:27:05.410 INFO  manager.WDListener - Before find element -->By.name: email
20:27:05.425 INFO  manager.WDListener - After find element -->By.name: email
20:27:05.433 INFO  manager.WDListener - Location of element (1080, 250)
20:27:05.443 INFO  manager.WDListener - Before click element -->inputtext = 
20:27:05.481 INFO  manager.WDListener - After click element -->input
20:27:05.542 INFO  manager.WDListener - sendKeys -->inputtext
20:27:05.542 INFO  manager.WDListener - Before find element -->By.xpath: //input[last()]
20:27:05.560 INFO  manager.WDListener - After find element -->By.xpath: //input[last()]
20:27:05.565 INFO  manager.WDListener - Location of element (1080, 320)
20:27:05.573 INFO  manager.WDListener - Before click element -->inputtext = 
20:27:05.610 INFO  manager.WDListener - After click element -->input
20:27:05.660 INFO  manager.WDListener - sendKeys -->inputtext
20:27:05.660 INFO  tests.TestBase - Test data --> email: mara1@gmail.com & password: Roma3456$
20:27:05.660 INFO  manager.WDListener - Before find element -->By.cssSelector: button[name='login']
20:27:05.676 INFO  manager.WDListener - After find element -->By.cssSelector: button[name='login']
20:27:05.681 INFO  manager.WDListener - Location of element (1080, 390)
20:27:05.688 INFO  manager.WDListener - Before click element -->buttontext = Login
20:27:07.027 INFO  tests.TestBase - Assert check is element button 'Sign out' present
20:27:07.028 INFO  manager.TestNGListener - Success test --->loginSuccess
20:27:07.028 INFO  tests.TestBase - === Starting test: loginSuccessModelDPF ===
20:27:07.032 INFO  manager.WDListener - Before find element -->By.xpath: //button[text()='Sign Out']
20:27:07.053 INFO  manager.WDListener - After find element -->By.xpath: //button[text()='Sign Out']
20:27:07.061 INFO  manager.WDListener - Location of element (2452, 39)
20:27:07.077 INFO  manager.WDListener - Before click element -->buttontext = Sign Out
20:27:07.128 INFO  tests.TestBase - Before method finish logout
20:27:07.129 INFO  manager.TestNGListener - Start test --->loginSuccessModelDPF
20:27:07.129 INFO  manager.WDListener - Before find element -->By.xpath: //a[text() = 'LOGIN']
20:27:07.141 INFO  manager.WDListener - After find element -->By.xpath: //a[text() = 'LOGIN']
20:27:07.148 INFO  manager.WDListener - Location of element (2448, 33)
20:27:07.157 INFO  manager.WDListener - Before click element -->atext = LOGIN
20:27:07.199 INFO  manager.WDListener - After click element -->a
20:27:07.200 INFO  manager.WDListener - Before find element -->By.name: email
20:27:07.211 INFO  manager.WDListener - After find element -->By.name: email
20:27:07.218 INFO  manager.WDListener - Location of element (1080, 250)
20:27:07.227 INFO  manager.WDListener - Before click element -->inputtext = 
20:27:07.275 INFO  manager.WDListener - After click element -->input
20:27:07.328 INFO  manager.WDListener - sendKeys -->inputtext
20:27:07.329 INFO  manager.WDListener - Before find element -->By.xpath: //input[last()]
20:27:07.342 INFO  manager.WDListener - After find element -->By.xpath: //input[last()]
20:27:07.349 INFO  manager.WDListener - Location of element (1080, 320)
20:27:07.358 INFO  manager.WDListener - Before click element -->inputtext = 
20:27:07.403 INFO  manager.WDListener - After click element -->input
20:27:07.454 INFO  manager.WDListener - sendKeys -->inputtext
20:27:07.455 INFO  tests.TestBase - Test data --> User{email=' margo@gmail.com', password='Mmar123456$'}
20:27:07.455 INFO  manager.WDListener - Before find element -->By.cssSelector: button[name='login']
20:27:07.464 INFO  manager.WDListener - After find element -->By.cssSelector: button[name='login']
20:27:07.469 INFO  manager.WDListener - Location of element (1080, 390)
20:27:07.479 INFO  manager.WDListener - Before click element -->buttontext = Login
20:27:08.095 INFO  manager.TestNGListener - Fail test --->loginSuccessModelDPF
20:27:08.095 INFO  tests.TestBase - === Starting test: loginSuccessModelDPF ===
20:27:08.105 INFO  manager.WDListener - Huston, we have a problem!
20:27:08.105 INFO  manager.WDListener - Object target --> ChromeDriver: chrome on windows (b2134b96c0b0f9839cf7128c923bc39e)
20:27:08.105 INFO  manager.WDListener - ******************************
20:27:08.105 INFO  manager.WDListener - Method name -->findElements
20:27:08.105 INFO  manager.WDListener - ******************************
20:27:08.105 INFO  manager.WDListener - InvocationTargetExceptionorg.openqa.selenium.UnhandledAlertException: unexpected alert open: {Alert text : Wrong email or password}
  (Session info: chrome=137.0.7151.104): Wrong email or password
Build info: version: '4.16.1', revision: '9b4c83354e'
System info: os.name: 'Windows 11', os.arch: 'amd64', os.version: '10.0', java.version: '11.0.21'
Driver info: org.openqa.selenium.chrome.ChromeDriver
Command: [b2134b96c0b0f9839cf7128c923bc39e, findElements {using=xpath, value=//button[text()='Sign Out']}]
Capabilities {acceptInsecureCerts: false, browserName: chrome, browserVersion: 137.0.7151.104, chrome: {chromedriverVersion: 137.0.7151.40 (84781974514a..., userDataDir: C:\Users\kalin\AppData\Loca...}, fedcm:accounts: true, goog:chromeOptions: {debuggerAddress: localhost:52888}, networkConnectionEnabled: false, pageLoadStrategy: normal, platformName: windows, proxy: Proxy(), se:cdp: ws://localhost:52888/devtoo..., se:cdpVersion: 137.0.7151.104, setWindowRect: true, strictFileInteractability: false, timeouts: {implicit: 0, pageLoad: 300000, script: 30000}, unhandledPromptBehavior: dismiss and notify, webauthn:extension:credBlob: true, webauthn:extension:largeBlob: true, webauthn:extension:minPinLength: true, webauthn:extension:prf: true, webauthn:virtualAuthenticators: true}
Session ID: b2134b96c0b0f9839cf7128c923bc39e
20:27:08.105 INFO  manager.WDListener - ******************************
20:27:08.410 INFO  manager.WDListener - Screen with error is --->src/test/screenshots/screen_1721.png
20:27:08.412 INFO  manager.TestNGListener - Start test --->loginSuccessModelDPF
20:27:08.412 INFO  manager.TestNGListener - Skipped test --->loginSuccessModelDPF
20:27:08.412 INFO  manager.TestNGListener - Start test --->loginSuccessModelDPF
20:27:08.412 INFO  manager.TestNGListener - Skipped test --->loginSuccessModelDPF
20:27:08.412 INFO  manager.TestNGListener - Start test --->loginUnregisteredUser
20:27:08.412 INFO  manager.TestNGListener - Skipped test --->loginUnregisteredUser
20:27:08.412 INFO  manager.TestNGListener - Start test --->loginWrongEmail
20:27:08.412 INFO  manager.TestNGListener - Skipped test --->loginWrongEmail
20:27:08.412 INFO  manager.TestNGListener - Start test --->loginWrongPassword
20:27:08.412 INFO  manager.TestNGListener - Skipped test --->loginWrongPassword
