13:40:20.052 INFO  manager.ApplicationManager - All tests run in Chrome Browser
13:40:20.234 INFO  manager.WDListener - Url-->https://telranedu.web.app/
13:40:21.005 INFO  manager.WDListener - Before find element -->By.xpath: //a[text() = 'LOGIN']
13:40:21.022 INFO  manager.WDListener - After find element -->By.xpath: //a[text() = 'LOGIN']
13:40:21.031 INFO  manager.WDListener - Location of element (2450, 34)
13:40:21.043 INFO  manager.WDListener - Before click element -->atext = LOGIN
13:40:21.088 INFO  manager.WDListener - After click element -->a
13:40:21.091 INFO  manager.WDListener - Before find element -->By.name: email
13:40:21.107 INFO  manager.WDListener - After find element -->By.name: email
13:40:21.113 INFO  manager.WDListener - Location of element (1080, 250)
13:40:21.210 INFO  manager.WDListener - sendKeys -->inputtext
13:40:21.210 INFO  manager.WDListener - Before find element -->By.xpath: //input[last()]
13:40:21.223 INFO  manager.WDListener - After find element -->By.xpath: //input[last()]
13:40:21.228 INFO  manager.WDListener - Location of element (1080, 320)
13:40:21.282 INFO  manager.WDListener - sendKeys -->inputtext
13:40:21.282 INFO  manager.WDListener - Before find element -->By.cssSelector: button[name='login']
13:40:21.294 INFO  manager.WDListener - After find element -->By.cssSelector: button[name='login']
13:40:21.300 INFO  manager.WDListener - Location of element (1080, 390)
13:40:21.309 INFO  manager.WDListener - Before click element -->buttontext = Login
13:40:21.355 INFO  tests.TestBase - === Starting test: contactFailEmptyFields ===
13:40:21.357 INFO  manager.TestNGListener - Start test --->contactFailEmptyFields
13:40:21.358 INFO  manager.WDListener - Before find element -->By.xpath: //a[@href='/add']
13:40:22.479 INFO  manager.WDListener - After find element -->By.xpath: //a[@href='/add']
13:40:22.489 INFO  manager.WDListener - Location of element (2023, 34)
13:40:22.513 INFO  manager.WDListener - Before click element -->atext = ADD
13:40:22.561 INFO  manager.WDListener - After click element -->a
13:40:22.562 INFO  manager.WDListener - Before find element -->By.xpath: //input[@placeholder='Name']
13:40:22.575 INFO  manager.WDListener - After find element -->By.xpath: //input[@placeholder='Name']
13:40:22.581 INFO  manager.WDListener - Location of element (396, 165)
13:40:22.636 INFO  manager.WDListener - sendKeys -->inputtext
13:40:22.636 INFO  manager.WDListener - Before find element -->By.xpath: //input[@placeholder='Last Name']
13:40:22.649 INFO  manager.WDListener - After find element -->By.xpath: //input[@placeholder='Last Name']
13:40:22.656 INFO  manager.WDListener - Location of element (396, 239)
13:40:22.717 INFO  manager.WDListener - sendKeys -->inputtext
13:40:22.717 INFO  manager.WDListener - Before find element -->By.xpath: //input[@placeholder='Phone']
13:40:22.731 INFO  manager.WDListener - After find element -->By.xpath: //input[@placeholder='Phone']
13:40:22.740 INFO  manager.WDListener - Location of element (396, 313)
13:40:22.792 INFO  manager.WDListener - sendKeys -->inputtext
13:40:22.793 INFO  manager.WDListener - Before find element -->By.xpath: //input[@placeholder='email']
13:40:22.805 INFO  manager.WDListener - After find element -->By.xpath: //input[@placeholder='email']
13:40:22.813 INFO  manager.WDListener - Location of element (396, 387)
13:40:22.862 INFO  manager.WDListener - sendKeys -->inputtext
13:40:22.862 INFO  manager.WDListener - Before find element -->By.xpath: //input[@placeholder='Address']
13:40:22.875 INFO  manager.WDListener - After find element -->By.xpath: //input[@placeholder='Address']
13:40:22.880 INFO  manager.WDListener - Location of element (396, 461)
13:40:22.930 INFO  manager.WDListener - sendKeys -->inputtext
13:40:22.930 INFO  manager.WDListener - Before find element -->By.xpath: //input[@placeholder='description']
13:40:22.943 INFO  manager.WDListener - After find element -->By.xpath: //input[@placeholder='description']
13:40:22.949 INFO  manager.WDListener - Location of element (396, 535)
13:40:22.969 INFO  manager.WDListener - Huston, we have a problem!
13:40:22.969 INFO  manager.WDListener - Object target --> [[ChromeDriver: chrome on windows (02c569d51191369d37af13ebf853edef)] -> xpath: //input[@placeholder='description']]
13:40:22.969 INFO  manager.WDListener - ******************************
13:40:22.969 INFO  manager.WDListener - Method name -->sendKeys
13:40:22.969 INFO  manager.WDListener - ******************************
13:40:22.969 INFO  manager.WDListener - InvocationTargetExceptionjava.lang.IllegalArgumentException: Keys to send should be a not null CharSequence
13:40:22.969 INFO  manager.WDListener - ******************************
13:40:22.974 INFO  manager.TestNGListener - Fail test --->contactFailEmptyFields
13:40:22.974 INFO  tests.TestBase - === Starting test: contactFailEmptyPhone ===
13:40:22.974 INFO  manager.TestNGListener - Start test --->contactFailEmptyPhone
13:40:22.974 INFO  manager.WDListener - Before find element -->By.xpath: //a[@href='/add']
13:40:22.974 INFO  manager.WDListener - After find element -->By.xpath: //a[@href='/add']
13:40:22.990 INFO  manager.WDListener - Location of element (2021, 33)
13:40:23.006 INFO  manager.WDListener - Before click element -->atext = ADD
13:40:23.044 INFO  manager.WDListener - After click element -->a
13:40:23.044 INFO  manager.WDListener - Before find element -->By.xpath: //input[@placeholder='Name']
13:40:23.051 INFO  manager.WDListener - After find element -->By.xpath: //input[@placeholder='Name']
13:40:23.058 INFO  manager.WDListener - Location of element (396, 165)
13:40:23.118 INFO  manager.WDListener - sendKeys -->inputtext
13:40:23.118 INFO  manager.WDListener - Before find element -->By.xpath: //input[@placeholder='Last Name']
13:40:23.125 INFO  manager.WDListener - After find element -->By.xpath: //input[@placeholder='Last Name']
13:40:23.125 INFO  manager.WDListener - Location of element (396, 239)
13:40:23.184 INFO  manager.WDListener - sendKeys -->inputtext
13:40:23.184 INFO  manager.WDListener - Before find element -->By.xpath: //input[@placeholder='Phone']
13:40:23.188 INFO  manager.WDListener - After find element -->By.xpath: //input[@placeholder='Phone']
13:40:23.188 INFO  manager.WDListener - Location of element (396, 313)
13:40:23.246 INFO  manager.WDListener - sendKeys -->inputtext
13:40:23.247 INFO  manager.WDListener - Before find element -->By.xpath: //input[@placeholder='email']
13:40:23.254 INFO  manager.WDListener - After find element -->By.xpath: //input[@placeholder='email']
13:40:23.262 INFO  manager.WDListener - Location of element (396, 387)
13:40:23.313 INFO  manager.WDListener - sendKeys -->inputtext
13:40:23.313 INFO  manager.WDListener - Before find element -->By.xpath: //input[@placeholder='Address']
13:40:23.326 INFO  manager.WDListener - After find element -->By.xpath: //input[@placeholder='Address']
13:40:23.331 INFO  manager.WDListener - Location of element (396, 461)
13:40:23.375 INFO  manager.WDListener - sendKeys -->inputtext
13:40:23.375 INFO  manager.WDListener - Before find element -->By.xpath: //input[@placeholder='description']
13:40:23.388 INFO  manager.WDListener - After find element -->By.xpath: //input[@placeholder='description']
13:40:23.388 INFO  manager.WDListener - Location of element (396, 535)
13:40:23.423 INFO  manager.WDListener - Huston, we have a problem!
13:40:23.423 INFO  manager.WDListener - Object target --> [[ChromeDriver: chrome on windows (02c569d51191369d37af13ebf853edef)] -> xpath: //input[@placeholder='description']]
13:40:23.423 INFO  manager.WDListener - ******************************
13:40:23.423 INFO  manager.WDListener - Method name -->sendKeys
13:40:23.423 INFO  manager.WDListener - ******************************
13:40:23.423 INFO  manager.WDListener - InvocationTargetExceptionjava.lang.IllegalArgumentException: Keys to send should be a not null CharSequence
13:40:23.423 INFO  manager.WDListener - ******************************
13:40:23.425 INFO  manager.TestNGListener - Fail test --->contactFailEmptyPhone
13:40:23.426 INFO  tests.TestBase - === Starting test: contactFailWrongEmail ===
13:40:23.426 INFO  manager.TestNGListener - Start test --->contactFailWrongEmail
13:40:23.426 INFO  manager.WDListener - Before find element -->By.xpath: //a[@href='/add']
13:40:23.436 INFO  manager.WDListener - After find element -->By.xpath: //a[@href='/add']
13:40:23.439 INFO  manager.WDListener - Location of element (2021, 33)
13:40:23.454 INFO  manager.WDListener - Before click element -->atext = ADD
13:40:23.490 INFO  manager.WDListener - After click element -->a
13:40:23.490 INFO  manager.WDListener - Before find element -->By.xpath: //input[@placeholder='Name']
13:40:23.498 INFO  manager.WDListener - After find element -->By.xpath: //input[@placeholder='Name']
13:40:23.504 INFO  manager.WDListener - Location of element (396, 165)
13:40:23.555 INFO  manager.WDListener - sendKeys -->inputtext
13:40:23.555 INFO  manager.WDListener - Before find element -->By.xpath: //input[@placeholder='Last Name']
13:40:23.555 INFO  manager.WDListener - After find element -->By.xpath: //input[@placeholder='Last Name']
13:40:23.576 INFO  manager.WDListener - Location of element (396, 239)
13:40:23.630 INFO  manager.WDListener - sendKeys -->inputtext
13:40:23.630 INFO  manager.WDListener - Before find element -->By.xpath: //input[@placeholder='Phone']
13:40:23.639 INFO  manager.WDListener - After find element -->By.xpath: //input[@placeholder='Phone']
13:40:23.642 INFO  manager.WDListener - Location of element (396, 313)
13:40:23.702 INFO  manager.WDListener - sendKeys -->inputtext
13:40:23.703 INFO  manager.WDListener - Before find element -->By.xpath: //input[@placeholder='email']
13:40:23.705 INFO  manager.WDListener - After find element -->By.xpath: //input[@placeholder='email']
13:40:23.705 INFO  manager.WDListener - Location of element (396, 387)
13:40:23.773 INFO  manager.WDListener - sendKeys -->inputtext
13:40:23.773 INFO  manager.WDListener - Before find element -->By.xpath: //input[@placeholder='Address']
13:40:23.789 INFO  manager.WDListener - After find element -->By.xpath: //input[@placeholder='Address']
13:40:23.795 INFO  manager.WDListener - Location of element (396, 461)
13:40:23.856 INFO  manager.WDListener - sendKeys -->inputtext
13:40:23.856 INFO  manager.WDListener - Before find element -->By.xpath: //input[@placeholder='description']
13:40:23.873 INFO  manager.WDListener - After find element -->By.xpath: //input[@placeholder='description']
13:40:23.878 INFO  manager.WDListener - Location of element (396, 535)
13:40:23.907 INFO  manager.WDListener - Huston, we have a problem!
13:40:23.907 INFO  manager.WDListener - Object target --> [[ChromeDriver: chrome on windows (02c569d51191369d37af13ebf853edef)] -> xpath: //input[@placeholder='description']]
13:40:23.907 INFO  manager.WDListener - ******************************
13:40:23.907 INFO  manager.WDListener - Method name -->sendKeys
13:40:23.907 INFO  manager.WDListener - ******************************
13:40:23.907 INFO  manager.WDListener - InvocationTargetExceptionjava.lang.IllegalArgumentException: Keys to send should be a not null CharSequence
13:40:23.907 INFO  manager.WDListener - ******************************
13:40:23.907 INFO  manager.TestNGListener - Fail test --->contactFailWrongEmail
13:40:23.907 INFO  tests.TestBase - === Starting test: contactFailWrongLastName ===
13:40:23.907 INFO  manager.TestNGListener - Start test --->contactFailWrongLastName
13:40:23.907 INFO  manager.WDListener - Before find element -->By.xpath: //a[@href='/add']
13:40:23.907 INFO  manager.WDListener - After find element -->By.xpath: //a[@href='/add']
13:40:23.923 INFO  manager.WDListener - Location of element (2021, 33)
13:40:23.939 INFO  manager.WDListener - Before click element -->atext = ADD
13:40:23.973 INFO  manager.WDListener - After click element -->a
13:40:23.973 INFO  manager.WDListener - Before find element -->By.xpath: //input[@placeholder='Name']
13:40:23.980 INFO  manager.WDListener - After find element -->By.xpath: //input[@placeholder='Name']
13:40:23.985 INFO  manager.WDListener - Location of element (396, 165)
13:40:24.058 INFO  manager.WDListener - sendKeys -->inputtext
13:40:24.059 INFO  manager.WDListener - Before find element -->By.xpath: //input[@placeholder='Last Name']
13:40:24.066 INFO  manager.WDListener - After find element -->By.xpath: //input[@placeholder='Last Name']
13:40:24.073 INFO  manager.WDListener - Location of element (396, 239)
13:40:24.127 INFO  manager.WDListener - sendKeys -->inputtext
13:40:24.127 INFO  manager.WDListener - Before find element -->By.xpath: //input[@placeholder='Phone']
13:40:24.139 INFO  manager.WDListener - After find element -->By.xpath: //input[@placeholder='Phone']
13:40:24.145 INFO  manager.WDListener - Location of element (396, 313)
13:40:24.223 INFO  manager.WDListener - sendKeys -->inputtext
13:40:24.223 INFO  manager.WDListener - Before find element -->By.xpath: //input[@placeholder='email']
13:40:24.223 INFO  manager.WDListener - After find element -->By.xpath: //input[@placeholder='email']
13:40:24.240 INFO  manager.WDListener - Location of element (396, 387)
13:40:24.289 INFO  manager.WDListener - sendKeys -->inputtext
13:40:24.289 INFO  manager.WDListener - Before find element -->By.xpath: //input[@placeholder='Address']
13:40:24.306 INFO  manager.WDListener - After find element -->By.xpath: //input[@placeholder='Address']
13:40:24.306 INFO  manager.WDListener - Location of element (396, 461)
13:40:24.389 INFO  manager.WDListener - sendKeys -->inputtext
13:40:24.389 INFO  manager.WDListener - Before find element -->By.xpath: //input[@placeholder='description']
13:40:24.400 INFO  manager.WDListener - After find element -->By.xpath: //input[@placeholder='description']
13:40:24.408 INFO  manager.WDListener - Location of element (396, 535)
13:40:24.428 INFO  manager.WDListener - Huston, we have a problem!
13:40:24.429 INFO  manager.WDListener - Object target --> [[ChromeDriver: chrome on windows (02c569d51191369d37af13ebf853edef)] -> xpath: //input[@placeholder='description']]
13:40:24.429 INFO  manager.WDListener - ******************************
13:40:24.429 INFO  manager.WDListener - Method name -->sendKeys
13:40:24.429 INFO  manager.WDListener - ******************************
13:40:24.429 INFO  manager.WDListener - InvocationTargetExceptionjava.lang.IllegalArgumentException: Keys to send should be a not null CharSequence
13:40:24.429 INFO  manager.WDListener - ******************************
13:40:24.429 INFO  manager.TestNGListener - Fail test --->contactFailWrongLastName
13:40:24.430 INFO  tests.TestBase - === Starting test: contactFailWrongName ===
13:40:24.430 INFO  manager.TestNGListener - Start test --->contactFailWrongName
13:40:24.430 INFO  manager.WDListener - Before find element -->By.xpath: //a[@href='/add']
13:40:24.439 INFO  manager.WDListener - After find element -->By.xpath: //a[@href='/add']
13:40:24.439 INFO  manager.WDListener - Location of element (2021, 33)
13:40:24.465 INFO  manager.WDListener - Before click element -->atext = ADD
13:40:24.492 INFO  manager.WDListener - After click element -->a
13:40:24.492 INFO  manager.WDListener - Before find element -->By.xpath: //input[@placeholder='Name']
13:40:24.508 INFO  manager.WDListener - After find element -->By.xpath: //input[@placeholder='Name']
13:40:24.515 INFO  manager.WDListener - Location of element (396, 165)
13:40:24.574 INFO  manager.WDListener - sendKeys -->inputtext
13:40:24.574 INFO  manager.WDListener - Before find element -->By.xpath: //input[@placeholder='Last Name']
13:40:24.581 INFO  manager.WDListener - After find element -->By.xpath: //input[@placeholder='Last Name']
13:40:24.586 INFO  manager.WDListener - Location of element (396, 239)
13:40:24.640 INFO  manager.WDListener - sendKeys -->inputtext
13:40:24.640 INFO  manager.WDListener - Before find element -->By.xpath: //input[@placeholder='Phone']
13:40:24.655 INFO  manager.WDListener - After find element -->By.xpath: //input[@placeholder='Phone']
13:40:24.662 INFO  manager.WDListener - Location of element (396, 313)
13:40:24.724 INFO  manager.WDListener - sendKeys -->inputtext
13:40:24.724 INFO  manager.WDListener - Before find element -->By.xpath: //input[@placeholder='email']
13:40:24.724 INFO  manager.WDListener - After find element -->By.xpath: //input[@placeholder='email']
13:40:24.724 INFO  manager.WDListener - Location of element (396, 387)
13:40:24.790 INFO  manager.WDListener - sendKeys -->inputtext
13:40:24.790 INFO  manager.WDListener - Before find element -->By.xpath: //input[@placeholder='Address']
13:40:24.807 INFO  manager.WDListener - After find element -->By.xpath: //input[@placeholder='Address']
13:40:24.813 INFO  manager.WDListener - Location of element (396, 461)
13:40:24.874 INFO  manager.WDListener - sendKeys -->inputtext
13:40:24.874 INFO  manager.WDListener - Before find element -->By.xpath: //input[@placeholder='description']
13:40:24.874 INFO  manager.WDListener - After find element -->By.xpath: //input[@placeholder='description']
13:40:24.889 INFO  manager.WDListener - Location of element (396, 535)
13:40:24.941 INFO  manager.WDListener - sendKeys -->inputtext
13:40:24.941 INFO  manager.WDListener - Before find element -->By.xpath: //*[text()='Save']
13:40:24.961 INFO  manager.WDListener - After find element -->By.xpath: //*[text()='Save']
13:40:24.966 INFO  manager.WDListener - Location of element (1271, 622)
13:40:24.983 INFO  manager.WDListener - Before click element -->btext = Save
13:40:25.015 INFO  manager.WDListener - After click element -->b
13:40:25.015 INFO  manager.WDListener - Before find element -->By.xpath: //a[@href='/add']
13:40:25.027 INFO  manager.WDListener - After find element -->By.xpath: //a[@href='/add']
13:40:25.033 INFO  manager.WDListener - Location of element (2021, 33)
13:40:25.054 INFO  manager.TestNGListener - Success test --->contactFailWrongName
13:40:25.056 INFO  tests.TestBase - === Starting test: contactFailWrongPhone ===
13:40:25.056 INFO  manager.TestNGListener - Start test --->contactFailWrongPhone
13:40:25.056 INFO  tests.TestBase - Test run with dataContact(name=John, lastName=Wick, phone=123, email=john@gmail.com, address=Haifa, description=john)
13:40:25.056 INFO  manager.WDListener - Before find element -->By.xpath: //a[@href='/add']
13:40:25.056 INFO  manager.WDListener - After find element -->By.xpath: //a[@href='/add']
13:40:25.072 INFO  manager.WDListener - Location of element (2021, 33)
13:40:25.088 INFO  manager.WDListener - Before click element -->atext = ADD
13:40:25.130 INFO  manager.WDListener - After click element -->a
13:40:25.130 INFO  manager.WDListener - Before find element -->By.xpath: //input[@placeholder='Name']
13:40:25.137 INFO  manager.WDListener - After find element -->By.xpath: //input[@placeholder='Name']
13:40:25.145 INFO  manager.WDListener - Location of element (396, 165)
13:40:25.224 INFO  manager.WDListener - sendKeys -->inputtext
13:40:25.224 INFO  manager.WDListener - Before find element -->By.xpath: //input[@placeholder='Last Name']
13:40:25.224 INFO  manager.WDListener - After find element -->By.xpath: //input[@placeholder='Last Name']
13:40:25.224 INFO  manager.WDListener - Location of element (396, 239)
13:40:25.290 INFO  manager.WDListener - sendKeys -->inputtext
13:40:25.290 INFO  manager.WDListener - Before find element -->By.xpath: //input[@placeholder='Phone']
13:40:25.306 INFO  manager.WDListener - After find element -->By.xpath: //input[@placeholder='Phone']
13:40:25.311 INFO  manager.WDListener - Location of element (396, 313)
13:40:25.374 INFO  manager.WDListener - sendKeys -->inputtext
13:40:25.374 INFO  manager.WDListener - Before find element -->By.xpath: //input[@placeholder='email']
13:40:25.374 INFO  manager.WDListener - After find element -->By.xpath: //input[@placeholder='email']
13:40:25.394 INFO  manager.WDListener - Location of element (396, 387)
13:40:25.437 INFO  manager.WDListener - Huston, we have a problem!
13:40:25.437 INFO  manager.WDListener - Object target --> [[ChromeDriver: chrome on windows (02c569d51191369d37af13ebf853edef)] -> xpath: //input[@placeholder='email']]
13:40:25.437 INFO  manager.WDListener - ******************************
13:40:25.437 INFO  manager.WDListener - Method name -->sendKeys
13:40:25.437 INFO  manager.WDListener - ******************************
13:40:25.437 INFO  manager.WDListener - InvocationTargetExceptionorg.openqa.selenium.StaleElementReferenceException: stale element reference: stale element not found in the current frame
  (Session info: chrome=137.0.7151.104)
For documentation on this error, please visit: https://www.selenium.dev/documentation/webdriver/troubleshooting/errors#stale-element-reference-exception
Build info: version: '4.16.1', revision: '9b4c83354e'
System info: os.name: 'Windows 11', os.arch: 'amd64', os.version: '10.0', java.version: '11.0.21'
Driver info: org.openqa.selenium.chrome.ChromeDriver
Command: [02c569d51191369d37af13ebf853edef, sendKeysToElement {id=f.787B452F7D750D572A60EA617D1F4EDD.d.CE6EFF051B6B18C40FC9F403DEC88688.e.74, value=[Ljava.lang.CharSequence;@237add}]
Capabilities {acceptInsecureCerts: false, browserName: chrome, browserVersion: 137.0.7151.104, chrome: {chromedriverVersion: 137.0.7151.40 (84781974514a..., userDataDir: C:\Users\kalin\AppData\Loca...}, fedcm:accounts: true, goog:chromeOptions: {debuggerAddress: localhost:63357}, networkConnectionEnabled: false, pageLoadStrategy: normal, platformName: windows, proxy: Proxy(), se:cdp: ws://localhost:63357/devtoo..., se:cdpVersion: 137.0.7151.104, setWindowRect: true, strictFileInteractability: false, timeouts: {implicit: 0, pageLoad: 300000, script: 30000}, unhandledPromptBehavior: dismiss and notify, webauthn:extension:credBlob: true, webauthn:extension:largeBlob: true, webauthn:extension:minPinLength: true, webauthn:extension:prf: true, webauthn:virtualAuthenticators: true}
Element: [[ChromeDriver: chrome on windows (02c569d51191369d37af13ebf853edef)] -> xpath: //input[@placeholder='email']]
Session ID: 02c569d51191369d37af13ebf853edef
13:40:25.437 INFO  manager.WDListener - ******************************
13:40:25.438 INFO  manager.TestNGListener - Fail test --->contactFailWrongPhone
13:40:25.439 INFO  tests.TestBase - === Starting test: contactFailWrongPhone ===
13:40:25.439 INFO  manager.TestNGListener - Start test --->contactFailWrongPhone
13:40:25.439 INFO  tests.TestBase - Test run with dataContact(name=John, lastName=Wick, phone=wwwwwwwwwwwwwwwwwwww, email=john@gmail.com, address=Haifa, description=john)
13:40:25.439 INFO  manager.WDListener - Before find element -->By.xpath: //a[@href='/add']
13:40:25.448 INFO  manager.WDListener - After find element -->By.xpath: //a[@href='/add']
13:40:25.454 INFO  manager.WDListener - Location of element (2023, 34)
13:40:25.470 INFO  manager.WDListener - Before click element -->atext = ADD
13:40:25.500 INFO  manager.WDListener - After click element -->a
13:40:25.500 INFO  manager.WDListener - Before find element -->By.xpath: //input[@placeholder='Name']
13:40:25.510 INFO  manager.WDListener - After find element -->By.xpath: //input[@placeholder='Name']
13:40:25.517 INFO  manager.WDListener - Location of element (396, 165)
13:40:25.569 INFO  manager.WDListener - sendKeys -->inputtext
13:40:25.569 INFO  manager.WDListener - Before find element -->By.xpath: //input[@placeholder='Last Name']
13:40:25.574 INFO  manager.WDListener - After find element -->By.xpath: //input[@placeholder='Last Name']
13:40:25.574 INFO  manager.WDListener - Location of element (396, 239)
13:40:25.641 INFO  manager.WDListener - sendKeys -->inputtext
13:40:25.642 INFO  manager.WDListener - Before find element -->By.xpath: //input[@placeholder='Phone']
13:40:25.648 INFO  manager.WDListener - After find element -->By.xpath: //input[@placeholder='Phone']
13:40:25.654 INFO  manager.WDListener - Location of element (396, 313)
13:40:25.724 INFO  manager.WDListener - sendKeys -->inputtext
13:40:25.724 INFO  manager.WDListener - Before find element -->By.xpath: //input[@placeholder='email']
13:40:25.724 INFO  manager.WDListener - After find element -->By.xpath: //input[@placeholder='email']
13:40:25.735 INFO  manager.WDListener - Location of element (396, 387)
13:40:25.791 INFO  manager.WDListener - sendKeys -->inputtext
13:40:25.791 INFO  manager.WDListener - Before find element -->By.xpath: //input[@placeholder='Address']
13:40:25.791 INFO  manager.WDListener - After find element -->By.xpath: //input[@placeholder='Address']
13:40:25.809 INFO  manager.WDListener - Location of element (396, 461)
13:40:25.863 INFO  manager.WDListener - sendKeys -->inputtext
13:40:25.874 INFO  manager.WDListener - Before find element -->By.xpath: //input[@placeholder='description']
13:40:25.874 INFO  manager.WDListener - After find element -->By.xpath: //input[@placeholder='description']
13:40:25.874 INFO  manager.WDListener - Location of element (396, 535)
13:40:25.936 INFO  manager.WDListener - sendKeys -->inputtext
13:40:25.936 INFO  manager.WDListener - Before find element -->By.xpath: //*[text()='Save']
13:40:25.960 INFO  manager.WDListener - After find element -->By.xpath: //*[text()='Save']
13:40:25.965 INFO  manager.WDListener - Location of element (1271, 622)
13:40:25.979 INFO  manager.WDListener - Before click element -->btext = Save
13:40:26.008 INFO  manager.WDListener - After click element -->b
13:40:26.008 INFO  manager.WDListener - Before find element -->By.xpath: //a[@href='/add']
13:40:26.013 INFO  manager.WDListener - After find element -->By.xpath: //a[@href='/add']
13:40:26.026 INFO  manager.WDListener - Location of element (2021, 33)
13:40:26.041 INFO  manager.WDListener - Huston, we have a problem!
13:40:26.041 INFO  manager.WDListener - Object target --> org.openqa.selenium.remote.RemoteWebDriver$RemoteTargetLocator@72465eb2
13:40:26.041 INFO  manager.WDListener - ******************************
13:40:26.041 INFO  manager.WDListener - Method name -->alert
13:40:26.041 INFO  manager.WDListener - ******************************
13:40:26.041 INFO  manager.WDListener - InvocationTargetExceptionorg.openqa.selenium.NoAlertPresentException: no such alert
  (Session info: chrome=137.0.7151.104)
Build info: version: '4.16.1', revision: '9b4c83354e'
System info: os.name: 'Windows 11', os.arch: 'amd64', os.version: '10.0', java.version: '11.0.21'
Driver info: org.openqa.selenium.chrome.ChromeDriver
Command: [02c569d51191369d37af13ebf853edef, getAlertText {}]
Capabilities {acceptInsecureCerts: false, browserName: chrome, browserVersion: 137.0.7151.104, chrome: {chromedriverVersion: 137.0.7151.40 (84781974514a..., userDataDir: C:\Users\kalin\AppData\Loca...}, fedcm:accounts: true, goog:chromeOptions: {debuggerAddress: localhost:63357}, networkConnectionEnabled: false, pageLoadStrategy: normal, platformName: windows, proxy: Proxy(), se:cdp: ws://localhost:63357/devtoo..., se:cdpVersion: 137.0.7151.104, setWindowRect: true, strictFileInteractability: false, timeouts: {implicit: 0, pageLoad: 300000, script: 30000}, unhandledPromptBehavior: dismiss and notify, webauthn:extension:credBlob: true, webauthn:extension:largeBlob: true, webauthn:extension:minPinLength: true, webauthn:extension:prf: true, webauthn:virtualAuthenticators: true}
Session ID: 02c569d51191369d37af13ebf853edef
13:40:26.041 INFO  manager.WDListener - ******************************
13:40:26.589 INFO  manager.TestNGListener - Success test --->contactFailWrongPhone
13:40:26.590 INFO  tests.TestBase - === Starting test: contactFailWrongPhone ===
13:40:26.590 INFO  manager.TestNGListener - Start test --->contactFailWrongPhone
13:40:26.590 INFO  tests.TestBase - Test run with dataContact(name=John, lastName=Wick, phone=12312345678909123, email=john@gmail.com, address=Haifa, description=john)
13:40:26.590 INFO  manager.WDListener - Before find element -->By.xpath: //a[@href='/add']
13:40:26.600 INFO  manager.WDListener - After find element -->By.xpath: //a[@href='/add']
13:40:26.605 INFO  manager.WDListener - Location of element (2021, 33)
13:40:26.623 INFO  manager.WDListener - Before click element -->atext = ADD
13:40:26.651 INFO  manager.WDListener - After click element -->a
13:40:26.651 INFO  manager.WDListener - Before find element -->By.xpath: //input[@placeholder='Name']
13:40:26.658 INFO  manager.WDListener - After find element -->By.xpath: //input[@placeholder='Name']
13:40:26.663 INFO  manager.WDListener - Location of element (396, 165)
13:40:26.733 INFO  manager.WDListener - sendKeys -->inputtext
13:40:26.733 INFO  manager.WDListener - Before find element -->By.xpath: //input[@placeholder='Last Name']
13:40:26.740 INFO  manager.WDListener - After find element -->By.xpath: //input[@placeholder='Last Name']
13:40:26.746 INFO  manager.WDListener - Location of element (396, 239)
13:40:26.801 INFO  manager.WDListener - sendKeys -->inputtext
13:40:26.801 INFO  manager.WDListener - Before find element -->By.xpath: //input[@placeholder='Phone']
13:40:26.807 INFO  manager.WDListener - After find element -->By.xpath: //input[@placeholder='Phone']
13:40:26.812 INFO  manager.WDListener - Location of element (396, 313)
13:40:26.874 INFO  manager.WDListener - sendKeys -->inputtext
13:40:26.874 INFO  manager.WDListener - Before find element -->By.xpath: //input[@placeholder='email']
13:40:26.881 INFO  manager.WDListener - After find element -->By.xpath: //input[@placeholder='email']
13:40:26.886 INFO  manager.WDListener - Location of element (396, 387)
13:40:26.940 INFO  manager.WDListener - sendKeys -->inputtext
13:40:26.940 INFO  manager.WDListener - Before find element -->By.xpath: //input[@placeholder='Address']
13:40:26.940 INFO  manager.WDListener - After find element -->By.xpath: //input[@placeholder='Address']
13:40:26.956 INFO  manager.WDListener - Location of element (396, 461)
13:40:27.023 INFO  manager.WDListener - sendKeys -->inputtext
13:40:27.023 INFO  manager.WDListener - Before find element -->By.xpath: //input[@placeholder='description']
13:40:27.031 INFO  manager.WDListener - After find element -->By.xpath: //input[@placeholder='description']
13:40:27.039 INFO  manager.WDListener - Location of element (396, 535)
13:40:27.110 INFO  manager.WDListener - sendKeys -->inputtext
13:40:27.110 INFO  manager.WDListener - Before find element -->By.xpath: //*[text()='Save']
13:40:27.143 INFO  manager.WDListener - After find element -->By.xpath: //*[text()='Save']
13:40:27.147 INFO  manager.WDListener - Location of element (1271, 622)
13:40:27.164 INFO  manager.WDListener - Before click element -->btext = Save
13:40:27.190 INFO  manager.WDListener - After click element -->b
13:40:27.190 INFO  manager.WDListener - Before find element -->By.xpath: //a[@href='/add']
13:40:27.190 INFO  manager.WDListener - After find element -->By.xpath: //a[@href='/add']
13:40:27.190 INFO  manager.WDListener - Location of element (2021, 33)
13:40:27.216 INFO  manager.WDListener - Huston, we have a problem!
13:40:27.216 INFO  manager.WDListener - Object target --> org.openqa.selenium.remote.RemoteWebDriver$RemoteTargetLocator@241b971f
13:40:27.216 INFO  manager.WDListener - ******************************
13:40:27.216 INFO  manager.WDListener - Method name -->alert
13:40:27.216 INFO  manager.WDListener - ******************************
13:40:27.216 INFO  manager.WDListener - InvocationTargetExceptionorg.openqa.selenium.NoAlertPresentException: no such alert
  (Session info: chrome=137.0.7151.104)
Build info: version: '4.16.1', revision: '9b4c83354e'
System info: os.name: 'Windows 11', os.arch: 'amd64', os.version: '10.0', java.version: '11.0.21'
Driver info: org.openqa.selenium.chrome.ChromeDriver
Command: [02c569d51191369d37af13ebf853edef, getAlertText {}]
Capabilities {acceptInsecureCerts: false, browserName: chrome, browserVersion: 137.0.7151.104, chrome: {chromedriverVersion: 137.0.7151.40 (84781974514a..., userDataDir: C:\Users\kalin\AppData\Loca...}, fedcm:accounts: true, goog:chromeOptions: {debuggerAddress: localhost:63357}, networkConnectionEnabled: false, pageLoadStrategy: normal, platformName: windows, proxy: Proxy(), se:cdp: ws://localhost:63357/devtoo..., se:cdpVersion: 137.0.7151.104, setWindowRect: true, strictFileInteractability: false, timeouts: {implicit: 0, pageLoad: 300000, script: 30000}, unhandledPromptBehavior: dismiss and notify, webauthn:extension:credBlob: true, webauthn:extension:largeBlob: true, webauthn:extension:minPinLength: true, webauthn:extension:prf: true, webauthn:virtualAuthenticators: true}
Session ID: 02c569d51191369d37af13ebf853edef
13:40:27.217 INFO  manager.WDListener - ******************************
13:40:27.750 INFO  manager.TestNGListener - Success test --->contactFailWrongPhone
13:40:27.750 INFO  tests.TestBase - === Starting test: contactSuccess ===
13:40:27.752 INFO  manager.TestNGListener - Start test --->contactSuccess
13:40:27.752 INFO  manager.WDListener - Before find element -->By.xpath: //a[@href='/add']
13:40:27.761 INFO  manager.WDListener - After find element -->By.xpath: //a[@href='/add']
13:40:27.765 INFO  manager.WDListener - Location of element (2021, 33)
13:40:27.776 INFO  manager.WDListener - Before click element -->atext = ADD
13:40:27.826 INFO  manager.WDListener - After click element -->a
13:40:27.827 INFO  manager.WDListener - Before find element -->By.xpath: //input[@placeholder='Name']
13:40:27.833 INFO  manager.WDListener - After find element -->By.xpath: //input[@placeholder='Name']
13:40:27.839 INFO  manager.WDListener - Location of element (396, 165)
13:40:27.892 INFO  manager.WDListener - sendKeys -->inputtext
13:40:27.892 INFO  manager.WDListener - Before find element -->By.xpath: //input[@placeholder='Last Name']
13:40:27.908 INFO  manager.WDListener - After find element -->By.xpath: //input[@placeholder='Last Name']
13:40:27.914 INFO  manager.WDListener - Location of element (396, 239)
13:40:27.981 INFO  manager.WDListener - sendKeys -->inputtext
13:40:27.981 INFO  manager.WDListener - Before find element -->By.xpath: //input[@placeholder='Phone']
13:40:27.988 INFO  manager.WDListener - After find element -->By.xpath: //input[@placeholder='Phone']
13:40:27.995 INFO  manager.WDListener - Location of element (396, 313)
13:40:28.058 INFO  manager.WDListener - sendKeys -->inputtext
13:40:28.058 INFO  manager.WDListener - Before find element -->By.xpath: //input[@placeholder='email']
13:40:28.065 INFO  manager.WDListener - After find element -->By.xpath: //input[@placeholder='email']
13:40:28.070 INFO  manager.WDListener - Location of element (396, 387)
13:40:28.124 INFO  manager.WDListener - sendKeys -->inputtext
13:40:28.124 INFO  manager.WDListener - Before find element -->By.xpath: //input[@placeholder='Address']
13:40:28.124 INFO  manager.WDListener - After find element -->By.xpath: //input[@placeholder='Address']
13:40:28.145 INFO  manager.WDListener - Location of element (396, 461)
13:40:28.192 INFO  manager.WDListener - sendKeys -->inputtext
13:40:28.192 INFO  manager.WDListener - Before find element -->By.xpath: //input[@placeholder='description']
13:40:28.209 INFO  manager.WDListener - After find element -->By.xpath: //input[@placeholder='description']
13:40:28.209 INFO  manager.WDListener - Location of element (396, 535)
13:40:28.238 INFO  manager.WDListener - Huston, we have a problem!
13:40:28.238 INFO  manager.WDListener - Object target --> [[ChromeDriver: chrome on windows (02c569d51191369d37af13ebf853edef)] -> xpath: //input[@placeholder='description']]
13:40:28.238 INFO  manager.WDListener - ******************************
13:40:28.238 INFO  manager.WDListener - Method name -->sendKeys
13:40:28.238 INFO  manager.WDListener - ******************************
13:40:28.238 INFO  manager.WDListener - InvocationTargetExceptionjava.lang.IllegalArgumentException: Keys to send should be a not null CharSequence
13:40:28.238 INFO  manager.WDListener - ******************************
13:40:28.238 INFO  manager.TestNGListener - Fail test --->contactSuccess
13:40:28.239 INFO  tests.TestBase - === Starting test: contactSuccessAll ===
13:40:28.239 INFO  manager.TestNGListener - Start test --->contactSuccessAll
13:40:28.240 INFO  manager.WDListener - Before find element -->By.xpath: //a[@href='/add']
13:40:28.246 INFO  manager.WDListener - After find element -->By.xpath: //a[@href='/add']
13:40:28.246 INFO  manager.WDListener - Location of element (2021, 33)
13:40:28.272 INFO  manager.WDListener - Before click element -->atext = ADD
13:40:28.315 INFO  manager.WDListener - After click element -->a
13:40:28.315 INFO  manager.WDListener - Before find element -->By.xpath: //input[@placeholder='Name']
13:40:28.326 INFO  manager.WDListener - After find element -->By.xpath: //input[@placeholder='Name']
13:40:28.332 INFO  manager.WDListener - Location of element (396, 165)
13:40:28.377 INFO  manager.WDListener - sendKeys -->inputtext
13:40:28.377 INFO  manager.WDListener - Before find element -->By.xpath: //input[@placeholder='Last Name']
13:40:28.392 INFO  manager.WDListener - After find element -->By.xpath: //input[@placeholder='Last Name']
13:40:28.392 INFO  manager.WDListener - Location of element (396, 239)
13:40:28.459 INFO  manager.WDListener - sendKeys -->inputtext
13:40:28.459 INFO  manager.WDListener - Before find element -->By.xpath: //input[@placeholder='Phone']
13:40:28.459 INFO  manager.WDListener - After find element -->By.xpath: //input[@placeholder='Phone']
13:40:28.459 INFO  manager.WDListener - Location of element (396, 313)
13:40:28.526 INFO  manager.WDListener - sendKeys -->inputtext
13:40:28.526 INFO  manager.WDListener - Before find element -->By.xpath: //input[@placeholder='email']
13:40:28.526 INFO  manager.WDListener - After find element -->By.xpath: //input[@placeholder='email']
13:40:28.545 INFO  manager.WDListener - Location of element (396, 387)
13:40:28.591 INFO  manager.WDListener - sendKeys -->inputtext
13:40:28.591 INFO  manager.WDListener - Before find element -->By.xpath: //input[@placeholder='Address']
13:40:28.608 INFO  manager.WDListener - After find element -->By.xpath: //input[@placeholder='Address']
13:40:28.613 INFO  manager.WDListener - Location of element (396, 461)
13:40:28.692 INFO  manager.WDListener - sendKeys -->inputtext
13:40:28.692 INFO  manager.WDListener - Before find element -->By.xpath: //input[@placeholder='description']
13:40:28.697 INFO  manager.WDListener - After find element -->By.xpath: //input[@placeholder='description']
13:40:28.708 INFO  manager.WDListener - Location of element (396, 535)
13:40:28.758 INFO  manager.WDListener - sendKeys -->inputtext
13:40:29.041 INFO  manager.WDListener - Before find element -->By.xpath: //*[text()='Save']
13:40:29.057 INFO  manager.WDListener - After find element -->By.xpath: //*[text()='Save']
13:40:29.057 INFO  manager.WDListener - Location of element (1271, 622)
13:40:29.078 INFO  manager.WDListener - Before click element -->btext = Save
13:40:29.111 INFO  manager.WDListener - After click element -->b
13:40:29.111 INFO  manager.WDListener - Before find element -->By.xpath: //a[@href='/add']
13:40:29.118 INFO  manager.WDListener - After find element -->By.xpath: //a[@href='/add']
13:40:29.125 INFO  manager.WDListener - Location of element (2021, 33)
13:40:29.137 INFO  manager.WDListener - Before find element -->By.xpath: //h2[text() = 'John']
13:40:29.660 INFO  manager.WDListener - After find element -->By.xpath: //h2[text() = 'John']
13:40:29.673 INFO  manager.WDListener - Location of element (399, 505)
13:40:29.673 INFO  manager.WDListener - Before find element -->By.xpath: //h3[text()= '88005553535']
13:40:29.692 INFO  manager.WDListener - After find element -->By.xpath: //h3[text()= '88005553535']
13:40:29.692 INFO  manager.WDListener - Location of element (399, 557)
13:40:29.692 INFO  manager.TestNGListener - Success test --->contactSuccessAll
13:40:29.692 INFO  tests.TestBase - === Starting test: contactSuccessAllFieldsCSV ===
13:40:29.692 INFO  manager.TestNGListener - Start test --->contactSuccessAllFieldsCSV
13:40:29.692 INFO  manager.WDListener - Before find element -->By.xpath: //a[@href='/add']
13:40:29.721 INFO  manager.WDListener - After find element -->By.xpath: //a[@href='/add']
13:40:29.721 INFO  manager.WDListener - Location of element (2023, 34)
13:40:29.747 INFO  manager.WDListener - Before click element -->atext = ADD
13:40:29.781 INFO  manager.WDListener - After click element -->a
13:40:29.781 INFO  manager.WDListener - Before find element -->By.xpath: //input[@placeholder='Name']
13:40:29.788 INFO  manager.WDListener - After find element -->By.xpath: //input[@placeholder='Name']
13:40:29.796 INFO  manager.WDListener - Location of element (396, 165)
13:40:29.844 INFO  manager.WDListener - sendKeys -->inputtext
13:40:29.844 INFO  manager.WDListener - Before find element -->By.xpath: //input[@placeholder='Last Name']
13:40:29.862 INFO  manager.WDListener - After find element -->By.xpath: //input[@placeholder='Last Name']
13:40:29.868 INFO  manager.WDListener - Location of element (396, 239)
13:40:29.928 INFO  manager.WDListener - sendKeys -->inputtext
13:40:29.928 INFO  manager.WDListener - Before find element -->By.xpath: //input[@placeholder='Phone']
13:40:29.935 INFO  manager.WDListener - After find element -->By.xpath: //input[@placeholder='Phone']
13:40:29.940 INFO  manager.WDListener - Location of element (396, 313)
13:40:30.016 INFO  manager.WDListener - sendKeys -->inputtext
13:40:30.016 INFO  manager.WDListener - Before find element -->By.xpath: //input[@placeholder='email']
13:40:30.022 INFO  manager.WDListener - After find element -->By.xpath: //input[@placeholder='email']
13:40:30.028 INFO  manager.WDListener - Location of element (396, 387)
13:40:30.077 INFO  manager.WDListener - sendKeys -->inputtext
13:40:30.077 INFO  manager.WDListener - Before find element -->By.xpath: //input[@placeholder='Address']
13:40:30.077 INFO  manager.WDListener - After find element -->By.xpath: //input[@placeholder='Address']
13:40:30.091 INFO  manager.WDListener - Location of element (396, 461)
13:40:30.146 INFO  manager.WDListener - sendKeys -->inputtext
13:40:30.146 INFO  manager.WDListener - Before find element -->By.xpath: //input[@placeholder='description']
13:40:30.158 INFO  manager.WDListener - After find element -->By.xpath: //input[@placeholder='description']
13:40:30.165 INFO  manager.WDListener - Location of element (396, 535)
13:40:30.226 INFO  manager.WDListener - sendKeys -->inputtext
13:40:30.226 INFO  manager.WDListener - Before find element -->By.xpath: //*[text()='Save']
13:40:30.249 INFO  manager.WDListener - After find element -->By.xpath: //*[text()='Save']
13:40:30.255 INFO  manager.WDListener - Location of element (1271, 622)
13:40:30.273 INFO  manager.WDListener - Before click element -->btext = Save
13:40:30.302 INFO  manager.WDListener - After click element -->b
13:40:30.302 INFO  manager.WDListener - Before find element -->By.xpath: //a[@href='/add']
13:40:30.314 INFO  manager.WDListener - After find element -->By.xpath: //a[@href='/add']
13:40:30.319 INFO  manager.WDListener - Location of element (2021, 33)
13:40:30.330 INFO  manager.WDListener - Before find element -->By.xpath: //h2[text() = 'Harry']
13:40:30.783 INFO  manager.WDListener - After find element -->By.xpath: //h2[text() = 'Harry']
13:40:30.783 INFO  manager.WDListener - Location of element (399, 666)
13:40:30.783 INFO  manager.WDListener - Before find element -->By.xpath: //h3[text()= '0891234567']
13:40:30.806 INFO  manager.WDListener - After find element -->By.xpath: //h3[text()= '0891234567']
13:40:30.812 INFO  manager.WDListener - Location of element (399, 718)
13:40:30.812 INFO  manager.TestNGListener - Success test --->contactSuccessAllFieldsCSV
13:40:30.812 INFO  tests.TestBase - === Starting test: contactSuccessAllFieldsCSV ===
13:40:30.812 INFO  manager.TestNGListener - Start test --->contactSuccessAllFieldsCSV
13:40:30.812 INFO  manager.WDListener - Before find element -->By.xpath: //a[@href='/add']
13:40:30.818 INFO  manager.WDListener - After find element -->By.xpath: //a[@href='/add']
13:40:30.822 INFO  manager.WDListener - Location of element (2023, 34)
13:40:30.828 INFO  manager.WDListener - Before click element -->atext = ADD
13:40:30.874 INFO  manager.WDListener - After click element -->a
13:40:30.874 INFO  manager.WDListener - Before find element -->By.xpath: //input[@placeholder='Name']
13:40:30.881 INFO  manager.WDListener - After find element -->By.xpath: //input[@placeholder='Name']
13:40:30.887 INFO  manager.WDListener - Location of element (396, 165)
13:40:30.947 INFO  manager.WDListener - sendKeys -->inputtext
13:40:30.947 INFO  manager.WDListener - Before find element -->By.xpath: //input[@placeholder='Last Name']
13:40:30.955 INFO  manager.WDListener - After find element -->By.xpath: //input[@placeholder='Last Name']
13:40:30.962 INFO  manager.WDListener - Location of element (396, 239)
13:40:31.032 INFO  manager.WDListener - sendKeys -->inputtext
13:40:31.032 INFO  manager.WDListener - Before find element -->By.xpath: //input[@placeholder='Phone']
13:40:31.038 INFO  manager.WDListener - After find element -->By.xpath: //input[@placeholder='Phone']
13:40:31.046 INFO  manager.WDListener - Location of element (396, 313)
13:40:31.108 INFO  manager.WDListener - sendKeys -->inputtext
13:40:31.108 INFO  manager.WDListener - Before find element -->By.xpath: //input[@placeholder='email']
13:40:31.117 INFO  manager.WDListener - After find element -->By.xpath: //input[@placeholder='email']
13:40:31.122 INFO  manager.WDListener - Location of element (396, 387)
13:40:31.179 INFO  manager.WDListener - sendKeys -->inputtext
13:40:31.179 INFO  manager.WDListener - Before find element -->By.xpath: //input[@placeholder='Address']
13:40:31.179 INFO  manager.WDListener - After find element -->By.xpath: //input[@placeholder='Address']
13:40:31.195 INFO  manager.WDListener - Location of element (396, 461)
13:40:31.262 INFO  manager.WDListener - sendKeys -->inputtext
13:40:31.262 INFO  manager.WDListener - Before find element -->By.xpath: //input[@placeholder='description']
13:40:31.271 INFO  manager.WDListener - After find element -->By.xpath: //input[@placeholder='description']
13:40:31.278 INFO  manager.WDListener - Location of element (396, 535)
13:40:31.329 INFO  manager.WDListener - sendKeys -->inputtext
13:40:31.329 INFO  manager.WDListener - Before find element -->By.xpath: //*[text()='Save']
13:40:31.339 INFO  manager.WDListener - After find element -->By.xpath: //*[text()='Save']
13:40:31.350 INFO  manager.WDListener - Location of element (1271, 622)
13:40:31.368 INFO  manager.WDListener - Before click element -->btext = Save
13:40:31.403 INFO  manager.WDListener - After click element -->b
13:40:31.403 INFO  manager.WDListener - Before find element -->By.xpath: //a[@href='/add']
13:40:31.403 INFO  manager.WDListener - After find element -->By.xpath: //a[@href='/add']
13:40:31.416 INFO  manager.WDListener - Location of element (2021, 33)
13:40:31.429 INFO  manager.WDListener - Before find element -->By.xpath: //h2[text() = 'Molly']
13:40:31.901 INFO  manager.WDListener - After find element -->By.xpath: //h2[text() = 'Molly']
13:40:31.906 INFO  manager.WDListener - Location of element (399, 827)
13:40:31.906 INFO  manager.WDListener - Before find element -->By.xpath: //h3[text()= '0781234567']
13:40:31.916 INFO  manager.WDListener - After find element -->By.xpath: //h3[text()= '0781234567']
13:40:31.919 INFO  manager.WDListener - Location of element (399, 878)
13:40:31.919 INFO  manager.TestNGListener - Success test --->contactSuccessAllFieldsCSV
13:40:31.919 INFO  tests.TestBase - === Starting test: contactSuccessAllFieldsCSV ===
13:40:31.919 INFO  manager.TestNGListener - Start test --->contactSuccessAllFieldsCSV
13:40:31.919 INFO  manager.WDListener - Before find element -->By.xpath: //a[@href='/add']
13:40:31.928 INFO  manager.WDListener - After find element -->By.xpath: //a[@href='/add']
13:40:31.928 INFO  manager.WDListener - Location of element (2023, 34)
13:40:31.944 INFO  manager.WDListener - Before click element -->atext = ADD
13:40:31.996 INFO  manager.WDListener - After click element -->a
13:40:31.996 INFO  manager.WDListener - Before find element -->By.xpath: //input[@placeholder='Name']
13:40:32.005 INFO  manager.WDListener - After find element -->By.xpath: //input[@placeholder='Name']
13:40:32.013 INFO  manager.WDListener - Location of element (396, 165)
13:40:32.073 INFO  manager.WDListener - sendKeys -->inputtext
13:40:32.073 INFO  manager.WDListener - Before find element -->By.xpath: //input[@placeholder='Last Name']
13:40:32.080 INFO  manager.WDListener - After find element -->By.xpath: //input[@placeholder='Last Name']
13:40:32.087 INFO  manager.WDListener - Location of element (396, 239)
13:40:32.139 INFO  manager.WDListener - sendKeys -->inputtext
13:40:32.139 INFO  manager.WDListener - Before find element -->By.xpath: //input[@placeholder='Phone']
13:40:32.145 INFO  manager.WDListener - After find element -->By.xpath: //input[@placeholder='Phone']
13:40:32.153 INFO  manager.WDListener - Location of element (396, 313)
13:40:32.230 INFO  manager.WDListener - sendKeys -->inputtext
13:40:32.230 INFO  manager.WDListener - Before find element -->By.xpath: //input[@placeholder='email']
13:40:32.237 INFO  manager.WDListener - After find element -->By.xpath: //input[@placeholder='email']
13:40:32.246 INFO  manager.WDListener - Location of element (396, 387)
13:40:32.298 INFO  manager.WDListener - sendKeys -->inputtext
13:40:32.298 INFO  manager.WDListener - Before find element -->By.xpath: //input[@placeholder='Address']
13:40:32.315 INFO  manager.WDListener - After find element -->By.xpath: //input[@placeholder='Address']
13:40:32.319 INFO  manager.WDListener - Location of element (396, 461)
13:40:32.363 INFO  manager.WDListener - sendKeys -->inputtext
13:40:32.363 INFO  manager.WDListener - Before find element -->By.xpath: //input[@placeholder='description']
13:40:32.370 INFO  manager.WDListener - After find element -->By.xpath: //input[@placeholder='description']
13:40:32.380 INFO  manager.WDListener - Location of element (396, 535)
13:40:32.458 INFO  manager.WDListener - sendKeys -->inputtext
13:40:32.458 INFO  manager.WDListener - Before find element -->By.xpath: //*[text()='Save']
13:40:32.465 INFO  manager.WDListener - After find element -->By.xpath: //*[text()='Save']
13:40:32.472 INFO  manager.WDListener - Location of element (1271, 622)
13:40:32.492 INFO  manager.WDListener - Before click element -->btext = Save
13:40:32.522 INFO  manager.WDListener - After click element -->b
13:40:32.522 INFO  manager.WDListener - Before find element -->By.xpath: //a[@href='/add']
13:40:32.534 INFO  manager.WDListener - After find element -->By.xpath: //a[@href='/add']
13:40:32.540 INFO  manager.WDListener - Location of element (2021, 33)
13:40:32.551 INFO  manager.WDListener - Before find element -->By.xpath: //h2[text() = 'Sarah']
13:40:33.063 INFO  manager.WDListener - After find element -->By.xpath: //h2[text() = 'Sarah']
13:40:33.063 INFO  manager.WDListener - Location of element (399, 987)
13:40:33.063 INFO  manager.WDListener - Before find element -->By.xpath: //h3[text()= '1231245678']
13:40:33.079 INFO  manager.WDListener - After find element -->By.xpath: //h3[text()= '1231245678']
13:40:33.079 INFO  manager.WDListener - Location of element (399, 1039)
13:40:33.079 INFO  manager.TestNGListener - Success test --->contactSuccessAllFieldsCSV
