21:01:13.636 INFO  manager.ApplicationManager - All tests run in Chrome Browser
21:01:13.808 INFO  manager.WDListener - Url-->https://telranedu.web.app/
21:01:14.528 INFO  manager.WDListener - Before find element -->By.xpath: //a[text() = 'LOGIN']
21:01:14.549 INFO  manager.WDListener - After find element -->By.xpath: //a[text() = 'LOGIN']
21:01:14.559 INFO  manager.WDListener - Location of element (2450, 34)
21:01:14.573 INFO  manager.WDListener - Before click element -->atext = LOGIN
21:01:14.647 INFO  manager.WDListener - After click element -->a
21:01:14.647 INFO  manager.WDListener - Before find element -->By.name: email
21:01:14.665 INFO  manager.WDListener - After find element -->By.name: email
21:01:14.671 INFO  manager.WDListener - Location of element (1080, 250)
21:01:14.682 INFO  manager.WDListener - Before click element -->inputtext = 
21:01:14.727 INFO  manager.WDListener - After click element -->input
21:01:14.783 INFO  manager.WDListener - sendKeys -->inputtext
21:01:14.783 INFO  manager.WDListener - Before find element -->By.xpath: //input[last()]
21:01:14.797 INFO  manager.WDListener - After find element -->By.xpath: //input[last()]
21:01:14.802 INFO  manager.WDListener - Location of element (1080, 320)
21:01:14.810 INFO  manager.WDListener - Before click element -->inputtext = 
21:01:14.842 INFO  manager.WDListener - After click element -->input
21:01:14.876 INFO  manager.WDListener - sendKeys -->inputtext
21:01:14.876 INFO  manager.WDListener - Before find element -->By.cssSelector: button[name='login']
21:01:14.898 INFO  manager.WDListener - After find element -->By.cssSelector: button[name='login']
21:01:14.903 INFO  manager.WDListener - Location of element (1080, 390)
21:01:14.910 INFO  manager.WDListener - Before click element -->buttontext = Login
21:01:14.952 INFO  manager.WDListener - Before find element -->By.xpath: //a[@href='/add']
21:01:16.557 INFO  manager.WDListener - After find element -->By.xpath: //a[@href='/add']
21:01:16.560 INFO  manager.WDListener - Location of element (2023, 34)
21:01:16.590 INFO  manager.WDListener - Before click element -->atext = ADD
21:01:16.629 INFO  manager.WDListener - After click element -->a
21:01:16.629 INFO  manager.WDListener - Before find element -->By.xpath: //input[@placeholder='Name']
21:01:16.641 INFO  manager.WDListener - After find element -->By.xpath: //input[@placeholder='Name']
21:01:16.647 INFO  manager.WDListener - Location of element (396, 165)
21:01:16.706 INFO  manager.WDListener - sendKeys -->inputtext
21:01:16.706 INFO  manager.WDListener - Before find element -->By.xpath: //input[@placeholder='Last Name']
21:01:16.719 INFO  manager.WDListener - After find element -->By.xpath: //input[@placeholder='Last Name']
21:01:16.726 INFO  manager.WDListener - Location of element (396, 239)
21:01:16.735 INFO  manager.WDListener - Before click element -->inputtext = 
21:01:16.772 INFO  manager.WDListener - After click element -->input
21:01:16.811 INFO  manager.WDListener - sendKeys -->inputtext
21:01:16.812 INFO  manager.WDListener - Before find element -->By.xpath: //input[@placeholder='Phone']
21:01:16.826 INFO  manager.WDListener - After find element -->By.xpath: //input[@placeholder='Phone']
21:01:16.834 INFO  manager.WDListener - Location of element (396, 313)
21:01:16.841 INFO  manager.WDListener - Before click element -->inputtext = 
21:01:16.871 INFO  manager.WDListener - After click element -->input
21:01:16.911 INFO  manager.WDListener - sendKeys -->inputtext
21:01:16.911 INFO  manager.WDListener - Before find element -->By.xpath: //input[@placeholder='email']
21:01:16.932 INFO  manager.WDListener - After find element -->By.xpath: //input[@placeholder='email']
21:01:16.938 INFO  manager.WDListener - Location of element (396, 387)
21:01:16.945 INFO  manager.WDListener - Before click element -->inputtext = 
21:01:16.977 INFO  manager.WDListener - After click element -->input
21:01:17.011 INFO  manager.WDListener - sendKeys -->inputtext
21:01:17.011 INFO  manager.WDListener - Before find element -->By.xpath: //input[@placeholder='Address']
21:01:17.031 INFO  manager.WDListener - After find element -->By.xpath: //input[@placeholder='Address']
21:01:17.036 INFO  manager.WDListener - Location of element (396, 461)
21:01:17.045 INFO  manager.WDListener - Before click element -->inputtext = 
21:01:17.078 INFO  manager.WDListener - After click element -->input
21:01:17.111 INFO  manager.WDListener - sendKeys -->inputtext
21:01:17.111 INFO  manager.WDListener - Before find element -->By.xpath: //input[@placeholder='description']
21:01:17.126 INFO  manager.WDListener - After find element -->By.xpath: //input[@placeholder='description']
21:01:17.131 INFO  manager.WDListener - Location of element (396, 535)
21:01:17.137 INFO  manager.WDListener - Before click element -->inputtext = 
21:01:17.161 INFO  manager.WDListener - After click element -->input
21:01:17.197 INFO  manager.WDListener - sendKeys -->inputtext
21:01:17.197 INFO  manager.WDListener - Before find element -->By.xpath: //*[text()='Save']
21:01:17.219 INFO  manager.WDListener - After find element -->By.xpath: //*[text()='Save']
21:01:17.224 INFO  manager.WDListener - Location of element (1271, 622)
21:01:17.239 INFO  manager.WDListener - Before click element -->btext = Save
21:01:17.265 INFO  manager.WDListener - After click element -->b
21:01:17.265 INFO  manager.WDListener - Before find element -->By.xpath: //a[@href='/add']
21:01:17.277 INFO  manager.WDListener - After find element -->By.xpath: //a[@href='/add']
21:01:17.282 INFO  manager.WDListener - Location of element (2021, 33)
21:01:17.809 INFO  manager.WDListener - Before find element -->By.xpath: //a[@href='/add']
21:01:17.825 INFO  manager.WDListener - After find element -->By.xpath: //a[@href='/add']
21:01:17.834 INFO  manager.WDListener - Location of element (2023, 34)
21:01:17.849 INFO  manager.WDListener - Before click element -->atext = ADD
21:01:17.880 INFO  manager.WDListener - After click element -->a
21:01:17.880 INFO  manager.WDListener - Before find element -->By.xpath: //input[@placeholder='Name']
21:01:17.887 INFO  manager.WDListener - After find element -->By.xpath: //input[@placeholder='Name']
21:01:17.892 INFO  manager.WDListener - Location of element (396, 165)
21:01:17.945 INFO  manager.WDListener - sendKeys -->inputtext
21:01:17.945 INFO  manager.WDListener - Before find element -->By.xpath: //input[@placeholder='Last Name']
21:01:17.954 INFO  manager.WDListener - After find element -->By.xpath: //input[@placeholder='Last Name']
21:01:17.960 INFO  manager.WDListener - Location of element (396, 239)
21:01:17.967 INFO  manager.WDListener - Before click element -->inputtext = 
21:01:17.998 INFO  manager.WDListener - After click element -->input
21:01:18.038 INFO  manager.WDListener - sendKeys -->inputtext
21:01:18.038 INFO  manager.WDListener - Before find element -->By.xpath: //input[@placeholder='Phone']
21:01:18.045 INFO  manager.WDListener - After find element -->By.xpath: //input[@placeholder='Phone']
21:01:18.050 INFO  manager.WDListener - Location of element (396, 313)
21:01:18.057 INFO  manager.WDListener - Before click element -->inputtext = 
21:01:18.089 INFO  manager.WDListener - After click element -->input
21:01:18.129 INFO  manager.WDListener - sendKeys -->inputtext
21:01:18.129 INFO  manager.WDListener - Before find element -->By.xpath: //input[@placeholder='email']
21:01:18.129 INFO  manager.WDListener - After find element -->By.xpath: //input[@placeholder='email']
21:01:18.146 INFO  manager.WDListener - Location of element (396, 387)
21:01:18.152 INFO  manager.WDListener - Before click element -->inputtext = 
21:01:18.178 INFO  manager.WDListener - After click element -->input
21:01:18.213 INFO  manager.WDListener - sendKeys -->inputtext
21:01:18.213 INFO  manager.WDListener - Before find element -->By.xpath: //input[@placeholder='Address']
21:01:18.233 INFO  manager.WDListener - After find element -->By.xpath: //input[@placeholder='Address']
21:01:18.237 INFO  manager.WDListener - Location of element (396, 461)
21:01:18.245 INFO  manager.WDListener - Before click element -->inputtext = 
21:01:18.268 INFO  manager.WDListener - After click element -->input
21:01:18.312 INFO  manager.WDListener - sendKeys -->inputtext
21:01:18.312 INFO  manager.WDListener - Before find element -->By.xpath: //input[@placeholder='description']
21:01:18.312 INFO  manager.WDListener - After find element -->By.xpath: //input[@placeholder='description']
21:01:18.331 INFO  manager.WDListener - Location of element (396, 535)
21:01:18.338 INFO  manager.WDListener - Before click element -->inputtext = 
21:01:18.363 INFO  manager.WDListener - After click element -->input
21:01:18.412 INFO  manager.WDListener - sendKeys -->inputtext
21:01:18.412 INFO  manager.WDListener - Before find element -->By.xpath: //*[text()='Save']
21:01:18.412 INFO  manager.WDListener - After find element -->By.xpath: //*[text()='Save']
21:01:18.412 INFO  manager.WDListener - Location of element (1271, 622)
21:01:18.441 INFO  manager.WDListener - Before click element -->btext = Save
21:01:18.462 INFO  manager.WDListener - After click element -->b
21:01:18.462 INFO  manager.WDListener - Before find element -->By.xpath: //a[@href='/add']
21:01:18.462 INFO  manager.WDListener - After find element -->By.xpath: //a[@href='/add']
21:01:18.479 INFO  manager.WDListener - Location of element (2021, 33)
21:01:18.980 INFO  manager.WDListener - Before find element -->By.xpath: //a[@href='/add']
21:01:18.992 INFO  manager.WDListener - After find element -->By.xpath: //a[@href='/add']
21:01:18.997 INFO  manager.WDListener - Location of element (2023, 34)
21:01:19.013 INFO  manager.WDListener - Before click element -->atext = ADD
21:01:19.052 INFO  manager.WDListener - After click element -->a
21:01:19.052 INFO  manager.WDListener - Before find element -->By.xpath: //input[@placeholder='Name']
21:01:19.060 INFO  manager.WDListener - After find element -->By.xpath: //input[@placeholder='Name']
21:01:19.067 INFO  manager.WDListener - Location of element (396, 165)
21:01:19.113 INFO  manager.WDListener - sendKeys -->inputtext
21:01:19.113 INFO  manager.WDListener - Before find element -->By.xpath: //input[@placeholder='Last Name']
21:01:19.131 INFO  manager.WDListener - After find element -->By.xpath: //input[@placeholder='Last Name']
21:01:19.137 INFO  manager.WDListener - Location of element (396, 239)
21:01:19.145 INFO  manager.WDListener - Before click element -->inputtext = 
21:01:19.178 INFO  manager.WDListener - After click element -->input
21:01:19.217 INFO  manager.WDListener - sendKeys -->inputtext
21:01:19.217 INFO  manager.WDListener - Before find element -->By.xpath: //input[@placeholder='Phone']
21:01:19.217 INFO  manager.WDListener - After find element -->By.xpath: //input[@placeholder='Phone']
21:01:19.234 INFO  manager.WDListener - Location of element (396, 313)
21:01:19.241 INFO  manager.WDListener - Before click element -->inputtext = 
21:01:19.266 INFO  manager.WDListener - After click element -->input
21:01:19.314 INFO  manager.WDListener - sendKeys -->inputtext
21:01:19.314 INFO  manager.WDListener - Before find element -->By.xpath: //input[@placeholder='email']
21:01:19.314 INFO  manager.WDListener - After find element -->By.xpath: //input[@placeholder='email']
21:01:19.331 INFO  manager.WDListener - Location of element (396, 387)
21:01:19.337 INFO  manager.WDListener - Before click element -->inputtext = 
21:01:19.367 INFO  manager.WDListener - After click element -->input
21:01:19.398 INFO  manager.WDListener - sendKeys -->inputtext
21:01:19.398 INFO  manager.WDListener - Before find element -->By.xpath: //input[@placeholder='Address']
21:01:19.415 INFO  manager.WDListener - After find element -->By.xpath: //input[@placeholder='Address']
21:01:19.419 INFO  manager.WDListener - Location of element (396, 461)
21:01:19.419 INFO  manager.WDListener - Before click element -->inputtext = 
21:01:19.459 INFO  manager.WDListener - After click element -->input
21:01:19.502 INFO  manager.WDListener - sendKeys -->inputtext
21:01:19.502 INFO  manager.WDListener - Before find element -->By.xpath: //input[@placeholder='description']
21:01:19.502 INFO  manager.WDListener - After find element -->By.xpath: //input[@placeholder='description']
21:01:19.516 INFO  manager.WDListener - Location of element (396, 535)
21:01:19.523 INFO  manager.WDListener - Before click element -->inputtext = 
21:01:19.547 INFO  manager.WDListener - After click element -->input
21:01:19.598 INFO  manager.WDListener - sendKeys -->inputtext
21:01:19.599 INFO  manager.WDListener - Before find element -->By.xpath: //*[text()='Save']
21:01:19.599 INFO  manager.WDListener - After find element -->By.xpath: //*[text()='Save']
21:01:19.599 INFO  manager.WDListener - Location of element (1271, 622)
21:01:19.626 INFO  manager.WDListener - Before click element -->btext = Save
21:01:19.648 INFO  manager.WDListener - After click element -->b
21:01:19.648 INFO  manager.WDListener - Before find element -->By.xpath: //a[@href='/add']
21:01:19.648 INFO  manager.WDListener - After find element -->By.xpath: //a[@href='/add']
21:01:19.664 INFO  manager.WDListener - Location of element (2021, 33)
21:01:20.166 INFO  manager.WDListener - Before find element -->By.xpath: //a[@href='/add']
21:01:20.181 INFO  manager.WDListener - After find element -->By.xpath: //a[@href='/add']
21:01:20.182 INFO  manager.WDListener - Location of element (2023, 34)
21:01:20.200 INFO  manager.WDListener - Before click element -->atext = ADD
21:01:20.240 INFO  manager.WDListener - After click element -->a
21:01:20.240 INFO  manager.WDListener - Before find element -->By.xpath: //input[@placeholder='Name']
21:01:20.247 INFO  manager.WDListener - After find element -->By.xpath: //input[@placeholder='Name']
21:01:20.253 INFO  manager.WDListener - Location of element (396, 165)
21:01:20.300 INFO  manager.WDListener - sendKeys -->inputtext
21:01:20.300 INFO  manager.WDListener - Before find element -->By.xpath: //input[@placeholder='Last Name']
21:01:20.314 INFO  manager.WDListener - After find element -->By.xpath: //input[@placeholder='Last Name']
21:01:20.321 INFO  manager.WDListener - Location of element (396, 239)
21:01:20.328 INFO  manager.WDListener - Before click element -->inputtext = 
21:01:20.360 INFO  manager.WDListener - After click element -->input
21:01:20.403 INFO  manager.WDListener - sendKeys -->inputtext
21:01:20.403 INFO  manager.WDListener - Before find element -->By.xpath: //input[@placeholder='Phone']
21:01:20.410 INFO  manager.WDListener - After find element -->By.xpath: //input[@placeholder='Phone']
21:01:20.415 INFO  manager.WDListener - Location of element (396, 313)
21:01:20.422 INFO  manager.WDListener - Before click element -->inputtext = 
21:01:20.455 INFO  manager.WDListener - After click element -->input
21:01:20.495 INFO  manager.WDListener - sendKeys -->inputtext
21:01:20.496 INFO  manager.WDListener - Before find element -->By.xpath: //input[@placeholder='email']
21:01:20.500 INFO  manager.WDListener - After find element -->By.xpath: //input[@placeholder='email']
21:01:20.500 INFO  manager.WDListener - Location of element (396, 387)
21:01:20.515 INFO  manager.WDListener - Before click element -->inputtext = 
21:01:20.537 INFO  manager.WDListener - After click element -->input
21:01:20.582 INFO  manager.WDListener - sendKeys -->inputtext
21:01:20.582 INFO  manager.WDListener - Before find element -->By.xpath: //input[@placeholder='Address']
21:01:20.590 INFO  manager.WDListener - After find element -->By.xpath: //input[@placeholder='Address']
21:01:20.599 INFO  manager.WDListener - Location of element (396, 461)
21:01:20.605 INFO  manager.WDListener - Before click element -->inputtext = 
21:01:20.632 INFO  manager.WDListener - After click element -->input
21:01:20.666 INFO  manager.WDListener - sendKeys -->inputtext
21:01:20.666 INFO  manager.WDListener - Before find element -->By.xpath: //input[@placeholder='description']
21:01:20.687 INFO  manager.WDListener - After find element -->By.xpath: //input[@placeholder='description']
21:01:20.687 INFO  manager.WDListener - Location of element (396, 535)
21:01:20.699 INFO  manager.WDListener - Before click element -->inputtext = 
21:01:20.730 INFO  manager.WDListener - After click element -->input
21:01:20.766 INFO  manager.WDListener - sendKeys -->inputtext
21:01:20.766 INFO  manager.WDListener - Before find element -->By.xpath: //*[text()='Save']
21:01:20.784 INFO  manager.WDListener - After find element -->By.xpath: //*[text()='Save']
21:01:20.789 INFO  manager.WDListener - Location of element (1271, 622)
21:01:20.804 INFO  manager.WDListener - Before click element -->btext = Save
21:01:20.832 INFO  manager.WDListener - After click element -->b
21:01:20.832 INFO  manager.WDListener - Before find element -->By.xpath: //a[@href='/add']
21:01:20.840 INFO  manager.WDListener - After find element -->By.xpath: //a[@href='/add']
21:01:20.840 INFO  manager.WDListener - Location of element (2021, 33)
21:01:21.366 INFO  manager.WDListener - Before find element -->By.xpath: //a[@href='/add']
21:01:21.382 INFO  manager.WDListener - After find element -->By.xpath: //a[@href='/add']
21:01:21.382 INFO  manager.WDListener - Location of element (2023, 34)
21:01:21.401 INFO  manager.WDListener - Before click element -->atext = ADD
21:01:21.452 INFO  manager.WDListener - After click element -->a
21:01:21.453 INFO  manager.WDListener - Before find element -->By.xpath: //input[@placeholder='Name']
21:01:21.460 INFO  manager.WDListener - After find element -->By.xpath: //input[@placeholder='Name']
21:01:21.465 INFO  manager.WDListener - Location of element (396, 165)
21:01:21.516 INFO  manager.WDListener - sendKeys -->inputtext
21:01:21.516 INFO  manager.WDListener - Before find element -->By.xpath: //input[@placeholder='Last Name']
21:01:21.527 INFO  manager.WDListener - After find element -->By.xpath: //input[@placeholder='Last Name']
21:01:21.533 INFO  manager.WDListener - Location of element (396, 239)
21:01:21.545 INFO  manager.WDListener - Before click element -->inputtext = 
21:01:21.602 INFO  manager.WDListener - After click element -->input
21:01:21.649 INFO  manager.WDListener - sendKeys -->inputtext
21:01:21.649 INFO  manager.WDListener - Before find element -->By.xpath: //input[@placeholder='Phone']
21:01:21.656 INFO  manager.WDListener - After find element -->By.xpath: //input[@placeholder='Phone']
21:01:21.659 INFO  manager.WDListener - Location of element (396, 313)
21:01:21.667 INFO  manager.WDListener - Before click element -->inputtext = 
21:01:21.699 INFO  manager.WDListener - After click element -->input
21:01:21.733 INFO  manager.WDListener - sendKeys -->inputtext
21:01:21.733 INFO  manager.WDListener - Before find element -->By.xpath: //input[@placeholder='email']
21:01:21.733 INFO  manager.WDListener - After find element -->By.xpath: //input[@placeholder='email']
21:01:21.754 INFO  manager.WDListener - Location of element (396, 387)
21:01:21.761 INFO  manager.WDListener - Before click element -->inputtext = 
21:01:21.784 INFO  manager.WDListener - After click element -->input
21:01:21.833 INFO  manager.WDListener - sendKeys -->inputtext
21:01:21.833 INFO  manager.WDListener - Before find element -->By.xpath: //input[@placeholder='Address']
21:01:21.850 INFO  manager.WDListener - After find element -->By.xpath: //input[@placeholder='Address']
21:01:21.855 INFO  manager.WDListener - Location of element (396, 461)
21:01:21.863 INFO  manager.WDListener - Before click element -->inputtext = 
21:01:21.901 INFO  manager.WDListener - After click element -->input
21:01:21.951 INFO  manager.WDListener - sendKeys -->inputtext
21:01:21.951 INFO  manager.WDListener - Before find element -->By.xpath: //input[@placeholder='description']
21:01:21.951 INFO  manager.WDListener - After find element -->By.xpath: //input[@placeholder='description']
21:01:21.966 INFO  manager.WDListener - Location of element (396, 535)
21:01:21.973 INFO  manager.WDListener - Before click element -->inputtext = 
21:01:22.003 INFO  manager.WDListener - After click element -->input
21:01:22.050 INFO  manager.WDListener - sendKeys -->inputtext
21:01:22.050 INFO  manager.WDListener - Before find element -->By.xpath: //*[text()='Save']
21:01:22.066 INFO  manager.WDListener - After find element -->By.xpath: //*[text()='Save']
21:01:22.071 INFO  manager.WDListener - Location of element (1271, 622)
21:01:22.087 INFO  manager.WDListener - Before click element -->btext = Save
21:01:22.116 INFO  manager.WDListener - After click element -->b
21:01:22.116 INFO  manager.WDListener - Before find element -->By.xpath: //a[@href='/add']
21:01:22.116 INFO  manager.WDListener - After find element -->By.xpath: //a[@href='/add']
21:01:22.116 INFO  manager.WDListener - Location of element (2021, 33)
21:01:22.649 INFO  manager.WDListener - Before find element -->By.xpath: //a[@href='/add']
21:01:22.660 INFO  manager.WDListener - After find element -->By.xpath: //a[@href='/add']
21:01:22.667 INFO  manager.WDListener - Location of element (2023, 34)
21:01:22.685 INFO  manager.WDListener - Before click element -->atext = ADD
21:01:22.723 INFO  manager.WDListener - After click element -->a
21:01:22.723 INFO  manager.WDListener - Before find element -->By.xpath: //input[@placeholder='Name']
21:01:22.731 INFO  manager.WDListener - After find element -->By.xpath: //input[@placeholder='Name']
21:01:22.740 INFO  manager.WDListener - Location of element (396, 165)
21:01:22.784 INFO  manager.WDListener - sendKeys -->inputtext
21:01:22.784 INFO  manager.WDListener - Before find element -->By.xpath: //input[@placeholder='Last Name']
21:01:22.802 INFO  manager.WDListener - After find element -->By.xpath: //input[@placeholder='Last Name']
21:01:22.807 INFO  manager.WDListener - Location of element (396, 239)
21:01:22.818 INFO  manager.WDListener - Before click element -->inputtext = 
21:01:22.855 INFO  manager.WDListener - After click element -->input
21:01:22.893 INFO  manager.WDListener - sendKeys -->inputtext
21:01:22.893 INFO  manager.WDListener - Before find element -->By.xpath: //input[@placeholder='Phone']
21:01:22.900 INFO  manager.WDListener - After find element -->By.xpath: //input[@placeholder='Phone']
21:01:22.906 INFO  manager.WDListener - Location of element (396, 313)
21:01:22.912 INFO  manager.WDListener - Before click element -->inputtext = 
21:01:22.942 INFO  manager.WDListener - After click element -->input
21:01:22.984 INFO  manager.WDListener - sendKeys -->inputtext
21:01:22.984 INFO  manager.WDListener - Before find element -->By.xpath: //input[@placeholder='email']
21:01:22.984 INFO  manager.WDListener - After find element -->By.xpath: //input[@placeholder='email']
21:01:22.984 INFO  manager.WDListener - Location of element (396, 387)
21:01:23.005 INFO  manager.WDListener - Before click element -->inputtext = 
21:01:23.034 INFO  manager.WDListener - After click element -->input
21:01:23.067 INFO  manager.WDListener - sendKeys -->inputtext
21:01:23.067 INFO  manager.WDListener - Before find element -->By.xpath: //input[@placeholder='Address']
21:01:23.084 INFO  manager.WDListener - After find element -->By.xpath: //input[@placeholder='Address']
21:01:23.090 INFO  manager.WDListener - Location of element (396, 461)
21:01:23.097 INFO  manager.WDListener - Before click element -->inputtext = 
21:01:23.134 INFO  manager.WDListener - After click element -->input
21:01:23.176 INFO  manager.WDListener - sendKeys -->inputtext
21:01:23.176 INFO  manager.WDListener - Before find element -->By.xpath: //input[@placeholder='description']
21:01:23.184 INFO  manager.WDListener - After find element -->By.xpath: //input[@placeholder='description']
21:01:23.184 INFO  manager.WDListener - Location of element (396, 535)
21:01:23.202 INFO  manager.WDListener - Before click element -->inputtext = 
21:01:23.238 INFO  manager.WDListener - After click element -->input
21:01:23.285 INFO  manager.WDListener - sendKeys -->inputtext
21:01:23.285 INFO  manager.WDListener - Before find element -->By.xpath: //*[text()='Save']
21:01:23.285 INFO  manager.WDListener - After find element -->By.xpath: //*[text()='Save']
21:01:23.296 INFO  manager.WDListener - Location of element (1271, 622)
21:01:23.309 INFO  manager.WDListener - Before click element -->btext = Save
21:01:23.338 INFO  manager.WDListener - After click element -->b
21:01:23.338 INFO  manager.WDListener - Before find element -->By.xpath: //a[@href='/add']
21:01:23.345 INFO  manager.WDListener - After find element -->By.xpath: //a[@href='/add']
21:01:23.352 INFO  manager.WDListener - Location of element (2021, 33)
21:01:23.902 INFO  tests.TestBase - === Starting test: removeFirstContact2 ===
21:01:23.902 INFO  manager.TestNGListener - Start test --->removeFirstContact2
21:01:23.928 INFO  manager.HelperBase - Number of Contact List before remove is -->11
21:01:23.928 INFO  manager.WDListener - Before find element -->By.xpath: //button[text()='Remove']
21:01:28.958 INFO  manager.WDListener - Huston, we have a problem!
21:01:28.967 INFO  manager.WDListener - Object target --> ChromeDriver: chrome on windows (70feb50b2d339d3aab7745fa49276f74)
21:01:28.967 INFO  manager.WDListener - ******************************
21:01:28.967 INFO  manager.WDListener - Method name -->findElement
21:01:28.967 INFO  manager.WDListener - ******************************
21:01:28.967 INFO  manager.WDListener - InvocationTargetExceptionorg.openqa.selenium.NoSuchElementException: no such element: Unable to locate element: {"method":"xpath","selector":"//button[text()='Remove']"}
  (Session info: chrome=137.0.7151.104)
For documentation on this error, please visit: https://www.selenium.dev/documentation/webdriver/troubleshooting/errors#no-such-element-exception
Build info: version: '4.16.1', revision: '9b4c83354e'
System info: os.name: 'Windows 11', os.arch: 'amd64', os.version: '10.0', java.version: '11.0.21'
Driver info: org.openqa.selenium.chrome.ChromeDriver
Command: [70feb50b2d339d3aab7745fa49276f74, findElement {using=xpath, value=//button[text()='Remove']}]
Capabilities {acceptInsecureCerts: false, browserName: chrome, browserVersion: 137.0.7151.104, chrome: {chromedriverVersion: 137.0.7151.40 (84781974514a..., userDataDir: C:\Users\kalin\AppData\Loca...}, fedcm:accounts: true, goog:chromeOptions: {debuggerAddress: localhost:54895}, networkConnectionEnabled: false, pageLoadStrategy: normal, platformName: windows, proxy: Proxy(), se:cdp: ws://localhost:54895/devtoo..., se:cdpVersion: 137.0.7151.104, setWindowRect: true, strictFileInteractability: false, timeouts: {implicit: 0, pageLoad: 300000, script: 30000}, unhandledPromptBehavior: dismiss and notify, webauthn:extension:credBlob: true, webauthn:extension:largeBlob: true, webauthn:extension:minPinLength: true, webauthn:extension:prf: true, webauthn:virtualAuthenticators: true}
Session ID: 70feb50b2d339d3aab7745fa49276f74
21:01:28.967 INFO  manager.WDListener - ******************************
21:01:29.209 INFO  manager.WDListener - Screen with error is --->src/test/screenshots/screen_1607.png
21:01:29.716 INFO  manager.WDListener - Before find element -->By.xpath: //button[text()='Remove']
21:01:34.754 INFO  manager.WDListener - Huston, we have a problem!
21:01:34.754 INFO  manager.WDListener - Object target --> ChromeDriver: chrome on windows (70feb50b2d339d3aab7745fa49276f74)
21:01:34.754 INFO  manager.WDListener - ******************************
21:01:34.754 INFO  manager.WDListener - Method name -->findElement
21:01:34.754 INFO  manager.WDListener - ******************************
21:01:34.754 INFO  manager.WDListener - InvocationTargetExceptionorg.openqa.selenium.NoSuchElementException: no such element: Unable to locate element: {"method":"xpath","selector":"//button[text()='Remove']"}
  (Session info: chrome=137.0.7151.104)
For documentation on this error, please visit: https://www.selenium.dev/documentation/webdriver/troubleshooting/errors#no-such-element-exception
Build info: version: '4.16.1', revision: '9b4c83354e'
System info: os.name: 'Windows 11', os.arch: 'amd64', os.version: '10.0', java.version: '11.0.21'
Driver info: org.openqa.selenium.chrome.ChromeDriver
Command: [70feb50b2d339d3aab7745fa49276f74, findElement {using=xpath, value=//button[text()='Remove']}]
Capabilities {acceptInsecureCerts: false, browserName: chrome, browserVersion: 137.0.7151.104, chrome: {chromedriverVersion: 137.0.7151.40 (84781974514a..., userDataDir: C:\Users\kalin\AppData\Loca...}, fedcm:accounts: true, goog:chromeOptions: {debuggerAddress: localhost:54895}, networkConnectionEnabled: false, pageLoadStrategy: normal, platformName: windows, proxy: Proxy(), se:cdp: ws://localhost:54895/devtoo..., se:cdpVersion: 137.0.7151.104, setWindowRect: true, strictFileInteractability: false, timeouts: {implicit: 0, pageLoad: 300000, script: 30000}, unhandledPromptBehavior: dismiss and notify, webauthn:extension:credBlob: true, webauthn:extension:largeBlob: true, webauthn:extension:minPinLength: true, webauthn:extension:prf: true, webauthn:virtualAuthenticators: true}
Session ID: 70feb50b2d339d3aab7745fa49276f74
21:01:34.754 INFO  manager.WDListener - ******************************
21:01:34.983 INFO  manager.WDListener - Screen with error is --->src/test/screenshots/screen_1715.png
21:01:34.984 INFO  manager.TestNGListener - Fail test --->removeFirstContact2
