20:34:15.287 INFO  manager.ApplicationManager - All tests run in Chrome Browser
20:34:15.462 INFO  manager.WDListener - Url-->https://telranedu.web.app/
20:34:16.367 INFO  tests.TestBase - === Starting test: loginSuccessModelDPF ===
20:34:21.434 INFO  manager.TestNGListener - Start test --->loginSuccessModelDPF
20:34:21.434 INFO  manager.WDListener - Before find element -->By.xpath: //a[text() = 'LOGIN']
20:34:21.453 INFO  manager.WDListener - After find element -->By.xpath: //a[text() = 'LOGIN']
20:34:21.453 INFO  manager.WDListener - Location of element (2450, 34)
20:34:21.469 INFO  manager.WDListener - Before click element -->atext = LOGIN
20:34:21.532 INFO  manager.WDListener - After click element -->a
20:34:21.532 INFO  manager.WDListener - Before find element -->By.name: email
20:34:21.548 INFO  manager.WDListener - After find element -->By.name: email
20:34:21.557 INFO  manager.WDListener - Location of element (1080, 250)
20:34:21.565 INFO  manager.WDListener - Before click element -->inputtext = 
20:34:21.607 INFO  manager.WDListener - After click element -->input
20:34:21.661 INFO  manager.WDListener - sendKeys -->inputtext
20:34:21.661 INFO  manager.WDListener - Before find element -->By.xpath: //input[last()]
20:34:21.681 INFO  manager.WDListener - After find element -->By.xpath: //input[last()]
20:34:21.686 INFO  manager.WDListener - Location of element (1080, 320)
20:34:21.692 INFO  manager.WDListener - Before click element -->inputtext = 
20:34:21.724 INFO  manager.WDListener - After click element -->input
20:34:21.769 INFO  manager.WDListener - sendKeys -->inputtext
20:34:21.769 INFO  tests.TestBase - Test data --> User{email=' margo12@gmail.com', password='Mmar123456$'}
20:34:21.769 INFO  manager.WDListener - Before find element -->By.cssSelector: button[name='login']
20:34:21.790 INFO  manager.WDListener - After find element -->By.cssSelector: button[name='login']
20:34:21.795 INFO  manager.WDListener - Location of element (1080, 390)
20:34:21.803 INFO  manager.WDListener - Before click element -->buttontext = Login
20:34:23.072 INFO  manager.TestNGListener - Fail test --->loginSuccessModelDPF
20:34:23.076 INFO  tests.TestBase - === Starting test: loginSuccessModelDPF ===
20:34:23.082 INFO  manager.WDListener - Huston, we have a problem!
20:34:23.082 INFO  manager.WDListener - Object target --> ChromeDriver: chrome on windows (cb1590ea12dc73be1890d06b858fd033)
20:34:23.082 INFO  manager.WDListener - ******************************
20:34:23.086 INFO  manager.WDListener - Method name -->findElements
20:34:23.086 INFO  manager.WDListener - ******************************
20:34:23.086 INFO  manager.WDListener - InvocationTargetExceptionorg.openqa.selenium.UnhandledAlertException: unexpected alert open: {Alert text : Wrong email or password}
  (Session info: chrome=137.0.7151.104): Wrong email or password
Build info: version: '4.16.1', revision: '9b4c83354e'
System info: os.name: 'Windows 11', os.arch: 'amd64', os.version: '10.0', java.version: '11.0.21'
Driver info: org.openqa.selenium.chrome.ChromeDriver
Command: [cb1590ea12dc73be1890d06b858fd033, findElements {using=xpath, value=//button[text()='Sign Out']}]
Capabilities {acceptInsecureCerts: false, browserName: chrome, browserVersion: 137.0.7151.104, chrome: {chromedriverVersion: 137.0.7151.40 (84781974514a..., userDataDir: C:\Users\kalin\AppData\Loca...}, fedcm:accounts: true, goog:chromeOptions: {debuggerAddress: localhost:53455}, networkConnectionEnabled: false, pageLoadStrategy: normal, platformName: windows, proxy: Proxy(), se:cdp: ws://localhost:53455/devtoo..., se:cdpVersion: 137.0.7151.104, setWindowRect: true, strictFileInteractability: false, timeouts: {implicit: 0, pageLoad: 300000, script: 30000}, unhandledPromptBehavior: dismiss and notify, webauthn:extension:credBlob: true, webauthn:extension:largeBlob: true, webauthn:extension:minPinLength: true, webauthn:extension:prf: true, webauthn:virtualAuthenticators: true}
Session ID: cb1590ea12dc73be1890d06b858fd033
20:34:23.087 INFO  manager.WDListener - ******************************
20:34:23.499 INFO  manager.WDListener - Screen with error is --->src/test/screenshots/screen_1933.png
20:34:23.503 INFO  manager.TestNGListener - Start test --->loginSuccessModelDPF
20:34:23.503 INFO  manager.TestNGListener - Skipped test --->loginSuccessModelDPF
20:34:23.503 INFO  manager.TestNGListener - Start test --->loginSuccessModelDPF
20:34:23.503 INFO  manager.TestNGListener - Skipped test --->loginSuccessModelDPF
