13:39:03.787 INFO  manager.ApplicationManager - All tests run in Chrome Browser
13:39:03.967 INFO  manager.WDListener - Url-->https://telranedu.web.app/
13:39:04.730 INFO  manager.WDListener - Before find element -->By.xpath: //a[text() = 'LOGIN']
13:39:04.749 INFO  manager.WDListener - After find element -->By.xpath: //a[text() = 'LOGIN']
13:39:04.758 INFO  manager.WDListener - Location of element (2450, 34)
13:39:04.771 INFO  manager.WDListener - Before click element -->atext = LOGIN
13:39:04.817 INFO  manager.WDListener - After click element -->a
13:39:04.819 INFO  manager.WDListener - Before find element -->By.name: email
13:39:04.849 INFO  manager.WDListener - After find element -->By.name: email
13:39:04.855 INFO  manager.WDListener - Location of element (1080, 250)
13:39:04.946 INFO  manager.WDListener - sendKeys -->inputtext
13:39:04.946 INFO  manager.WDListener - Before find element -->By.xpath: //input[last()]
13:39:04.960 INFO  manager.WDListener - After find element -->By.xpath: //input[last()]
13:39:04.966 INFO  manager.WDListener - Location of element (1080, 320)
13:39:05.020 INFO  manager.WDListener - sendKeys -->inputtext
13:39:05.020 INFO  manager.WDListener - Before find element -->By.cssSelector: button[name='login']
13:39:05.034 INFO  manager.WDListener - After find element -->By.cssSelector: button[name='login']
13:39:05.041 INFO  manager.WDListener - Location of element (1080, 390)
13:39:05.049 INFO  manager.WDListener - Before click element -->buttontext = Login
13:39:05.092 INFO  tests.TestBase - === Starting test: contactFailWrongName ===
13:39:05.097 INFO  manager.TestNGListener - Start test --->contactFailWrongName
13:39:05.097 INFO  manager.WDListener - Before find element -->By.xpath: //a[@href='/add']
13:39:06.642 INFO  manager.WDListener - After find element -->By.xpath: //a[@href='/add']
13:39:06.658 INFO  manager.WDListener - Location of element (2023, 34)
13:39:06.674 INFO  manager.WDListener - Before click element -->atext = ADD
13:39:06.718 INFO  manager.WDListener - After click element -->a
13:39:06.718 INFO  manager.WDListener - Before find element -->By.xpath: //input[@placeholder='Name']
13:39:06.731 INFO  manager.WDListener - After find element -->By.xpath: //input[@placeholder='Name']
13:39:06.737 INFO  manager.WDListener - Location of element (396, 165)
13:39:06.789 INFO  manager.WDListener - sendKeys -->inputtext
13:39:06.789 INFO  manager.WDListener - Before find element -->By.xpath: //input[@placeholder='Last Name']
13:39:06.803 INFO  manager.WDListener - After find element -->By.xpath: //input[@placeholder='Last Name']
13:39:06.832 INFO  manager.WDListener - Location of element (396, 239)
13:39:06.887 INFO  manager.WDListener - sendKeys -->inputtext
13:39:06.887 INFO  manager.WDListener - Before find element -->By.xpath: //input[@placeholder='Phone']
13:39:06.902 INFO  manager.WDListener - After find element -->By.xpath: //input[@placeholder='Phone']
13:39:06.911 INFO  manager.WDListener - Location of element (396, 313)
13:39:06.969 INFO  manager.WDListener - sendKeys -->inputtext
13:39:06.969 INFO  manager.WDListener - Before find element -->By.xpath: //input[@placeholder='email']
13:39:06.982 INFO  manager.WDListener - After find element -->By.xpath: //input[@placeholder='email']
13:39:06.988 INFO  manager.WDListener - Location of element (396, 387)
13:39:07.043 INFO  manager.WDListener - sendKeys -->inputtext
13:39:07.043 INFO  manager.WDListener - Before find element -->By.xpath: //input[@placeholder='Address']
13:39:07.060 INFO  manager.WDListener - After find element -->By.xpath: //input[@placeholder='Address']
13:39:07.070 INFO  manager.WDListener - Location of element (396, 461)
13:39:07.132 INFO  manager.WDListener - sendKeys -->inputtext
13:39:07.132 INFO  manager.WDListener - Before find element -->By.xpath: //input[@placeholder='description']
13:39:07.152 INFO  manager.WDListener - After find element -->By.xpath: //input[@placeholder='description']
13:39:07.160 INFO  manager.WDListener - Location of element (396, 535)
13:39:07.176 INFO  manager.WDListener - Huston, we have a problem!
13:39:07.176 INFO  manager.WDListener - Object target --> [[ChromeDriver: chrome on windows (6d32b92f29d7af9c75cc7749d6cd6367)] -> xpath: //input[@placeholder='description']]
13:39:07.176 INFO  manager.WDListener - ******************************
13:39:07.176 INFO  manager.WDListener - Method name -->sendKeys
13:39:07.176 INFO  manager.WDListener - ******************************
13:39:07.176 INFO  manager.WDListener - InvocationTargetExceptionjava.lang.IllegalArgumentException: Keys to send should be a not null CharSequence
13:39:07.176 INFO  manager.WDListener - ******************************
13:39:07.186 INFO  manager.TestNGListener - Fail test --->contactFailWrongName
