23:18:56.867 INFO  manager.ApplicationManager - All tests run in Chrome Browser
23:18:57.047 INFO  manager.WDListener - Url-->https://telranedu.web.app/
23:18:57.853 INFO  manager.WDListener - Before find element -->By.xpath: //a[text() = 'LOGIN']
23:18:57.871 INFO  manager.WDListener - After find element -->By.xpath: //a[text() = 'LOGIN']
23:18:57.880 INFO  manager.WDListener - Location of element (2450, 34)
23:18:57.890 INFO  manager.WDListener - Before click element -->atext = LOGIN
23:18:57.943 INFO  manager.WDListener - After click element -->a
23:18:57.944 INFO  manager.WDListener - Before find element -->By.name: email
23:18:57.958 INFO  manager.WDListener - After find element -->By.name: email
23:18:57.965 INFO  manager.WDListener - Location of element (1080, 250)
23:18:57.974 INFO  manager.WDListener - Before click element -->inputtext = 
23:18:58.010 INFO  manager.WDListener - After click element -->input
23:18:58.074 INFO  manager.WDListener - sendKeys -->inputtext
23:18:58.074 INFO  manager.WDListener - Before find element -->By.xpath: //input[last()]
23:18:58.091 INFO  manager.WDListener - After find element -->By.xpath: //input[last()]
23:18:58.096 INFO  manager.WDListener - Location of element (1080, 320)
23:18:58.103 INFO  manager.WDListener - Before click element -->inputtext = 
23:18:58.130 INFO  manager.WDListener - After click element -->input
23:18:58.192 INFO  manager.WDListener - sendKeys -->inputtext
23:18:58.192 INFO  manager.WDListener - Before find element -->By.cssSelector: button[name='login']
23:18:58.232 INFO  manager.WDListener - After find element -->By.cssSelector: button[name='login']
23:18:58.237 INFO  manager.WDListener - Location of element (1080, 390)
23:18:58.245 INFO  manager.WDListener - Before click element -->buttontext = Login
23:18:58.286 INFO  manager.WDListener - Before find element -->By.xpath: //a[@href='/add']
23:18:59.721 INFO  manager.WDListener - After find element -->By.xpath: //a[@href='/add']
23:18:59.725 INFO  manager.WDListener - Location of element (2023, 34)
23:18:59.756 INFO  manager.WDListener - Before click element -->atext = ADD
23:18:59.796 INFO  manager.WDListener - After click element -->a
23:18:59.797 INFO  manager.WDListener - Before find element -->By.xpath: //input[@placeholder='Name']
23:18:59.811 INFO  manager.WDListener - After find element -->By.xpath: //input[@placeholder='Name']
23:18:59.816 INFO  manager.WDListener - Location of element (396, 165)
23:18:59.873 INFO  manager.WDListener - sendKeys -->inputtext
23:18:59.874 INFO  manager.WDListener - Before find element -->By.xpath: //input[@placeholder='Last Name']
23:18:59.888 INFO  manager.WDListener - After find element -->By.xpath: //input[@placeholder='Last Name']
23:18:59.896 INFO  manager.WDListener - Location of element (396, 239)
23:18:59.905 INFO  manager.WDListener - Before click element -->inputtext = 
23:18:59.945 INFO  manager.WDListener - After click element -->input
23:18:59.984 INFO  manager.WDListener - sendKeys -->inputtext
23:18:59.984 INFO  manager.WDListener - Before find element -->By.xpath: //input[@placeholder='Phone']
23:18:59.996 INFO  manager.WDListener - After find element -->By.xpath: //input[@placeholder='Phone']
23:19:00.001 INFO  manager.WDListener - Location of element (396, 313)
23:19:00.008 INFO  manager.WDListener - Before click element -->inputtext = 
23:19:00.042 INFO  manager.WDListener - After click element -->input
23:19:00.075 INFO  manager.WDListener - sendKeys -->inputtext
23:19:00.075 INFO  manager.WDListener - Before find element -->By.xpath: //input[@placeholder='email']
23:19:00.098 INFO  manager.WDListener - After find element -->By.xpath: //input[@placeholder='email']
23:19:00.103 INFO  manager.WDListener - Location of element (396, 387)
23:19:00.110 INFO  manager.WDListener - Before click element -->inputtext = 
23:19:00.145 INFO  manager.WDListener - After click element -->input
23:19:00.175 INFO  manager.WDListener - sendKeys -->inputtext
23:19:00.175 INFO  manager.WDListener - Before find element -->By.xpath: //input[@placeholder='Address']
23:19:00.205 INFO  manager.WDListener - After find element -->By.xpath: //input[@placeholder='Address']
23:19:00.213 INFO  manager.WDListener - Location of element (396, 461)
23:19:00.222 INFO  manager.WDListener - Before click element -->inputtext = 
23:19:00.253 INFO  manager.WDListener - After click element -->input
23:19:00.293 INFO  manager.WDListener - sendKeys -->inputtext
23:19:00.293 INFO  manager.WDListener - Before find element -->By.xpath: //input[@placeholder='description']
23:19:00.308 INFO  manager.WDListener - After find element -->By.xpath: //input[@placeholder='description']
23:19:00.313 INFO  manager.WDListener - Location of element (396, 535)
23:19:00.321 INFO  manager.WDListener - Before click element -->inputtext = 
23:19:00.351 INFO  manager.WDListener - After click element -->input
23:19:00.393 INFO  manager.WDListener - sendKeys -->inputtext
23:19:00.393 INFO  manager.WDListener - Before find element -->By.xpath: //*[text()='Save']
23:19:00.398 INFO  manager.WDListener - After find element -->By.xpath: //*[text()='Save']
23:19:00.410 INFO  manager.WDListener - Location of element (1271, 622)
23:19:00.424 INFO  manager.WDListener - Before click element -->btext = Save
23:19:00.443 INFO  manager.WDListener - After click element -->b
23:19:00.443 INFO  manager.WDListener - Before find element -->By.xpath: //a[@href='/add']
23:19:00.461 INFO  manager.WDListener - After find element -->By.xpath: //a[@href='/add']
23:19:00.461 INFO  manager.WDListener - Location of element (2021, 33)
23:19:00.993 INFO  manager.WDListener - Before find element -->By.xpath: //a[@href='/add']
23:19:01.012 INFO  manager.WDListener - After find element -->By.xpath: //a[@href='/add']
23:19:01.012 INFO  manager.WDListener - Location of element (2021, 33)
23:19:01.028 INFO  manager.WDListener - Before click element -->atext = ADD
23:19:01.079 INFO  manager.WDListener - After click element -->a
23:19:01.079 INFO  manager.WDListener - Before find element -->By.xpath: //input[@placeholder='Name']
23:19:01.087 INFO  manager.WDListener - After find element -->By.xpath: //input[@placeholder='Name']
23:19:01.096 INFO  manager.WDListener - Location of element (396, 165)
23:19:01.122 INFO  manager.WDListener - Huston, we have a problem!
23:19:01.122 INFO  manager.WDListener - Object target --> [[ChromeDriver: chrome on windows (d261fbcc70967fcc9bd484d82404080c)] -> xpath: //input[@placeholder='Name']]
23:19:01.122 INFO  manager.WDListener - ******************************
23:19:01.122 INFO  manager.WDListener - Method name -->clear
23:19:01.122 INFO  manager.WDListener - ******************************
23:19:01.122 INFO  manager.WDListener - InvocationTargetExceptionorg.openqa.selenium.StaleElementReferenceException: stale element reference: stale element not found in the current frame
  (Session info: chrome=137.0.7151.104)
For documentation on this error, please visit: https://www.selenium.dev/documentation/webdriver/troubleshooting/errors#stale-element-reference-exception
Build info: version: '4.16.1', revision: '9b4c83354e'
System info: os.name: 'Windows 11', os.arch: 'amd64', os.version: '10.0', java.version: '11.0.21'
Driver info: org.openqa.selenium.chrome.ChromeDriver
Command: [d261fbcc70967fcc9bd484d82404080c, clearElement {id=f.366DDBF8EE2786136C39125DA2A32A08.d.6B7968C6B128ED6550BFFDDBDF9E2A36.e.71}]
Capabilities {acceptInsecureCerts: false, browserName: chrome, browserVersion: 137.0.7151.104, chrome: {chromedriverVersion: 137.0.7151.40 (84781974514a..., userDataDir: C:\Users\kalin\AppData\Loca...}, fedcm:accounts: true, goog:chromeOptions: {debuggerAddress: localhost:58060}, networkConnectionEnabled: false, pageLoadStrategy: normal, platformName: windows, proxy: Proxy(), se:cdp: ws://localhost:58060/devtoo..., se:cdpVersion: 137.0.7151.104, setWindowRect: true, strictFileInteractability: false, timeouts: {implicit: 0, pageLoad: 300000, script: 30000}, unhandledPromptBehavior: dismiss and notify, webauthn:extension:credBlob: true, webauthn:extension:largeBlob: true, webauthn:extension:minPinLength: true, webauthn:extension:prf: true, webauthn:virtualAuthenticators: true}
Element: [[ChromeDriver: chrome on windows (d261fbcc70967fcc9bd484d82404080c)] -> xpath: //input[@placeholder='Name']]
Session ID: d261fbcc70967fcc9bd484d82404080c
23:19:01.122 INFO  manager.WDListener - ******************************
23:19:01.133 INFO  manager.TestNGListener - Start test --->removeFirstContact
23:19:01.135 INFO  manager.TestNGListener - Skipped test --->removeFirstContact
