12:27:22.979 INFO  manager.ApplicationManager - All tests run in Chrome Browser
12:27:23.151 INFO  manager.WDListener - Url-->https://telranedu.web.app/
12:27:23.909 INFO  manager.WDListener - Before find element -->By.xpath: //a[text() = 'LOGIN']
12:27:23.925 INFO  manager.WDListener - After find element -->By.xpath: //a[text() = 'LOGIN']
12:27:23.934 INFO  manager.WDListener - Location of element (2450, 34)
12:27:23.947 INFO  manager.WDListener - Before click element -->atext = LOGIN
12:27:23.992 INFO  manager.WDListener - After click element -->a
12:27:23.993 INFO  manager.WDListener - Before find element -->By.name: email
12:27:24.010 INFO  manager.WDListener - After find element -->By.name: email
12:27:24.016 INFO  manager.WDListener - Location of element (1080, 250)
12:27:24.025 INFO  manager.WDListener - Before click element -->inputtext = 
12:27:24.086 INFO  manager.WDListener - After click element -->input
12:27:24.157 INFO  manager.WDListener - sendKeys -->inputtext
12:27:24.157 INFO  manager.WDListener - Before find element -->By.xpath: //input[last()]
12:27:24.169 INFO  manager.WDListener - After find element -->By.xpath: //input[last()]
12:27:24.174 INFO  manager.WDListener - Location of element (1080, 320)
12:27:24.181 INFO  manager.WDListener - Before click element -->inputtext = 
12:27:24.214 INFO  manager.WDListener - After click element -->input
12:27:24.246 INFO  manager.WDListener - sendKeys -->inputtext
12:27:24.246 INFO  manager.WDListener - Before find element -->By.cssSelector: button[name='login']
12:27:24.256 INFO  manager.WDListener - After find element -->By.cssSelector: button[name='login']
12:27:24.273 INFO  manager.WDListener - Location of element (1080, 390)
12:27:24.279 INFO  manager.WDListener - Before click element -->buttontext = Login
12:27:24.322 INFO  manager.WDListener - Before find element -->By.xpath: //a[@href='/add']
12:27:25.692 INFO  manager.WDListener - After find element -->By.xpath: //a[@href='/add']
12:27:25.692 INFO  manager.WDListener - Location of element (2023, 34)
12:27:25.725 INFO  manager.WDListener - Before click element -->atext = ADD
12:27:25.763 INFO  manager.WDListener - After click element -->a
12:27:25.763 INFO  manager.WDListener - Before find element -->By.xpath: //input[@placeholder='Name']
12:27:25.776 INFO  manager.WDListener - After find element -->By.xpath: //input[@placeholder='Name']
12:27:25.782 INFO  manager.WDListener - Location of element (396, 165)
12:27:25.839 INFO  manager.WDListener - sendKeys -->inputtext
12:27:25.840 INFO  manager.WDListener - Before find element -->By.xpath: //input[@placeholder='Last Name']
12:27:25.851 INFO  manager.WDListener - After find element -->By.xpath: //input[@placeholder='Last Name']
12:27:25.858 INFO  manager.WDListener - Location of element (396, 239)
12:27:25.867 INFO  manager.WDListener - Before click element -->inputtext = 
12:27:25.898 INFO  manager.WDListener - After click element -->input
12:27:25.942 INFO  manager.WDListener - sendKeys -->inputtext
12:27:25.942 INFO  manager.WDListener - Before find element -->By.xpath: //input[@placeholder='Phone']
12:27:25.942 INFO  manager.WDListener - After find element -->By.xpath: //input[@placeholder='Phone']
12:27:25.962 INFO  manager.WDListener - Location of element (396, 313)
12:27:25.969 INFO  manager.WDListener - Before click element -->inputtext = 
12:27:25.996 INFO  manager.WDListener - After click element -->input
12:27:26.042 INFO  manager.WDListener - sendKeys -->inputtext
12:27:26.042 INFO  manager.WDListener - Before find element -->By.xpath: //input[@placeholder='email']
12:27:26.062 INFO  manager.WDListener - After find element -->By.xpath: //input[@placeholder='email']
12:27:26.067 INFO  manager.WDListener - Location of element (396, 387)
12:27:26.074 INFO  manager.WDListener - Before click element -->inputtext = 
12:27:26.108 INFO  manager.WDListener - After click element -->input
12:27:26.148 INFO  manager.WDListener - sendKeys -->inputtext
12:27:26.155 INFO  manager.WDListener - Before find element -->By.xpath: //input[@placeholder='Address']
12:27:26.168 INFO  manager.WDListener - After find element -->By.xpath: //input[@placeholder='Address']
12:27:26.172 INFO  manager.WDListener - Location of element (396, 461)
12:27:26.181 INFO  manager.WDListener - Before click element -->inputtext = 
12:27:26.209 INFO  manager.WDListener - After click element -->input
12:27:26.242 INFO  manager.WDListener - sendKeys -->inputtext
12:27:26.242 INFO  manager.WDListener - Before find element -->By.xpath: //input[@placeholder='description']
12:27:26.264 INFO  manager.WDListener - After find element -->By.xpath: //input[@placeholder='description']
12:27:26.268 INFO  manager.WDListener - Location of element (396, 535)
12:27:26.275 INFO  manager.WDListener - Before click element -->inputtext = 
12:27:26.300 INFO  manager.WDListener - After click element -->input
12:27:26.342 INFO  manager.WDListener - sendKeys -->inputtext
12:27:26.342 INFO  manager.WDListener - Before find element -->By.xpath: //*[text()='Save']
12:27:26.357 INFO  manager.WDListener - After find element -->By.xpath: //*[text()='Save']
12:27:26.361 INFO  manager.WDListener - Location of element (1271, 622)
12:27:26.378 INFO  manager.WDListener - Before click element -->btext = Save
12:27:26.407 INFO  manager.WDListener - After click element -->b
12:27:26.407 INFO  manager.WDListener - Before find element -->By.xpath: //a[@href='/add']
12:27:26.409 INFO  manager.WDListener - After find element -->By.xpath: //a[@href='/add']
12:27:26.423 INFO  manager.WDListener - Location of element (2021, 33)
12:27:26.942 INFO  manager.WDListener - Before find element -->By.xpath: //a[@href='/add']
12:27:26.958 INFO  manager.WDListener - After find element -->By.xpath: //a[@href='/add']
12:27:26.965 INFO  manager.WDListener - Location of element (2023, 34)
12:27:26.973 INFO  manager.WDListener - Before click element -->atext = ADD
12:27:27.011 INFO  manager.WDListener - After click element -->a
12:27:27.011 INFO  manager.WDListener - Before find element -->By.xpath: //input[@placeholder='Name']
12:27:27.019 INFO  manager.WDListener - After find element -->By.xpath: //input[@placeholder='Name']
12:27:27.025 INFO  manager.WDListener - Location of element (396, 165)
12:27:27.083 INFO  manager.WDListener - sendKeys -->inputtext
12:27:27.083 INFO  manager.WDListener - Before find element -->By.xpath: //input[@placeholder='Last Name']
12:27:27.090 INFO  manager.WDListener - After find element -->By.xpath: //input[@placeholder='Last Name']
12:27:27.096 INFO  manager.WDListener - Location of element (396, 239)
12:27:27.104 INFO  manager.WDListener - Before click element -->inputtext = 
12:27:27.127 INFO  manager.WDListener - After click element -->input
12:27:27.162 INFO  manager.WDListener - sendKeys -->inputtext
12:27:27.162 INFO  manager.WDListener - Before find element -->By.xpath: //input[@placeholder='Phone']
12:27:27.179 INFO  manager.WDListener - After find element -->By.xpath: //input[@placeholder='Phone']
12:27:27.183 INFO  manager.WDListener - Location of element (396, 313)
12:27:27.188 INFO  manager.WDListener - Before click element -->inputtext = 
12:27:27.212 INFO  manager.WDListener - After click element -->input
12:27:27.260 INFO  manager.WDListener - sendKeys -->inputtext
12:27:27.260 INFO  manager.WDListener - Before find element -->By.xpath: //input[@placeholder='email']
12:27:27.260 INFO  manager.WDListener - After find element -->By.xpath: //input[@placeholder='email']
12:27:27.260 INFO  manager.WDListener - Location of element (396, 387)
12:27:27.281 INFO  manager.WDListener - Before click element -->inputtext = 
12:27:27.312 INFO  manager.WDListener - After click element -->input
12:27:27.360 INFO  manager.WDListener - sendKeys -->inputtext
12:27:27.360 INFO  manager.WDListener - Before find element -->By.xpath: //input[@placeholder='Address']
12:27:27.360 INFO  manager.WDListener - After find element -->By.xpath: //input[@placeholder='Address']
12:27:27.360 INFO  manager.WDListener - Location of element (396, 461)
12:27:27.378 INFO  manager.WDListener - Before click element -->inputtext = 
12:27:27.401 INFO  manager.WDListener - After click element -->input
12:27:27.443 INFO  manager.WDListener - sendKeys -->inputtext
12:27:27.443 INFO  manager.WDListener - Before find element -->By.xpath: //input[@placeholder='description']
12:27:27.443 INFO  manager.WDListener - After find element -->By.xpath: //input[@placeholder='description']
12:27:27.462 INFO  manager.WDListener - Location of element (396, 535)
12:27:27.468 INFO  manager.WDListener - Before click element -->inputtext = 
12:27:27.498 INFO  manager.WDListener - After click element -->input
12:27:27.542 INFO  manager.WDListener - sendKeys -->inputtext
12:27:27.542 INFO  manager.WDListener - Before find element -->By.xpath: //*[text()='Save']
12:27:27.543 INFO  manager.WDListener - After find element -->By.xpath: //*[text()='Save']
12:27:27.543 INFO  manager.WDListener - Location of element (1271, 622)
12:27:27.572 INFO  manager.WDListener - Before click element -->btext = Save
12:27:27.594 INFO  manager.WDListener - After click element -->b
12:27:27.594 INFO  manager.WDListener - Before find element -->By.xpath: //a[@href='/add']
12:27:27.608 INFO  manager.WDListener - After find element -->By.xpath: //a[@href='/add']
12:27:27.620 INFO  manager.WDListener - Location of element (2021, 33)
12:27:28.141 INFO  manager.WDListener - Before find element -->By.xpath: //a[@href='/add']
12:27:28.145 INFO  manager.WDListener - After find element -->By.xpath: //a[@href='/add']
12:27:28.145 INFO  manager.WDListener - Location of element (2023, 34)
12:27:28.173 INFO  manager.WDListener - Before click element -->atext = ADD
12:27:28.206 INFO  manager.WDListener - After click element -->a
12:27:28.206 INFO  manager.WDListener - Before find element -->By.xpath: //input[@placeholder='Name']
12:27:28.217 INFO  manager.WDListener - After find element -->By.xpath: //input[@placeholder='Name']
12:27:28.223 INFO  manager.WDListener - Location of element (396, 165)
12:27:28.277 INFO  manager.WDListener - sendKeys -->inputtext
12:27:28.277 INFO  manager.WDListener - Before find element -->By.xpath: //input[@placeholder='Last Name']
12:27:28.287 INFO  manager.WDListener - After find element -->By.xpath: //input[@placeholder='Last Name']
12:27:28.294 INFO  manager.WDListener - Location of element (396, 239)
12:27:28.302 INFO  manager.WDListener - Before click element -->inputtext = 
12:27:28.333 INFO  manager.WDListener - After click element -->input
12:27:28.371 INFO  manager.WDListener - sendKeys -->inputtext
12:27:28.371 INFO  manager.WDListener - Before find element -->By.xpath: //input[@placeholder='Phone']
12:27:28.377 INFO  manager.WDListener - After find element -->By.xpath: //input[@placeholder='Phone']
12:27:28.378 INFO  manager.WDListener - Location of element (396, 313)
12:27:28.378 INFO  manager.WDListener - Before click element -->inputtext = 
12:27:28.419 INFO  manager.WDListener - After click element -->input
12:27:28.461 INFO  manager.WDListener - sendKeys -->inputtext
12:27:28.461 INFO  manager.WDListener - Before find element -->By.xpath: //input[@placeholder='email']
12:27:28.461 INFO  manager.WDListener - After find element -->By.xpath: //input[@placeholder='email']
12:27:28.479 INFO  manager.WDListener - Location of element (396, 387)
12:27:28.485 INFO  manager.WDListener - Before click element -->inputtext = 
12:27:28.512 INFO  manager.WDListener - After click element -->input
12:27:28.561 INFO  manager.WDListener - sendKeys -->inputtext
12:27:28.561 INFO  manager.WDListener - Before find element -->By.xpath: //input[@placeholder='Address']
12:27:28.561 INFO  manager.WDListener - After find element -->By.xpath: //input[@placeholder='Address']
12:27:28.561 INFO  manager.WDListener - Location of element (396, 461)
12:27:28.582 INFO  manager.WDListener - Before click element -->inputtext = 
12:27:28.611 INFO  manager.WDListener - After click element -->input
12:27:28.644 INFO  manager.WDListener - sendKeys -->inputtext
12:27:28.644 INFO  manager.WDListener - Before find element -->By.xpath: //input[@placeholder='description']
12:27:28.644 INFO  manager.WDListener - After find element -->By.xpath: //input[@placeholder='description']
12:27:28.661 INFO  manager.WDListener - Location of element (396, 535)
12:27:28.667 INFO  manager.WDListener - Before click element -->inputtext = 
12:27:28.698 INFO  manager.WDListener - After click element -->input
12:27:28.728 INFO  manager.WDListener - sendKeys -->inputtext
12:27:28.728 INFO  manager.WDListener - Before find element -->By.xpath: //*[text()='Save']
12:27:28.745 INFO  manager.WDListener - After find element -->By.xpath: //*[text()='Save']
12:27:28.745 INFO  manager.WDListener - Location of element (1271, 622)
12:27:28.770 INFO  manager.WDListener - Before click element -->btext = Save
12:27:28.794 INFO  manager.WDListener - After click element -->b
12:27:28.794 INFO  manager.WDListener - Before find element -->By.xpath: //a[@href='/add']
12:27:28.794 INFO  manager.WDListener - After find element -->By.xpath: //a[@href='/add']
12:27:28.811 INFO  manager.WDListener - Location of element (2021, 33)
12:27:29.317 INFO  manager.WDListener - Before find element -->By.xpath: //a[@href='/add']
12:27:29.329 INFO  manager.WDListener - After find element -->By.xpath: //a[@href='/add']
12:27:29.334 INFO  manager.WDListener - Location of element (2023, 34)
12:27:29.345 INFO  manager.WDListener - Before click element -->atext = ADD
12:27:29.380 INFO  manager.WDListener - After click element -->a
12:27:29.380 INFO  manager.WDListener - Before find element -->By.xpath: //input[@placeholder='Name']
12:27:29.387 INFO  manager.WDListener - After find element -->By.xpath: //input[@placeholder='Name']
12:27:29.396 INFO  manager.WDListener - Location of element (396, 165)
12:27:29.449 INFO  manager.WDListener - sendKeys -->inputtext
12:27:29.449 INFO  manager.WDListener - Before find element -->By.xpath: //input[@placeholder='Last Name']
12:27:29.457 INFO  manager.WDListener - After find element -->By.xpath: //input[@placeholder='Last Name']
12:27:29.463 INFO  manager.WDListener - Location of element (396, 239)
12:27:29.471 INFO  manager.WDListener - Before click element -->inputtext = 
12:27:29.503 INFO  manager.WDListener - After click element -->input
12:27:29.546 INFO  manager.WDListener - sendKeys -->inputtext
12:27:29.546 INFO  manager.WDListener - Before find element -->By.xpath: //input[@placeholder='Phone']
12:27:29.546 INFO  manager.WDListener - After find element -->By.xpath: //input[@placeholder='Phone']
12:27:29.546 INFO  manager.WDListener - Location of element (396, 313)
12:27:29.562 INFO  manager.WDListener - Before click element -->inputtext = 
12:27:29.592 INFO  manager.WDListener - After click element -->input
12:27:29.629 INFO  manager.WDListener - sendKeys -->inputtext
12:27:29.629 INFO  manager.WDListener - Before find element -->By.xpath: //input[@placeholder='email']
12:27:29.637 INFO  manager.WDListener - After find element -->By.xpath: //input[@placeholder='email']
12:27:29.637 INFO  manager.WDListener - Location of element (396, 387)
12:27:29.647 INFO  manager.WDListener - Before click element -->inputtext = 
12:27:29.675 INFO  manager.WDListener - After click element -->input
12:27:29.712 INFO  manager.WDListener - sendKeys -->inputtext
12:27:29.712 INFO  manager.WDListener - Before find element -->By.xpath: //input[@placeholder='Address']
12:27:29.712 INFO  manager.WDListener - After find element -->By.xpath: //input[@placeholder='Address']
12:27:29.731 INFO  manager.WDListener - Location of element (396, 461)
12:27:29.737 INFO  manager.WDListener - Before click element -->inputtext = 
12:27:29.762 INFO  manager.WDListener - After click element -->input
12:27:29.796 INFO  manager.WDListener - sendKeys -->inputtext
12:27:29.796 INFO  manager.WDListener - Before find element -->By.xpath: //input[@placeholder='description']
12:27:29.811 INFO  manager.WDListener - After find element -->By.xpath: //input[@placeholder='description']
12:27:29.816 INFO  manager.WDListener - Location of element (396, 535)
12:27:29.822 INFO  manager.WDListener - Before click element -->inputtext = 
12:27:29.852 INFO  manager.WDListener - After click element -->input
12:27:29.884 INFO  manager.WDListener - sendKeys -->inputtext
12:27:29.884 INFO  manager.WDListener - Before find element -->By.xpath: //*[text()='Save']
12:27:29.897 INFO  manager.WDListener - After find element -->By.xpath: //*[text()='Save']
12:27:29.902 INFO  manager.WDListener - Location of element (1271, 622)
12:27:29.918 INFO  manager.WDListener - Before click element -->btext = Save
12:27:29.946 INFO  manager.WDListener - After click element -->b
12:27:29.946 INFO  manager.WDListener - Before find element -->By.xpath: //a[@href='/add']
12:27:29.946 INFO  manager.WDListener - After find element -->By.xpath: //a[@href='/add']
12:27:29.946 INFO  manager.WDListener - Location of element (2021, 33)
12:27:30.480 INFO  manager.WDListener - Before find element -->By.xpath: //a[@href='/add']
12:27:30.496 INFO  manager.WDListener - After find element -->By.xpath: //a[@href='/add']
12:27:30.498 INFO  manager.WDListener - Location of element (2023, 34)
12:27:30.511 INFO  manager.WDListener - Before click element -->atext = ADD
12:27:30.557 INFO  manager.WDListener - After click element -->a
12:27:30.557 INFO  manager.WDListener - Before find element -->By.xpath: //input[@placeholder='Name']
12:27:30.569 INFO  manager.WDListener - After find element -->By.xpath: //input[@placeholder='Name']
12:27:30.574 INFO  manager.WDListener - Location of element (396, 165)
12:27:30.625 INFO  manager.WDListener - sendKeys -->inputtext
12:27:30.626 INFO  manager.WDListener - Before find element -->By.xpath: //input[@placeholder='Last Name']
12:27:30.635 INFO  manager.WDListener - After find element -->By.xpath: //input[@placeholder='Last Name']
12:27:30.640 INFO  manager.WDListener - Location of element (396, 239)
12:27:30.646 INFO  manager.WDListener - Before click element -->inputtext = 
12:27:30.676 INFO  manager.WDListener - After click element -->input
12:27:30.709 INFO  manager.WDListener - sendKeys -->inputtext
12:27:30.710 INFO  manager.WDListener - Before find element -->By.xpath: //input[@placeholder='Phone']
12:27:30.713 INFO  manager.WDListener - After find element -->By.xpath: //input[@placeholder='Phone']
12:27:30.713 INFO  manager.WDListener - Location of element (396, 313)
12:27:30.713 INFO  manager.WDListener - Before click element -->inputtext = 
12:27:30.756 INFO  manager.WDListener - After click element -->input
12:27:30.796 INFO  manager.WDListener - sendKeys -->inputtext
12:27:30.796 INFO  manager.WDListener - Before find element -->By.xpath: //input[@placeholder='email']
12:27:30.796 INFO  manager.WDListener - After find element -->By.xpath: //input[@placeholder='email']
12:27:30.813 INFO  manager.WDListener - Location of element (396, 387)
12:27:30.821 INFO  manager.WDListener - Before click element -->inputtext = 
12:27:30.849 INFO  manager.WDListener - After click element -->input
12:27:30.880 INFO  manager.WDListener - sendKeys -->inputtext
12:27:30.880 INFO  manager.WDListener - Before find element -->By.xpath: //input[@placeholder='Address']
12:27:30.880 INFO  manager.WDListener - After find element -->By.xpath: //input[@placeholder='Address']
12:27:30.898 INFO  manager.WDListener - Location of element (396, 461)
12:27:30.904 INFO  manager.WDListener - Before click element -->inputtext = 
12:27:30.929 INFO  manager.WDListener - After click element -->input
12:27:30.974 INFO  manager.WDListener - sendKeys -->inputtext
12:27:30.974 INFO  manager.WDListener - Before find element -->By.xpath: //input[@placeholder='description']
12:27:30.983 INFO  manager.WDListener - After find element -->By.xpath: //input[@placeholder='description']
12:27:30.983 INFO  manager.WDListener - Location of element (396, 535)
12:27:30.999 INFO  manager.WDListener - Before click element -->inputtext = 
12:27:31.065 INFO  manager.WDListener - After click element -->input
12:27:31.101 INFO  manager.WDListener - sendKeys -->inputtext
12:27:31.101 INFO  manager.WDListener - Before find element -->By.xpath: //*[text()='Save']
12:27:31.117 INFO  manager.WDListener - After find element -->By.xpath: //*[text()='Save']
12:27:31.117 INFO  manager.WDListener - Location of element (1271, 622)
12:27:31.137 INFO  manager.WDListener - Before click element -->btext = Save
12:27:31.168 INFO  manager.WDListener - After click element -->b
12:27:31.168 INFO  manager.WDListener - Before find element -->By.xpath: //a[@href='/add']
12:27:31.177 INFO  manager.WDListener - After find element -->By.xpath: //a[@href='/add']
12:27:31.184 INFO  manager.WDListener - Location of element (2021, 33)
12:27:31.696 INFO  manager.WDListener - Before find element -->By.xpath: //a[@href='/add']
12:27:31.712 INFO  manager.WDListener - After find element -->By.xpath: //a[@href='/add']
12:27:31.728 INFO  manager.WDListener - Location of element (2023, 34)
12:27:31.744 INFO  manager.WDListener - Before click element -->atext = ADD
12:27:31.783 INFO  manager.WDListener - After click element -->a
12:27:31.783 INFO  manager.WDListener - Before find element -->By.xpath: //input[@placeholder='Name']
12:27:31.793 INFO  manager.WDListener - After find element -->By.xpath: //input[@placeholder='Name']
12:27:31.801 INFO  manager.WDListener - Location of element (396, 165)
12:27:31.857 INFO  manager.WDListener - sendKeys -->inputtext
12:27:31.857 INFO  manager.WDListener - Before find element -->By.xpath: //input[@placeholder='Last Name']
12:27:31.864 INFO  manager.WDListener - After find element -->By.xpath: //input[@placeholder='Last Name']
12:27:31.869 INFO  manager.WDListener - Location of element (396, 239)
12:27:31.877 INFO  manager.WDListener - Before click element -->inputtext = 
12:27:31.913 INFO  manager.WDListener - After click element -->input
12:27:31.954 INFO  manager.WDListener - sendKeys -->inputtext
12:27:31.954 INFO  manager.WDListener - Before find element -->By.xpath: //input[@placeholder='Phone']
12:27:31.959 INFO  manager.WDListener - After find element -->By.xpath: //input[@placeholder='Phone']
12:27:31.965 INFO  manager.WDListener - Location of element (396, 313)
12:27:31.971 INFO  manager.WDListener - Before click element -->inputtext = 
12:27:31.998 INFO  manager.WDListener - After click element -->input
12:27:32.046 INFO  manager.WDListener - sendKeys -->inputtext
12:27:32.046 INFO  manager.WDListener - Before find element -->By.xpath: //input[@placeholder='email']
12:27:32.047 INFO  manager.WDListener - After find element -->By.xpath: //input[@placeholder='email']
12:27:32.047 INFO  manager.WDListener - Location of element (396, 387)
12:27:32.063 INFO  manager.WDListener - Before click element -->inputtext = 
12:27:32.088 INFO  manager.WDListener - After click element -->input
12:27:32.130 INFO  manager.WDListener - sendKeys -->inputtext
12:27:32.130 INFO  manager.WDListener - Before find element -->By.xpath: //input[@placeholder='Address']
12:27:32.143 INFO  manager.WDListener - After find element -->By.xpath: //input[@placeholder='Address']
12:27:32.147 INFO  manager.WDListener - Location of element (396, 461)
12:27:32.153 INFO  manager.WDListener - Before click element -->inputtext = 
12:27:32.184 INFO  manager.WDListener - After click element -->input
12:27:32.215 INFO  manager.WDListener - sendKeys -->inputtext
12:27:32.215 INFO  manager.WDListener - Before find element -->By.xpath: //input[@placeholder='description']
12:27:32.215 INFO  manager.WDListener - After find element -->By.xpath: //input[@placeholder='description']
12:27:32.231 INFO  manager.WDListener - Location of element (396, 535)
12:27:32.237 INFO  manager.WDListener - Before click element -->inputtext = 
12:27:32.265 INFO  manager.WDListener - After click element -->input
12:27:32.314 INFO  manager.WDListener - sendKeys -->inputtext
12:27:32.314 INFO  manager.WDListener - Before find element -->By.xpath: //*[text()='Save']
12:27:32.322 INFO  manager.WDListener - After find element -->By.xpath: //*[text()='Save']
12:27:32.326 INFO  manager.WDListener - Location of element (1271, 622)
12:27:32.340 INFO  manager.WDListener - Before click element -->btext = Save
12:27:32.369 INFO  manager.WDListener - After click element -->b
12:27:32.369 INFO  manager.WDListener - Before find element -->By.xpath: //a[@href='/add']
12:27:32.375 INFO  manager.WDListener - After find element -->By.xpath: //a[@href='/add']
12:27:32.382 INFO  manager.WDListener - Location of element (2021, 33)
12:27:33.125 INFO  tests.TestBase - === Starting test: removeAllContacts ===
12:27:33.125 INFO  manager.TestNGListener - Start test --->removeAllContacts
12:27:33.199 INFO  manager.WDListener - Before click element -->divtext = John1487
88005553531540
12:27:33.239 INFO  manager.WDListener - After click element -->div
12:27:33.239 INFO  manager.WDListener - Before find element -->By.xpath: //button[text()='Remove']
12:27:33.253 INFO  manager.WDListener - After find element -->By.xpath: //button[text()='Remove']
12:27:33.258 INFO  manager.WDListener - Location of element (1141, 371)
12:27:33.274 INFO  manager.WDListener - Before click element -->buttontext = Remove
12:27:33.308 INFO  manager.WDListener - After click element -->button
12:27:33.845 INFO  manager.WDListener - Huston, we have a problem!
12:27:33.845 INFO  manager.WDListener - Object target --> [[ChromeDriver: chrome on windows (3e033f3e88da99e74c6d3f5a29824779)] -> xpath: //button[text()='Remove']]
12:27:33.845 INFO  manager.WDListener - ******************************
12:27:33.845 INFO  manager.WDListener - Method name -->isDisplayed
12:27:33.845 INFO  manager.WDListener - ******************************
12:27:33.845 INFO  manager.WDListener - InvocationTargetExceptionorg.openqa.selenium.StaleElementReferenceException: stale element reference: stale element not found in the current frame
  (Session info: chrome=137.0.7151.104)
For documentation on this error, please visit: https://www.selenium.dev/documentation/webdriver/troubleshooting/errors#stale-element-reference-exception
Build info: version: '4.16.1', revision: '9b4c83354e'
System info: os.name: 'Windows 11', os.arch: 'amd64', os.version: '10.0', java.version: '11.0.21'
Driver info: org.openqa.selenium.chrome.ChromeDriver
Command: [3e033f3e88da99e74c6d3f5a29824779, isElementDisplayed {id=f.962C57674DD117169175775EACB41752.d.FEE8F812550BA63A707C7F694363A1D8.e.477}]
Capabilities {acceptInsecureCerts: false, browserName: chrome, browserVersion: 137.0.7151.104, chrome: {chromedriverVersion: 137.0.7151.40 (84781974514a..., userDataDir: C:\Users\kalin\AppData\Loca...}, fedcm:accounts: true, goog:chromeOptions: {debuggerAddress: localhost:57773}, networkConnectionEnabled: false, pageLoadStrategy: normal, platformName: windows, proxy: Proxy(), se:cdp: ws://localhost:57773/devtoo..., se:cdpVersion: 137.0.7151.104, setWindowRect: true, strictFileInteractability: false, timeouts: {implicit: 0, pageLoad: 300000, script: 30000}, unhandledPromptBehavior: dismiss and notify, webauthn:extension:credBlob: true, webauthn:extension:largeBlob: true, webauthn:extension:minPinLength: true, webauthn:extension:prf: true, webauthn:virtualAuthenticators: true}
Element: [[ChromeDriver: chrome on windows (3e033f3e88da99e74c6d3f5a29824779)] -> xpath: //button[text()='Remove']]
Session ID: 3e033f3e88da99e74c6d3f5a29824779
12:27:33.845 INFO  manager.WDListener - ******************************
12:27:34.531 INFO  manager.WDListener - Before click element -->divtext = John1651
88005553531478
12:27:34.569 INFO  manager.WDListener - After click element -->div
12:27:34.570 INFO  manager.WDListener - Before find element -->By.xpath: //button[text()='Remove']
12:27:34.576 INFO  manager.WDListener - After find element -->By.xpath: //button[text()='Remove']
12:27:34.580 INFO  manager.WDListener - Location of element (1141, 371)
12:27:34.596 INFO  manager.WDListener - Before click element -->buttontext = Remove
12:27:34.630 INFO  manager.WDListener - After click element -->button
12:27:35.667 INFO  manager.WDListener - Huston, we have a problem!
12:27:35.667 INFO  manager.WDListener - Object target --> [[ChromeDriver: chrome on windows (3e033f3e88da99e74c6d3f5a29824779)] -> xpath: //button[text()='Remove']]
12:27:35.667 INFO  manager.WDListener - ******************************
12:27:35.667 INFO  manager.WDListener - Method name -->isDisplayed
12:27:35.667 INFO  manager.WDListener - ******************************
12:27:35.667 INFO  manager.WDListener - InvocationTargetExceptionorg.openqa.selenium.StaleElementReferenceException: stale element reference: stale element not found in the current frame
  (Session info: chrome=137.0.7151.104)
For documentation on this error, please visit: https://www.selenium.dev/documentation/webdriver/troubleshooting/errors#stale-element-reference-exception
Build info: version: '4.16.1', revision: '9b4c83354e'
System info: os.name: 'Windows 11', os.arch: 'amd64', os.version: '10.0', java.version: '11.0.21'
Driver info: org.openqa.selenium.chrome.ChromeDriver
Command: [3e033f3e88da99e74c6d3f5a29824779, isElementDisplayed {id=f.962C57674DD117169175775EACB41752.d.FEE8F812550BA63A707C7F694363A1D8.e.505}]
Capabilities {acceptInsecureCerts: false, browserName: chrome, browserVersion: 137.0.7151.104, chrome: {chromedriverVersion: 137.0.7151.40 (84781974514a..., userDataDir: C:\Users\kalin\AppData\Loca...}, fedcm:accounts: true, goog:chromeOptions: {debuggerAddress: localhost:57773}, networkConnectionEnabled: false, pageLoadStrategy: normal, platformName: windows, proxy: Proxy(), se:cdp: ws://localhost:57773/devtoo..., se:cdpVersion: 137.0.7151.104, setWindowRect: true, strictFileInteractability: false, timeouts: {implicit: 0, pageLoad: 300000, script: 30000}, unhandledPromptBehavior: dismiss and notify, webauthn:extension:credBlob: true, webauthn:extension:largeBlob: true, webauthn:extension:minPinLength: true, webauthn:extension:prf: true, webauthn:virtualAuthenticators: true}
Element: [[ChromeDriver: chrome on windows (3e033f3e88da99e74c6d3f5a29824779)] -> xpath: //button[text()='Remove']]
Session ID: 3e033f3e88da99e74c6d3f5a29824779
12:27:35.667 INFO  manager.WDListener - ******************************
12:27:35.768 INFO  manager.WDListener - Before click element -->divtext = John1883
88005553531400
12:27:35.803 INFO  manager.WDListener - After click element -->div
12:27:35.804 INFO  manager.WDListener - Before find element -->By.xpath: //button[text()='Remove']
12:27:35.810 INFO  manager.WDListener - After find element -->By.xpath: //button[text()='Remove']
12:27:35.815 INFO  manager.WDListener - Location of element (1141, 371)
12:27:35.830 INFO  manager.WDListener - Before click element -->buttontext = Remove
12:27:35.858 INFO  manager.WDListener - After click element -->button
12:27:36.372 INFO  manager.WDListener - Huston, we have a problem!
12:27:36.372 INFO  manager.WDListener - Object target --> [[ChromeDriver: chrome on windows (3e033f3e88da99e74c6d3f5a29824779)] -> xpath: //button[text()='Remove']]
12:27:36.372 INFO  manager.WDListener - ******************************
12:27:36.372 INFO  manager.WDListener - Method name -->isDisplayed
12:27:36.372 INFO  manager.WDListener - ******************************
12:27:36.372 INFO  manager.WDListener - InvocationTargetExceptionorg.openqa.selenium.StaleElementReferenceException: stale element reference: stale element not found in the current frame
  (Session info: chrome=137.0.7151.104)
For documentation on this error, please visit: https://www.selenium.dev/documentation/webdriver/troubleshooting/errors#stale-element-reference-exception
Build info: version: '4.16.1', revision: '9b4c83354e'
System info: os.name: 'Windows 11', os.arch: 'amd64', os.version: '10.0', java.version: '11.0.21'
Driver info: org.openqa.selenium.chrome.ChromeDriver
Command: [3e033f3e88da99e74c6d3f5a29824779, isElementDisplayed {id=f.962C57674DD117169175775EACB41752.d.FEE8F812550BA63A707C7F694363A1D8.e.533}]
Capabilities {acceptInsecureCerts: false, browserName: chrome, browserVersion: 137.0.7151.104, chrome: {chromedriverVersion: 137.0.7151.40 (84781974514a..., userDataDir: C:\Users\kalin\AppData\Loca...}, fedcm:accounts: true, goog:chromeOptions: {debuggerAddress: localhost:57773}, networkConnectionEnabled: false, pageLoadStrategy: normal, platformName: windows, proxy: Proxy(), se:cdp: ws://localhost:57773/devtoo..., se:cdpVersion: 137.0.7151.104, setWindowRect: true, strictFileInteractability: false, timeouts: {implicit: 0, pageLoad: 300000, script: 30000}, unhandledPromptBehavior: dismiss and notify, webauthn:extension:credBlob: true, webauthn:extension:largeBlob: true, webauthn:extension:minPinLength: true, webauthn:extension:prf: true, webauthn:virtualAuthenticators: true}
Element: [[ChromeDriver: chrome on windows (3e033f3e88da99e74c6d3f5a29824779)] -> xpath: //button[text()='Remove']]
Session ID: 3e033f3e88da99e74c6d3f5a29824779
12:27:36.372 INFO  manager.WDListener - ******************************
12:27:37.030 INFO  manager.WDListener - Before click element -->divtext = John1226
88005553531540
12:27:37.070 INFO  manager.WDListener - After click element -->div
12:27:37.071 INFO  manager.WDListener - Before find element -->By.xpath: //button[text()='Remove']
12:27:37.081 INFO  manager.WDListener - After find element -->By.xpath: //button[text()='Remove']
12:27:37.090 INFO  manager.WDListener - Location of element (1141, 371)
12:27:37.109 INFO  manager.WDListener - Before click element -->buttontext = Remove
12:27:37.144 INFO  manager.WDListener - After click element -->button
12:27:37.671 INFO  manager.WDListener - Huston, we have a problem!
12:27:37.671 INFO  manager.WDListener - Object target --> [[ChromeDriver: chrome on windows (3e033f3e88da99e74c6d3f5a29824779)] -> xpath: //button[text()='Remove']]
12:27:37.671 INFO  manager.WDListener - ******************************
12:27:37.671 INFO  manager.WDListener - Method name -->isDisplayed
12:27:37.671 INFO  manager.WDListener - ******************************
12:27:37.671 INFO  manager.WDListener - InvocationTargetExceptionorg.openqa.selenium.StaleElementReferenceException: stale element reference: stale element not found in the current frame
  (Session info: chrome=137.0.7151.104)
For documentation on this error, please visit: https://www.selenium.dev/documentation/webdriver/troubleshooting/errors#stale-element-reference-exception
Build info: version: '4.16.1', revision: '9b4c83354e'
System info: os.name: 'Windows 11', os.arch: 'amd64', os.version: '10.0', java.version: '11.0.21'
Driver info: org.openqa.selenium.chrome.ChromeDriver
Command: [3e033f3e88da99e74c6d3f5a29824779, isElementDisplayed {id=f.962C57674DD117169175775EACB41752.d.FEE8F812550BA63A707C7F694363A1D8.e.561}]
Capabilities {acceptInsecureCerts: false, browserName: chrome, browserVersion: 137.0.7151.104, chrome: {chromedriverVersion: 137.0.7151.40 (84781974514a..., userDataDir: C:\Users\kalin\AppData\Loca...}, fedcm:accounts: true, goog:chromeOptions: {debuggerAddress: localhost:57773}, networkConnectionEnabled: false, pageLoadStrategy: normal, platformName: windows, proxy: Proxy(), se:cdp: ws://localhost:57773/devtoo..., se:cdpVersion: 137.0.7151.104, setWindowRect: true, strictFileInteractability: false, timeouts: {implicit: 0, pageLoad: 300000, script: 30000}, unhandledPromptBehavior: dismiss and notify, webauthn:extension:credBlob: true, webauthn:extension:largeBlob: true, webauthn:extension:minPinLength: true, webauthn:extension:prf: true, webauthn:virtualAuthenticators: true}
Element: [[ChromeDriver: chrome on windows (3e033f3e88da99e74c6d3f5a29824779)] -> xpath: //button[text()='Remove']]
Session ID: 3e033f3e88da99e74c6d3f5a29824779
12:27:37.671 INFO  manager.WDListener - ******************************
12:27:38.286 INFO  manager.WDListener - Before click element -->divtext = John1783
88005553531676
12:27:38.321 INFO  manager.WDListener - After click element -->div
12:27:38.321 INFO  manager.WDListener - Before find element -->By.xpath: //button[text()='Remove']
12:27:38.329 INFO  manager.WDListener - After find element -->By.xpath: //button[text()='Remove']
12:27:38.336 INFO  manager.WDListener - Location of element (1141, 371)
12:27:38.349 INFO  manager.WDListener - Before click element -->buttontext = Remove
12:27:38.375 INFO  manager.WDListener - After click element -->button
12:27:38.885 INFO  manager.WDListener - Huston, we have a problem!
12:27:38.885 INFO  manager.WDListener - Object target --> [[ChromeDriver: chrome on windows (3e033f3e88da99e74c6d3f5a29824779)] -> xpath: //button[text()='Remove']]
12:27:38.885 INFO  manager.WDListener - ******************************
12:27:38.885 INFO  manager.WDListener - Method name -->isDisplayed
12:27:38.885 INFO  manager.WDListener - ******************************
12:27:38.885 INFO  manager.WDListener - InvocationTargetExceptionorg.openqa.selenium.StaleElementReferenceException: stale element reference: stale element not found in the current frame
  (Session info: chrome=137.0.7151.104)
For documentation on this error, please visit: https://www.selenium.dev/documentation/webdriver/troubleshooting/errors#stale-element-reference-exception
Build info: version: '4.16.1', revision: '9b4c83354e'
System info: os.name: 'Windows 11', os.arch: 'amd64', os.version: '10.0', java.version: '11.0.21'
Driver info: org.openqa.selenium.chrome.ChromeDriver
Command: [3e033f3e88da99e74c6d3f5a29824779, isElementDisplayed {id=f.962C57674DD117169175775EACB41752.d.FEE8F812550BA63A707C7F694363A1D8.e.589}]
Capabilities {acceptInsecureCerts: false, browserName: chrome, browserVersion: 137.0.7151.104, chrome: {chromedriverVersion: 137.0.7151.40 (84781974514a..., userDataDir: C:\Users\kalin\AppData\Loca...}, fedcm:accounts: true, goog:chromeOptions: {debuggerAddress: localhost:57773}, networkConnectionEnabled: false, pageLoadStrategy: normal, platformName: windows, proxy: Proxy(), se:cdp: ws://localhost:57773/devtoo..., se:cdpVersion: 137.0.7151.104, setWindowRect: true, strictFileInteractability: false, timeouts: {implicit: 0, pageLoad: 300000, script: 30000}, unhandledPromptBehavior: dismiss and notify, webauthn:extension:credBlob: true, webauthn:extension:largeBlob: true, webauthn:extension:minPinLength: true, webauthn:extension:prf: true, webauthn:virtualAuthenticators: true}
Element: [[ChromeDriver: chrome on windows (3e033f3e88da99e74c6d3f5a29824779)] -> xpath: //button[text()='Remove']]
Session ID: 3e033f3e88da99e74c6d3f5a29824779
12:27:38.885 INFO  manager.WDListener - ******************************
12:27:39.504 INFO  manager.WDListener - Before click element -->divtext = John1491
88005553531143
12:27:39.542 INFO  manager.WDListener - After click element -->div
12:27:39.542 INFO  manager.WDListener - Before find element -->By.xpath: //button[text()='Remove']
12:27:39.542 INFO  manager.WDListener - After find element -->By.xpath: //button[text()='Remove']
12:27:39.556 INFO  manager.WDListener - Location of element (1141, 371)
12:27:39.573 INFO  manager.WDListener - Before click element -->buttontext = Remove
12:27:39.606 INFO  manager.WDListener - After click element -->button
12:27:40.118 INFO  manager.WDListener - Huston, we have a problem!
12:27:40.118 INFO  manager.WDListener - Object target --> [[ChromeDriver: chrome on windows (3e033f3e88da99e74c6d3f5a29824779)] -> xpath: //button[text()='Remove']]
12:27:40.118 INFO  manager.WDListener - ******************************
12:27:40.118 INFO  manager.WDListener - Method name -->isDisplayed
12:27:40.118 INFO  manager.WDListener - ******************************
12:27:40.118 INFO  manager.WDListener - InvocationTargetExceptionorg.openqa.selenium.StaleElementReferenceException: stale element reference: stale element not found in the current frame
  (Session info: chrome=137.0.7151.104)
For documentation on this error, please visit: https://www.selenium.dev/documentation/webdriver/troubleshooting/errors#stale-element-reference-exception
Build info: version: '4.16.1', revision: '9b4c83354e'
System info: os.name: 'Windows 11', os.arch: 'amd64', os.version: '10.0', java.version: '11.0.21'
Driver info: org.openqa.selenium.chrome.ChromeDriver
Command: [3e033f3e88da99e74c6d3f5a29824779, isElementDisplayed {id=f.962C57674DD117169175775EACB41752.d.FEE8F812550BA63A707C7F694363A1D8.e.617}]
Capabilities {acceptInsecureCerts: false, browserName: chrome, browserVersion: 137.0.7151.104, chrome: {chromedriverVersion: 137.0.7151.40 (84781974514a..., userDataDir: C:\Users\kalin\AppData\Loca...}, fedcm:accounts: true, goog:chromeOptions: {debuggerAddress: localhost:57773}, networkConnectionEnabled: false, pageLoadStrategy: normal, platformName: windows, proxy: Proxy(), se:cdp: ws://localhost:57773/devtoo..., se:cdpVersion: 137.0.7151.104, setWindowRect: true, strictFileInteractability: false, timeouts: {implicit: 0, pageLoad: 300000, script: 30000}, unhandledPromptBehavior: dismiss and notify, webauthn:extension:credBlob: true, webauthn:extension:largeBlob: true, webauthn:extension:minPinLength: true, webauthn:extension:prf: true, webauthn:virtualAuthenticators: true}
Element: [[ChromeDriver: chrome on windows (3e033f3e88da99e74c6d3f5a29824779)] -> xpath: //button[text()='Remove']]
Session ID: 3e033f3e88da99e74c6d3f5a29824779
12:27:40.118 INFO  manager.WDListener - ******************************
12:27:51.226 INFO  manager.TestNGListener - Fail test --->removeAllContacts
