12:28:25.767 INFO  manager.ApplicationManager - All tests run in Chrome Browser
12:28:25.953 INFO  manager.WDListener - Url-->https://telranedu.web.app/
12:28:26.716 INFO  manager.WDListener - Before find element -->By.xpath: //a[text() = 'LOGIN']
12:28:26.738 INFO  manager.WDListener - After find element -->By.xpath: //a[text() = 'LOGIN']
12:28:26.748 INFO  manager.WDListener - Location of element (2450, 34)
12:28:26.757 INFO  manager.WDListener - Before click element -->atext = LOGIN
12:28:26.808 INFO  manager.WDListener - After click element -->a
12:28:26.808 INFO  manager.WDListener - Before find element -->By.name: email
12:28:26.824 INFO  manager.WDListener - After find element -->By.name: email
12:28:26.831 INFO  manager.WDListener - Location of element (1080, 250)
12:28:26.841 INFO  manager.WDListener - Before click element -->inputtext = 
12:28:26.887 INFO  manager.WDListener - After click element -->input
12:28:26.943 INFO  manager.WDListener - sendKeys -->inputtext
12:28:26.943 INFO  manager.WDListener - Before find element -->By.xpath: //input[last()]
12:28:26.959 INFO  manager.WDListener - After find element -->By.xpath: //input[last()]
12:28:26.965 INFO  manager.WDListener - Location of element (1080, 320)
12:28:26.972 INFO  manager.WDListener - Before click element -->inputtext = 
12:28:27.001 INFO  manager.WDListener - After click element -->input
12:28:27.059 INFO  manager.WDListener - sendKeys -->inputtext
12:28:27.059 INFO  manager.WDListener - Before find element -->By.cssSelector: button[name='login']
12:28:27.071 INFO  manager.WDListener - After find element -->By.cssSelector: button[name='login']
12:28:27.077 INFO  manager.WDListener - Location of element (1080, 390)
12:28:27.084 INFO  manager.WDListener - Before click element -->buttontext = Login
12:28:27.127 INFO  manager.WDListener - Before find element -->By.xpath: //a[@href='/add']
12:28:28.251 INFO  manager.WDListener - After find element -->By.xpath: //a[@href='/add']
12:28:28.260 INFO  manager.WDListener - Location of element (2023, 34)
12:28:28.290 INFO  manager.WDListener - Before click element -->atext = ADD
12:28:28.328 INFO  manager.WDListener - After click element -->a
12:28:28.328 INFO  manager.WDListener - Before find element -->By.xpath: //input[@placeholder='Name']
12:28:28.344 INFO  manager.WDListener - After find element -->By.xpath: //input[@placeholder='Name']
12:28:28.344 INFO  manager.WDListener - Location of element (396, 165)
12:28:28.414 INFO  manager.WDListener - sendKeys -->inputtext
12:28:28.414 INFO  manager.WDListener - Before find element -->By.xpath: //input[@placeholder='Last Name']
12:28:28.426 INFO  manager.WDListener - After find element -->By.xpath: //input[@placeholder='Last Name']
12:28:28.432 INFO  manager.WDListener - Location of element (396, 239)
12:28:28.442 INFO  manager.WDListener - Before click element -->inputtext = 
12:28:28.491 INFO  manager.WDListener - After click element -->input
12:28:28.533 INFO  manager.WDListener - sendKeys -->inputtext
12:28:28.533 INFO  manager.WDListener - Before find element -->By.xpath: //input[@placeholder='Phone']
12:28:28.544 INFO  manager.WDListener - After find element -->By.xpath: //input[@placeholder='Phone']
12:28:28.550 INFO  manager.WDListener - Location of element (396, 313)
12:28:28.556 INFO  manager.WDListener - Before click element -->inputtext = 
12:28:28.583 INFO  manager.WDListener - After click element -->input
12:28:28.642 INFO  manager.WDListener - sendKeys -->inputtext
12:28:28.642 INFO  manager.WDListener - Before find element -->By.xpath: //input[@placeholder='email']
12:28:28.644 INFO  manager.WDListener - After find element -->By.xpath: //input[@placeholder='email']
12:28:28.661 INFO  manager.WDListener - Location of element (396, 387)
12:28:28.668 INFO  manager.WDListener - Before click element -->inputtext = 
12:28:28.699 INFO  manager.WDListener - After click element -->input
12:28:28.751 INFO  manager.WDListener - sendKeys -->inputtext
12:28:28.751 INFO  manager.WDListener - Before find element -->By.xpath: //input[@placeholder='Address']
12:28:28.764 INFO  manager.WDListener - After find element -->By.xpath: //input[@placeholder='Address']
12:28:28.764 INFO  manager.WDListener - Location of element (396, 461)
12:28:28.783 INFO  manager.WDListener - Before click element -->inputtext = 
12:28:28.811 INFO  manager.WDListener - After click element -->input
12:28:28.847 INFO  manager.WDListener - sendKeys -->inputtext
12:28:28.847 INFO  manager.WDListener - Before find element -->By.xpath: //input[@placeholder='description']
12:28:28.867 INFO  manager.WDListener - After find element -->By.xpath: //input[@placeholder='description']
12:28:28.872 INFO  manager.WDListener - Location of element (396, 535)
12:28:28.879 INFO  manager.WDListener - Before click element -->inputtext = 
12:28:28.910 INFO  manager.WDListener - After click element -->input
12:28:28.943 INFO  manager.WDListener - sendKeys -->inputtext
12:28:28.943 INFO  manager.WDListener - Before find element -->By.xpath: //*[text()='Save']
12:28:28.958 INFO  manager.WDListener - After find element -->By.xpath: //*[text()='Save']
12:28:28.963 INFO  manager.WDListener - Location of element (1271, 622)
12:28:28.977 INFO  manager.WDListener - Before click element -->btext = Save
12:28:28.994 INFO  manager.WDListener - After click element -->b
12:28:28.994 INFO  manager.WDListener - Before find element -->By.xpath: //a[@href='/add']
12:28:29.010 INFO  manager.WDListener - After find element -->By.xpath: //a[@href='/add']
12:28:29.014 INFO  manager.WDListener - Location of element (2021, 33)
12:28:29.541 INFO  manager.WDListener - Before find element -->By.xpath: //a[@href='/add']
12:28:29.567 INFO  manager.WDListener - After find element -->By.xpath: //a[@href='/add']
12:28:29.573 INFO  manager.WDListener - Location of element (2023, 34)
12:28:29.590 INFO  manager.WDListener - Before click element -->atext = ADD
12:28:29.647 INFO  manager.WDListener - After click element -->a
12:28:29.648 INFO  manager.WDListener - Before find element -->By.xpath: //input[@placeholder='Name']
12:28:29.657 INFO  manager.WDListener - After find element -->By.xpath: //input[@placeholder='Name']
12:28:29.663 INFO  manager.WDListener - Location of element (396, 165)
12:28:29.720 INFO  manager.WDListener - sendKeys -->inputtext
12:28:29.720 INFO  manager.WDListener - Before find element -->By.xpath: //input[@placeholder='Last Name']
12:28:29.726 INFO  manager.WDListener - After find element -->By.xpath: //input[@placeholder='Last Name']
12:28:29.734 INFO  manager.WDListener - Location of element (396, 239)
12:28:29.741 INFO  manager.WDListener - Before click element -->inputtext = 
12:28:29.774 INFO  manager.WDListener - After click element -->input
12:28:29.817 INFO  manager.WDListener - sendKeys -->inputtext
12:28:29.817 INFO  manager.WDListener - Before find element -->By.xpath: //input[@placeholder='Phone']
12:28:29.823 INFO  manager.WDListener - After find element -->By.xpath: //input[@placeholder='Phone']
12:28:29.830 INFO  manager.WDListener - Location of element (396, 313)
12:28:29.837 INFO  manager.WDListener - Before click element -->inputtext = 
12:28:29.869 INFO  manager.WDListener - After click element -->input
12:28:29.912 INFO  manager.WDListener - sendKeys -->inputtext
12:28:29.912 INFO  manager.WDListener - Before find element -->By.xpath: //input[@placeholder='email']
12:28:29.928 INFO  manager.WDListener - After find element -->By.xpath: //input[@placeholder='email']
12:28:29.934 INFO  manager.WDListener - Location of element (396, 387)
12:28:29.940 INFO  manager.WDListener - Before click element -->inputtext = 
12:28:29.965 INFO  manager.WDListener - After click element -->input
12:28:30.012 INFO  manager.WDListener - sendKeys -->inputtext
12:28:30.012 INFO  manager.WDListener - Before find element -->By.xpath: //input[@placeholder='Address']
12:28:30.012 INFO  manager.WDListener - After find element -->By.xpath: //input[@placeholder='Address']
12:28:30.031 INFO  manager.WDListener - Location of element (396, 461)
12:28:30.037 INFO  manager.WDListener - Before click element -->inputtext = 
12:28:30.062 INFO  manager.WDListener - After click element -->input
12:28:30.098 INFO  manager.WDListener - sendKeys -->inputtext
12:28:30.098 INFO  manager.WDListener - Before find element -->By.xpath: //input[@placeholder='description']
12:28:30.112 INFO  manager.WDListener - After find element -->By.xpath: //input[@placeholder='description']
12:28:30.112 INFO  manager.WDListener - Location of element (396, 535)
12:28:30.128 INFO  manager.WDListener - Before click element -->inputtext = 
12:28:30.157 INFO  manager.WDListener - After click element -->input
12:28:30.195 INFO  manager.WDListener - sendKeys -->inputtext
12:28:30.195 INFO  manager.WDListener - Before find element -->By.xpath: //*[text()='Save']
12:28:30.213 INFO  manager.WDListener - After find element -->By.xpath: //*[text()='Save']
12:28:30.213 INFO  manager.WDListener - Location of element (1271, 622)
12:28:30.236 INFO  manager.WDListener - Before click element -->btext = Save
12:28:30.266 INFO  manager.WDListener - After click element -->b
12:28:30.266 INFO  manager.WDListener - Before find element -->By.xpath: //a[@href='/add']
12:28:30.273 INFO  manager.WDListener - After find element -->By.xpath: //a[@href='/add']
12:28:30.280 INFO  manager.WDListener - Location of element (2021, 33)
12:28:30.794 INFO  manager.WDListener - Before find element -->By.xpath: //a[@href='/add']
12:28:30.810 INFO  manager.WDListener - After find element -->By.xpath: //a[@href='/add']
12:28:30.824 INFO  manager.WDListener - Location of element (2023, 34)
12:28:30.830 INFO  manager.WDListener - Before click element -->atext = ADD
12:28:30.875 INFO  manager.WDListener - After click element -->a
12:28:30.875 INFO  manager.WDListener - Before find element -->By.xpath: //input[@placeholder='Name']
12:28:30.882 INFO  manager.WDListener - After find element -->By.xpath: //input[@placeholder='Name']
12:28:30.890 INFO  manager.WDListener - Location of element (396, 165)
12:28:30.953 INFO  manager.WDListener - sendKeys -->inputtext
12:28:30.953 INFO  manager.WDListener - Before find element -->By.xpath: //input[@placeholder='Last Name']
12:28:30.962 INFO  manager.WDListener - After find element -->By.xpath: //input[@placeholder='Last Name']
12:28:30.968 INFO  manager.WDListener - Location of element (396, 239)
12:28:30.976 INFO  manager.WDListener - Before click element -->inputtext = 
12:28:31.020 INFO  manager.WDListener - After click element -->input
12:28:31.064 INFO  manager.WDListener - sendKeys -->inputtext
12:28:31.064 INFO  manager.WDListener - Before find element -->By.xpath: //input[@placeholder='Phone']
12:28:31.070 INFO  manager.WDListener - After find element -->By.xpath: //input[@placeholder='Phone']
12:28:31.075 INFO  manager.WDListener - Location of element (396, 313)
12:28:31.083 INFO  manager.WDListener - Before click element -->inputtext = 
12:28:31.111 INFO  manager.WDListener - After click element -->input
12:28:31.146 INFO  manager.WDListener - sendKeys -->inputtext
12:28:31.146 INFO  manager.WDListener - Before find element -->By.xpath: //input[@placeholder='email']
12:28:31.162 INFO  manager.WDListener - After find element -->By.xpath: //input[@placeholder='email']
12:28:31.163 INFO  manager.WDListener - Location of element (396, 387)
12:28:31.163 INFO  manager.WDListener - Before click element -->inputtext = 
12:28:31.206 INFO  manager.WDListener - After click element -->input
12:28:31.246 INFO  manager.WDListener - sendKeys -->inputtext
12:28:31.246 INFO  manager.WDListener - Before find element -->By.xpath: //input[@placeholder='Address']
12:28:31.246 INFO  manager.WDListener - After find element -->By.xpath: //input[@placeholder='Address']
12:28:31.261 INFO  manager.WDListener - Location of element (396, 461)
12:28:31.267 INFO  manager.WDListener - Before click element -->inputtext = 
12:28:31.296 INFO  manager.WDListener - After click element -->input
12:28:31.330 INFO  manager.WDListener - sendKeys -->inputtext
12:28:31.330 INFO  manager.WDListener - Before find element -->By.xpath: //input[@placeholder='description']
12:28:31.330 INFO  manager.WDListener - After find element -->By.xpath: //input[@placeholder='description']
12:28:31.347 INFO  manager.WDListener - Location of element (396, 535)
12:28:31.353 INFO  manager.WDListener - Before click element -->inputtext = 
12:28:31.382 INFO  manager.WDListener - After click element -->input
12:28:31.430 INFO  manager.WDListener - sendKeys -->inputtext
12:28:31.430 INFO  manager.WDListener - Before find element -->By.xpath: //*[text()='Save']
12:28:31.430 INFO  manager.WDListener - After find element -->By.xpath: //*[text()='Save']
12:28:31.440 INFO  manager.WDListener - Location of element (1271, 622)
12:28:31.456 INFO  manager.WDListener - Before click element -->btext = Save
12:28:31.479 INFO  manager.WDListener - After click element -->b
12:28:31.479 INFO  manager.WDListener - Before find element -->By.xpath: //a[@href='/add']
12:28:31.479 INFO  manager.WDListener - After find element -->By.xpath: //a[@href='/add']
12:28:31.496 INFO  manager.WDListener - Location of element (2021, 33)
12:28:32.012 INFO  manager.WDListener - Before find element -->By.xpath: //a[@href='/add']
12:28:32.030 INFO  manager.WDListener - After find element -->By.xpath: //a[@href='/add']
12:28:32.032 INFO  manager.WDListener - Location of element (2023, 34)
12:28:32.044 INFO  manager.WDListener - Before click element -->atext = ADD
12:28:32.082 INFO  manager.WDListener - After click element -->a
12:28:32.082 INFO  manager.WDListener - Before find element -->By.xpath: //input[@placeholder='Name']
12:28:32.090 INFO  manager.WDListener - After find element -->By.xpath: //input[@placeholder='Name']
12:28:32.095 INFO  manager.WDListener - Location of element (396, 165)
12:28:32.147 INFO  manager.WDListener - sendKeys -->inputtext
12:28:32.147 INFO  manager.WDListener - Before find element -->By.xpath: //input[@placeholder='Last Name']
12:28:32.161 INFO  manager.WDListener - After find element -->By.xpath: //input[@placeholder='Last Name']
12:28:32.171 INFO  manager.WDListener - Location of element (396, 239)
12:28:32.180 INFO  manager.WDListener - Before click element -->inputtext = 
12:28:32.211 INFO  manager.WDListener - After click element -->input
12:28:32.249 INFO  manager.WDListener - sendKeys -->inputtext
12:28:32.249 INFO  manager.WDListener - Before find element -->By.xpath: //input[@placeholder='Phone']
12:28:32.255 INFO  manager.WDListener - After find element -->By.xpath: //input[@placeholder='Phone']
12:28:32.259 INFO  manager.WDListener - Location of element (396, 313)
12:28:32.265 INFO  manager.WDListener - Before click element -->inputtext = 
12:28:32.296 INFO  manager.WDListener - After click element -->input
12:28:32.333 INFO  manager.WDListener - sendKeys -->inputtext
12:28:32.333 INFO  manager.WDListener - Before find element -->By.xpath: //input[@placeholder='email']
12:28:32.347 INFO  manager.WDListener - After find element -->By.xpath: //input[@placeholder='email']
12:28:32.347 INFO  manager.WDListener - Location of element (396, 387)
12:28:32.347 INFO  manager.WDListener - Before click element -->inputtext = 
12:28:32.380 INFO  manager.WDListener - After click element -->input
12:28:32.415 INFO  manager.WDListener - sendKeys -->inputtext
12:28:32.415 INFO  manager.WDListener - Before find element -->By.xpath: //input[@placeholder='Address']
12:28:32.435 INFO  manager.WDListener - After find element -->By.xpath: //input[@placeholder='Address']
12:28:32.439 INFO  manager.WDListener - Location of element (396, 461)
12:28:32.444 INFO  manager.WDListener - Before click element -->inputtext = 
12:28:32.472 INFO  manager.WDListener - After click element -->input
12:28:32.511 INFO  manager.WDListener - sendKeys -->inputtext
12:28:32.511 INFO  manager.WDListener - Before find element -->By.xpath: //input[@placeholder='description']
12:28:32.518 INFO  manager.WDListener - After find element -->By.xpath: //input[@placeholder='description']
12:28:32.518 INFO  manager.WDListener - Location of element (396, 535)
12:28:32.518 INFO  manager.WDListener - Before click element -->inputtext = 
12:28:32.549 INFO  manager.WDListener - After click element -->input
12:28:32.614 INFO  manager.WDListener - sendKeys -->inputtext
12:28:32.614 INFO  manager.WDListener - Before find element -->By.xpath: //*[text()='Save']
12:28:32.623 INFO  manager.WDListener - After find element -->By.xpath: //*[text()='Save']
12:28:32.623 INFO  manager.WDListener - Location of element (1271, 622)
12:28:32.642 INFO  manager.WDListener - Before click element -->btext = Save
12:28:32.663 INFO  manager.WDListener - After click element -->b
12:28:32.663 INFO  manager.WDListener - Before find element -->By.xpath: //a[@href='/add']
12:28:32.680 INFO  manager.WDListener - After find element -->By.xpath: //a[@href='/add']
12:28:32.690 INFO  manager.WDListener - Location of element (2021, 33)
12:28:33.207 INFO  manager.WDListener - Before find element -->By.xpath: //a[@href='/add']
12:28:33.217 INFO  manager.WDListener - After find element -->By.xpath: //a[@href='/add']
12:28:33.223 INFO  manager.WDListener - Location of element (2023, 34)
12:28:33.238 INFO  manager.WDListener - Before click element -->atext = ADD
12:28:33.274 INFO  manager.WDListener - After click element -->a
12:28:33.275 INFO  manager.WDListener - Before find element -->By.xpath: //input[@placeholder='Name']
12:28:33.284 INFO  manager.WDListener - After find element -->By.xpath: //input[@placeholder='Name']
12:28:33.291 INFO  manager.WDListener - Location of element (396, 165)
12:28:33.368 INFO  manager.WDListener - sendKeys -->inputtext
12:28:33.368 INFO  manager.WDListener - Before find element -->By.xpath: //input[@placeholder='Last Name']
12:28:33.374 INFO  manager.WDListener - After find element -->By.xpath: //input[@placeholder='Last Name']
12:28:33.379 INFO  manager.WDListener - Location of element (396, 239)
12:28:33.388 INFO  manager.WDListener - Before click element -->inputtext = 
12:28:33.425 INFO  manager.WDListener - After click element -->input
12:28:33.487 INFO  manager.WDListener - sendKeys -->inputtext
12:28:33.487 INFO  manager.WDListener - Before find element -->By.xpath: //input[@placeholder='Phone']
12:28:33.493 INFO  manager.WDListener - After find element -->By.xpath: //input[@placeholder='Phone']
12:28:33.499 INFO  manager.WDListener - Location of element (396, 313)
12:28:33.506 INFO  manager.WDListener - Before click element -->inputtext = 
12:28:33.534 INFO  manager.WDListener - After click element -->input
12:28:33.598 INFO  manager.WDListener - sendKeys -->inputtext
12:28:33.598 INFO  manager.WDListener - Before find element -->By.xpath: //input[@placeholder='email']
12:28:33.612 INFO  manager.WDListener - After find element -->By.xpath: //input[@placeholder='email']
12:28:33.620 INFO  manager.WDListener - Location of element (396, 387)
12:28:33.635 INFO  manager.WDListener - Before click element -->inputtext = 
12:28:33.681 INFO  manager.WDListener - After click element -->input
12:28:33.714 INFO  manager.WDListener - sendKeys -->inputtext
12:28:33.714 INFO  manager.WDListener - Before find element -->By.xpath: //input[@placeholder='Address']
12:28:33.714 INFO  manager.WDListener - After find element -->By.xpath: //input[@placeholder='Address']
12:28:33.730 INFO  manager.WDListener - Location of element (396, 461)
12:28:33.737 INFO  manager.WDListener - Before click element -->inputtext = 
12:28:33.767 INFO  manager.WDListener - After click element -->input
12:28:33.809 INFO  manager.WDListener - sendKeys -->inputtext
12:28:33.809 INFO  manager.WDListener - Before find element -->By.xpath: //input[@placeholder='description']
12:28:33.817 INFO  manager.WDListener - After find element -->By.xpath: //input[@placeholder='description']
12:28:33.822 INFO  manager.WDListener - Location of element (396, 535)
12:28:33.829 INFO  manager.WDListener - Before click element -->inputtext = 
12:28:33.867 INFO  manager.WDListener - After click element -->input
12:28:33.914 INFO  manager.WDListener - sendKeys -->inputtext
12:28:33.914 INFO  manager.WDListener - Before find element -->By.xpath: //*[text()='Save']
12:28:33.914 INFO  manager.WDListener - After find element -->By.xpath: //*[text()='Save']
12:28:33.930 INFO  manager.WDListener - Location of element (1271, 622)
12:28:33.945 INFO  manager.WDListener - Before click element -->btext = Save
12:28:33.965 INFO  manager.WDListener - After click element -->b
12:28:33.965 INFO  manager.WDListener - Before find element -->By.xpath: //a[@href='/add']
12:28:33.981 INFO  manager.WDListener - After find element -->By.xpath: //a[@href='/add']
12:28:33.981 INFO  manager.WDListener - Location of element (2021, 33)
12:28:34.521 INFO  manager.WDListener - Before find element -->By.xpath: //a[@href='/add']
12:28:34.534 INFO  manager.WDListener - After find element -->By.xpath: //a[@href='/add']
12:28:34.541 INFO  manager.WDListener - Location of element (2023, 34)
12:28:34.547 INFO  manager.WDListener - Before click element -->atext = ADD
12:28:34.600 INFO  manager.WDListener - After click element -->a
12:28:34.600 INFO  manager.WDListener - Before find element -->By.xpath: //input[@placeholder='Name']
12:28:34.608 INFO  manager.WDListener - After find element -->By.xpath: //input[@placeholder='Name']
12:28:34.617 INFO  manager.WDListener - Location of element (396, 165)
12:28:34.676 INFO  manager.WDListener - sendKeys -->inputtext
12:28:34.676 INFO  manager.WDListener - Before find element -->By.xpath: //input[@placeholder='Last Name']
12:28:34.684 INFO  manager.WDListener - After find element -->By.xpath: //input[@placeholder='Last Name']
12:28:34.691 INFO  manager.WDListener - Location of element (396, 239)
12:28:34.701 INFO  manager.WDListener - Before click element -->inputtext = 
12:28:34.737 INFO  manager.WDListener - After click element -->input
12:28:34.777 INFO  manager.WDListener - sendKeys -->inputtext
12:28:34.778 INFO  manager.WDListener - Before find element -->By.xpath: //input[@placeholder='Phone']
12:28:34.785 INFO  manager.WDListener - After find element -->By.xpath: //input[@placeholder='Phone']
12:28:34.791 INFO  manager.WDListener - Location of element (396, 313)
12:28:34.799 INFO  manager.WDListener - Before click element -->inputtext = 
12:28:34.832 INFO  manager.WDListener - After click element -->input
12:28:34.882 INFO  manager.WDListener - sendKeys -->inputtext
12:28:34.882 INFO  manager.WDListener - Before find element -->By.xpath: //input[@placeholder='email']
12:28:34.882 INFO  manager.WDListener - After find element -->By.xpath: //input[@placeholder='email']
12:28:34.900 INFO  manager.WDListener - Location of element (396, 387)
12:28:34.906 INFO  manager.WDListener - Before click element -->inputtext = 
12:28:34.938 INFO  manager.WDListener - After click element -->input
12:28:34.985 INFO  manager.WDListener - sendKeys -->inputtext
12:28:34.985 INFO  manager.WDListener - Before find element -->By.xpath: //input[@placeholder='Address']
12:28:34.999 INFO  manager.WDListener - After find element -->By.xpath: //input[@placeholder='Address']
12:28:34.999 INFO  manager.WDListener - Location of element (396, 461)
12:28:35.015 INFO  manager.WDListener - Before click element -->inputtext = 
12:28:35.043 INFO  manager.WDListener - After click element -->input
12:28:35.082 INFO  manager.WDListener - sendKeys -->inputtext
12:28:35.082 INFO  manager.WDListener - Before find element -->By.xpath: //input[@placeholder='description']
12:28:35.082 INFO  manager.WDListener - After find element -->By.xpath: //input[@placeholder='description']
12:28:35.100 INFO  manager.WDListener - Location of element (396, 535)
12:28:35.105 INFO  manager.WDListener - Before click element -->inputtext = 
12:28:35.137 INFO  manager.WDListener - After click element -->input
12:28:35.199 INFO  manager.WDListener - sendKeys -->inputtext
12:28:35.199 INFO  manager.WDListener - Before find element -->By.xpath: //*[text()='Save']
12:28:35.210 INFO  manager.WDListener - After find element -->By.xpath: //*[text()='Save']
12:28:35.215 INFO  manager.WDListener - Location of element (1271, 622)
12:28:35.229 INFO  manager.WDListener - Before click element -->btext = Save
12:28:35.249 INFO  manager.WDListener - After click element -->b
12:28:35.249 INFO  manager.WDListener - Before find element -->By.xpath: //a[@href='/add']
12:28:35.270 INFO  manager.WDListener - After find element -->By.xpath: //a[@href='/add']
12:28:35.270 INFO  manager.WDListener - Location of element (2021, 33)
12:28:35.923 INFO  tests.TestBase - === Starting test: removeFirstContact2 ===
12:28:35.925 INFO  manager.TestNGListener - Start test --->removeFirstContact2
12:28:35.954 INFO  manager.HelperBase - Number of Contact List before remove is -->11
12:28:35.954 INFO  manager.WDListener - Before find element -->By.cssSelector: .contact-item_card__2SOIM
12:28:35.964 INFO  manager.WDListener - After find element -->By.cssSelector: .contact-item_card__2SOIM
12:28:35.966 INFO  manager.WDListener - Location of element (384, 150)
12:28:35.972 INFO  manager.WDListener - Before click element -->divtext = John1756
88005553531157
12:28:36.021 INFO  manager.WDListener - After click element -->div
12:28:36.021 INFO  manager.WDListener - Before find element -->By.xpath: //button[text()='Remove']
12:28:36.034 INFO  manager.WDListener - After find element -->By.xpath: //button[text()='Remove']
12:28:36.039 INFO  manager.WDListener - Location of element (1141, 371)
12:28:36.046 INFO  manager.WDListener - Before click element -->buttontext = Remove
12:28:36.066 INFO  manager.WDListener - After click element -->button
12:28:37.099 INFO  manager.HelperBase - Number of Contact List after remove is -->10
12:28:37.101 INFO  manager.TestNGListener - Success test --->removeFirstContact2
