21:25:57.648 INFO  manager.ApplicationManager - All tests run in Chrome Browser
21:25:57.824 INFO  manager.WDListener - Url-->https://telranedu.web.app/
21:25:58.586 INFO  manager.WDListener - Before find element -->By.xpath: //a[text() = 'LOGIN']
21:25:58.603 INFO  manager.WDListener - After find element -->By.xpath: //a[text() = 'LOGIN']
21:25:58.611 INFO  manager.WDListener - Location of element (2450, 34)
21:25:58.624 INFO  manager.WDListener - Before click element -->atext = LOGIN
21:25:58.669 INFO  manager.WDListener - After click element -->a
21:25:58.670 INFO  manager.WDListener - Before find element -->By.name: email
21:25:58.684 INFO  manager.WDListener - After find element -->By.name: email
21:25:58.690 INFO  manager.WDListener - Location of element (1080, 250)
21:25:58.698 INFO  manager.WDListener - Before click element -->inputtext = 
21:25:58.735 INFO  manager.WDListener - After click element -->input
21:25:58.796 INFO  manager.WDListener - sendKeys -->inputtext
21:25:58.796 INFO  manager.WDListener - Before find element -->By.xpath: //input[last()]
21:25:58.814 INFO  manager.WDListener - After find element -->By.xpath: //input[last()]
21:25:58.819 INFO  manager.WDListener - Location of element (1080, 320)
21:25:58.825 INFO  manager.WDListener - Before click element -->inputtext = 
21:25:58.852 INFO  manager.WDListener - After click element -->input
21:25:58.896 INFO  manager.WDListener - sendKeys -->inputtext
21:25:58.896 INFO  manager.WDListener - Before find element -->By.cssSelector: button[name='login']
21:25:58.920 INFO  manager.WDListener - After find element -->By.cssSelector: button[name='login']
21:25:58.920 INFO  manager.WDListener - Location of element (1080, 390)
21:25:58.933 INFO  manager.WDListener - Before click element -->buttontext = Login
21:25:58.973 INFO  manager.WDListener - Before find element -->By.xpath: //a[@href='/add']
21:26:00.360 INFO  manager.WDListener - After find element -->By.xpath: //a[@href='/add']
21:26:00.366 INFO  manager.WDListener - Location of element (2023, 34)
21:26:00.393 INFO  manager.WDListener - Before click element -->atext = ADD
21:26:00.430 INFO  manager.WDListener - After click element -->a
21:26:00.430 INFO  manager.WDListener - Before find element -->By.xpath: //input[@placeholder='Name']
21:26:00.442 INFO  manager.WDListener - After find element -->By.xpath: //input[@placeholder='Name']
21:26:00.449 INFO  manager.WDListener - Location of element (396, 165)
21:26:00.506 INFO  manager.WDListener - sendKeys -->inputtext
21:26:00.507 INFO  manager.WDListener - Before find element -->By.xpath: //input[@placeholder='Last Name']
21:26:00.518 INFO  manager.WDListener - After find element -->By.xpath: //input[@placeholder='Last Name']
21:26:00.523 INFO  manager.WDListener - Location of element (396, 239)
21:26:00.531 INFO  manager.WDListener - Before click element -->inputtext = 
21:26:00.572 INFO  manager.WDListener - After click element -->input
21:26:00.619 INFO  manager.WDListener - sendKeys -->inputtext
21:26:00.620 INFO  manager.WDListener - Before find element -->By.xpath: //input[@placeholder='Phone']
21:26:00.632 INFO  manager.WDListener - After find element -->By.xpath: //input[@placeholder='Phone']
21:26:00.637 INFO  manager.WDListener - Location of element (396, 313)
21:26:00.643 INFO  manager.WDListener - Before click element -->inputtext = 
21:26:00.672 INFO  manager.WDListener - After click element -->input
21:26:00.725 INFO  manager.WDListener - sendKeys -->inputtext
21:26:00.725 INFO  manager.WDListener - Before find element -->By.xpath: //input[@placeholder='email']
21:26:00.739 INFO  manager.WDListener - After find element -->By.xpath: //input[@placeholder='email']
21:26:00.744 INFO  manager.WDListener - Location of element (396, 387)
21:26:00.752 INFO  manager.WDListener - Before click element -->inputtext = 
21:26:00.786 INFO  manager.WDListener - After click element -->input
21:26:00.832 INFO  manager.WDListener - sendKeys -->inputtext
21:26:00.832 INFO  manager.WDListener - Before find element -->By.xpath: //input[@placeholder='Address']
21:26:00.844 INFO  manager.WDListener - After find element -->By.xpath: //input[@placeholder='Address']
21:26:00.848 INFO  manager.WDListener - Location of element (396, 461)
21:26:00.862 INFO  manager.WDListener - Before click element -->inputtext = 
21:26:00.888 INFO  manager.WDListener - After click element -->input
21:26:00.950 INFO  manager.WDListener - sendKeys -->inputtext
21:26:00.950 INFO  manager.WDListener - Before find element -->By.xpath: //input[@placeholder='description']
21:26:00.961 INFO  manager.WDListener - After find element -->By.xpath: //input[@placeholder='description']
21:26:00.966 INFO  manager.WDListener - Location of element (396, 535)
21:26:00.972 INFO  manager.WDListener - Before click element -->inputtext = 
21:26:01.004 INFO  manager.WDListener - After click element -->input
21:26:01.086 INFO  manager.WDListener - sendKeys -->inputtext
21:26:01.086 INFO  manager.WDListener - Before find element -->By.xpath: //*[text()='Save']
21:26:01.099 INFO  manager.WDListener - After find element -->By.xpath: //*[text()='Save']
21:26:01.104 INFO  manager.WDListener - Location of element (1271, 622)
21:26:01.120 INFO  manager.WDListener - Before click element -->btext = Save
21:26:01.148 INFO  manager.WDListener - After click element -->b
21:26:01.148 INFO  manager.WDListener - Before find element -->By.xpath: //a[@href='/add']
21:26:01.161 INFO  manager.WDListener - After find element -->By.xpath: //a[@href='/add']
21:26:01.168 INFO  manager.WDListener - Location of element (2021, 33)
21:26:01.683 INFO  manager.WDListener - Before find element -->By.xpath: //a[@href='/add']
21:26:01.707 INFO  manager.WDListener - After find element -->By.xpath: //a[@href='/add']
21:26:01.707 INFO  manager.WDListener - Location of element (2021, 33)
21:26:01.714 INFO  manager.WDListener - Before click element -->atext = ADD
21:26:01.767 INFO  manager.WDListener - After click element -->a
21:26:01.767 INFO  manager.WDListener - Before find element -->By.xpath: //input[@placeholder='Name']
21:26:01.774 INFO  manager.WDListener - After find element -->By.xpath: //input[@placeholder='Name']
21:26:01.780 INFO  manager.WDListener - Location of element (396, 165)
21:26:01.823 INFO  manager.WDListener - Huston, we have a problem!
21:26:01.823 INFO  manager.WDListener - Object target --> [[ChromeDriver: chrome on windows (2c1889933e430fe83df96291ad38fd62)] -> xpath: //input[@placeholder='Name']]
21:26:01.823 INFO  manager.WDListener - ******************************
21:26:01.823 INFO  manager.WDListener - Method name -->sendKeys
21:26:01.823 INFO  manager.WDListener - ******************************
21:26:01.823 INFO  manager.WDListener - InvocationTargetExceptionorg.openqa.selenium.StaleElementReferenceException: stale element reference: stale element not found in the current frame
  (Session info: chrome=137.0.7151.104)
For documentation on this error, please visit: https://www.selenium.dev/documentation/webdriver/troubleshooting/errors#stale-element-reference-exception
Build info: version: '4.16.1', revision: '9b4c83354e'
System info: os.name: 'Windows 11', os.arch: 'amd64', os.version: '10.0', java.version: '11.0.21'
Driver info: org.openqa.selenium.chrome.ChromeDriver
Command: [2c1889933e430fe83df96291ad38fd62, sendKeysToElement {id=f.5EF37DF765E38414B0ACF33BCE128FBC.d.547A1AF873CF7B38397A6A4FA07C2902.e.71, value=[Ljava.lang.CharSequence;@72b43104}]
Capabilities {acceptInsecureCerts: false, browserName: chrome, browserVersion: 137.0.7151.104, chrome: {chromedriverVersion: 137.0.7151.40 (84781974514a..., userDataDir: C:\Users\kalin\AppData\Loca...}, fedcm:accounts: true, goog:chromeOptions: {debuggerAddress: localhost:56017}, networkConnectionEnabled: false, pageLoadStrategy: normal, platformName: windows, proxy: Proxy(), se:cdp: ws://localhost:56017/devtoo..., se:cdpVersion: 137.0.7151.104, setWindowRect: true, strictFileInteractability: false, timeouts: {implicit: 0, pageLoad: 300000, script: 30000}, unhandledPromptBehavior: dismiss and notify, webauthn:extension:credBlob: true, webauthn:extension:largeBlob: true, webauthn:extension:minPinLength: true, webauthn:extension:prf: true, webauthn:virtualAuthenticators: true}
Element: [[ChromeDriver: chrome on windows (2c1889933e430fe83df96291ad38fd62)] -> xpath: //input[@placeholder='Name']]
Session ID: 2c1889933e430fe83df96291ad38fd62
21:26:01.823 INFO  manager.WDListener - ******************************
21:26:01.836 INFO  manager.TestNGListener - Start test --->removeAllContacts
21:26:01.836 INFO  manager.TestNGListener - Skipped test --->removeAllContacts
21:26:01.839 INFO  manager.TestNGListener - Start test --->removeAllContacts2
21:26:01.840 INFO  manager.TestNGListener - Skipped test --->removeAllContacts2
21:26:01.840 INFO  manager.TestNGListener - Start test --->removeFirstContact
21:26:01.840 INFO  manager.TestNGListener - Skipped test --->removeFirstContact
21:26:01.840 INFO  manager.TestNGListener - Start test --->removeFirstContact2
21:26:01.840 INFO  manager.TestNGListener - Skipped test --->removeFirstContact2
